Cycle 0  Time 0.81651206650085  MaxDepth 2  Grids 46  Memory(MB) 172.734  Ratio 1.86647
  Level 0  Grids 12  Memory(MB) 126.64  Coverage 1  Ratio 1.50072  Flagged 0  Active 2097152
  Level 1  Grids 16  Memory(MB) 3.92224  Coverage 0.00938559  Ratio 1.88653  Flagged 0  Active 157464
  Level 2  Grids 18  Memory(MB) 42.172  Coverage 0.00507736  Ratio 2.09246  Flagged 0  Active 681472
  Level 3  Grids 0  Memory(MB) 0  Coverage 0  Ratio 0  Flagged 0  Active 0
  Level 4  Grids 0  Memory(MB) 0  Coverage 0  Ratio 0  Flagged 0  Active 0

Cycle 1  Time 0.83488321959675  MaxDepth 2  Grids 46  Memory(MB) 172.734  Ratio 1.86647
  Level 0  Grids 12  Memory(MB) 126.638  Coverage 1  Ratio 1.50072  Flagged 0  Active 2097152
  Level 1  Grids 16  Memory(MB) 3.91474  Coverage 0.00938559  Ratio 1.88653  Flagged 0  Active 157464
  Level 2  Grids 18  Memory(MB) 42.1818  Coverage 0.00507736  Ratio 2.09246  Flagged 0  Active 681472
  Level 3  Grids 0  Memory(MB) 0  Coverage 0  Ratio 0  Flagged 0  Active 0
  Level 4  Grids 0  Memory(MB) 0  Coverage 0  Ratio 0  Flagged 0  Active 0

Cycle 2  Time 0.85366771432467  MaxDepth 2  Grids 46  Memory(MB) 172.734  Ratio 1.86647
  Level 0  Grids 12  Memory(MB) 126.636  Coverage 1  Ratio 1.50072  Flagged 0  Active 2097152
  Level 1  Grids 16  Memory(MB) 3.90498  Coverage 0.00938559  Ratio 1.88653  Flagged 0  Active 157464
  Level 2  Grids 18  Memory(MB) 42.1933  Coverage 0.00507736  Ratio 2.09246  Flagged 0  Active 681472
  Level 3  Grids 0  Memory(MB) 0  Coverage 0  Ratio 0  Flagged 0  Active 0
  Level 4  Grids 0  Memory(MB) 0  Coverage 0  Ratio 0  Flagged 0  Active 0

Cycle 3  Time 0.87287485061897  MaxDepth 2  Grids 46  Memory(MB) 172.734  Ratio 1.86647
  Level 0  Grids 12  Memory(MB) 126.634  Coverage 1  Ratio 1.50072  Flagged 0  Active 2097152
  Level 1  Grids 16  Memory(MB) 3.8957  Coverage 0.00938559  Ratio 1.88653  Flagged 0  Active 157464
  Level 2  Grids 18  Memory(MB) 42.2041  Coverage 0.00507736  Ratio 2.09246  Flagged 0  Active 681472
  Level 3  Grids 0  Memory(MB) 0  Coverage 0  Ratio 0  Flagged 0  Active 0
  Level 4  Grids 0  Memory(MB) 0  Coverage 0  Ratio 0  Flagged 0  Active 0

Cycle 4  Time 0.89251413765389  MaxDepth 2  Grids 46  Memory(MB) 172.734  Ratio 1.86647
  Level 0  Grids 12  Memory(MB) 126.633  Coverage 1  Ratio 1.50072  Flagged 0  Active 2097152
  Level 1  Grids 16  Memory(MB) 3.88399  Coverage 0.00938559  Ratio 1.88653  Flagged 0  Active 157464
  Level 2  Grids 18  Memory(MB) 42.2172  Coverage 0.00507736  Ratio 2.09246  Flagged 0  Active 681472
  Level 3  Grids 0  Memory(MB) 0  Coverage 0  Ratio 0  Flagged 0  Active 0
  Level 4  Grids 0  Memory(MB) 0  Coverage 0  Ratio 0  Flagged 0  Active 0

Cycle 5  Time 0.91259529855103  MaxDepth 2  Grids 46  Memory(MB) 172.734  Ratio 1.86647
  Level 0  Grids 12  Memory(MB) 126.631  Coverage 1  Ratio 1.50072  Flagged 0  Active 2097152
  Level 1  Grids 16  Memory(MB) 3.8713  Coverage 0.00938559  Ratio 1.88653  Flagged 0  Active 157464
  Level 2  Grids 18  Memory(MB) 42.2315  Coverage 0.00507736  Ratio 2.09246  Flagged 0  Active 681472
  Level 3  Grids 0  Memory(MB) 0  Coverage 0  Ratio 0  Flagged 0  Active 0
  Level 4  Grids 0  Memory(MB) 0  Coverage 0  Ratio 0  Flagged 0  Active 0

Cycle 6  Time 0.93312827519279  MaxDepth 2  Grids 46  Memory(MB) 172.734  Ratio 1.86647
  Level 0  Grids 12  Memory(MB) 126.628  Coverage 1  Ratio 1.50072  Flagged 0  Active 2097152
  Level 1  Grids 16  Memory(MB) 3.85824  Coverage 0.00938559  Ratio 1.88653  Flagged 0  Active 157464
  Level 2  Grids 18  Memory(MB) 42.2476  Coverage 0.00507736  Ratio 2.09246  Flagged 0  Active 681472
  Level 3  Grids 0  Memory(MB) 0  Coverage 0  Ratio 0  Flagged 0  Active 0
  Level 4  Grids 0  Memory(MB) 0  Coverage 0  Ratio 0  Flagged 0  Active 0

Cycle 7  Time 0.95412323314403  MaxDepth 2  Grids 46  Memory(MB) 172.734  Ratio 1.86647
  Level 0  Grids 12  Memory(MB) 126.626  Coverage 1  Ratio 1.50072  Flagged 0  Active 2097152
  Level 1  Grids 16  Memory(MB) 3.84415  Coverage 0.00938559  Ratio 1.88653  Flagged 0  Active 157464
  Level 2  Grids 18  Memory(MB) 42.2637  Coverage 0.00507736  Ratio 2.09246  Flagged 0  Active 681472
  Level 3  Grids 0  Memory(MB) 0  Coverage 0  Ratio 0  Flagged 0  Active 0
  Level 4  Grids 0  Memory(MB) 0  Coverage 0  Ratio 0  Flagged 0  Active 0

Cycle 8  Time 0.97559056668441  MaxDepth 2  Grids 46  Memory(MB) 172.734  Ratio 1.86647
  Level 0  Grids 12  Memory(MB) 126.625  Coverage 1  Ratio 1.50072  Flagged 0  Active 2097152
  Level 1  Grids 16  Memory(MB) 3.82987  Coverage 0.00938559  Ratio 1.88653  Flagged 0  Active 157464
  Level 2  Grids 18  Memory(MB) 42.2797  Coverage 0.00507736  Ratio 2.09246  Flagged 0  Active 681472
  Level 3  Grids 0  Memory(MB) 0  Coverage 0  Ratio 0  Flagged 0  Active 0
  Level 4  Grids 0  Memory(MB) 0  Coverage 0  Ratio 0  Flagged 0  Active 0

Cycle 9  Time 0.997540903954  MaxDepth 2  Grids 46  Memory(MB) 172.734  Ratio 1.86647
  Level 0  Grids 12  Memory(MB) 126.623  Coverage 1  Ratio 1.50072  Flagged 0  Active 2097152
  Level 1  Grids 16  Memory(MB) 3.81578  Coverage 0.00938559  Ratio 1.88653  Flagged 0  Active 157464
  Level 2  Grids 18  Memory(MB) 42.2955  Coverage 0.00507736  Ratio 2.09246  Flagged 0  Active 681472
  Level 3  Grids 0  Memory(MB) 0  Coverage 0  Ratio 0  Flagged 0  Active 0
  Level 4  Grids 0  Memory(MB) 0  Coverage 0  Ratio 0  Flagged 0  Active 0

Cycle 10  Time 1.0199851122146  MaxDepth 2  Grids 46  Memory(MB) 172.734  Ratio 1.86647
  Level 0  Grids 12  Memory(MB) 126.621  Coverage 1  Ratio 1.50072  Flagged 0  Active 2097152
  Level 1  Grids 16  Memory(MB) 3.79949  Coverage 0.00938559  Ratio 1.88653  Flagged 0  Active 157464
  Level 2  Grids 18  Memory(MB) 42.314  Coverage 0.00507736  Ratio 2.09246  Flagged 0  Active 681472
  Level 3  Grids 0  Memory(MB) 0  Coverage 0  Ratio 0  Flagged 0  Active 0
  Level 4  Grids 0  Memory(MB) 0  Coverage 0  Ratio 0  Flagged 0  Active 0

Cycle 11  Time 1.0429343032296  MaxDepth 2  Grids 46  Memory(MB) 172.734  Ratio 1.86647
  Level 0  Grids 12  Memory(MB) 126.619  Coverage 1  Ratio 1.50072  Flagged 0  Active 2097152
  Level 1  Grids 16  Memory(MB) 3.78198  Coverage 0.00938559  Ratio 1.88653  Flagged 0  Active 157464
  Level 2  Grids 18  Memory(MB) 42.3329  Coverage 0.00507736  Ratio 2.09246  Flagged 0  Active 681472
  Level 3  Grids 0  Memory(MB) 0  Coverage 0  Ratio 0  Flagged 0  Active 0
  Level 4  Grids 0  Memory(MB) 0  Coverage 0  Ratio 0  Flagged 0  Active 0

Cycle 12  Time 1.0663998387641  MaxDepth 2  Grids 46  Memory(MB) 172.734  Ratio 1.86647
  Level 0  Grids 12  Memory(MB) 126.618  Coverage 1  Ratio 1.50072  Flagged 0  Active 2097152
  Level 1  Grids 16  Memory(MB) 3.7674  Coverage 0.00938559  Ratio 1.88653  Flagged 0  Active 157464
  Level 2  Grids 18  Memory(MB) 42.3491  Coverage 0.00507736  Ratio 2.09246  Flagged 0  Active 681472
  Level 3  Grids 0  Memory(MB) 0  Coverage 0  Ratio 0  Flagged 0  Active 0
  Level 4  Grids 0  Memory(MB) 0  Coverage 0  Ratio 0  Flagged 0  Active 0

Cycle 13  Time 1.0903933362101  MaxDepth 2  Grids 46  Memory(MB) 172.734  Ratio 1.86647
  Level 0  Grids 12  Memory(MB) 126.616  Coverage 1  Ratio 1.50072  Flagged 0  Active 2097152
  Level 1  Grids 16  Memory(MB) 3.75428  Coverage 0.00938559  Ratio 1.88653  Flagged 0  Active 157464
  Level 2  Grids 18  Memory(MB) 42.3642  Coverage 0.00507736  Ratio 2.09246  Flagged 0  Active 681472
  Level 3  Grids 0  Memory(MB) 0  Coverage 0  Ratio 0  Flagged 0  Active 0
  Level 4  Grids 0  Memory(MB) 0  Coverage 0  Ratio 0  Flagged 0  Active 0

Cycle 14  Time 1.1149266743368  MaxDepth 2  Grids 46  Memory(MB) 172.734  Ratio 1.86647
  Level 0  Grids 12  Memory(MB) 126.613  Coverage 1  Ratio 1.50072  Flagged 0  Active 2097152
  Level 1  Grids 16  Memory(MB) 3.74495  Coverage 0.00938559  Ratio 1.88653  Flagged 0  Active 157464
  Level 2  Grids 18  Memory(MB) 42.3758  Coverage 0.00507736  Ratio 2.09246  Flagged 0  Active 681472
  Level 3  Grids 0  Memory(MB) 0  Coverage 0  Ratio 0  Flagged 0  Active 0
  Level 4  Grids 0  Memory(MB) 0  Coverage 0  Ratio 0  Flagged 0  Active 0

Cycle 15  Time 1.1400119991719  MaxDepth 2  Grids 46  Memory(MB) 172.734  Ratio 1.86647
  Level 0  Grids 12  Memory(MB) 126.612  Coverage 1  Ratio 1.50072  Flagged 0  Active 2097152
  Level 1  Grids 16  Memory(MB) 3.73457  Coverage 0.00938559  Ratio 1.88653  Flagged 0  Active 157464
  Level 2  Grids 18  Memory(MB) 42.388  Coverage 0.00507736  Ratio 2.09246  Flagged 0  Active 681472
  Level 3  Grids 0  Memory(MB) 0  Coverage 0  Ratio 0  Flagged 0  Active 0
  Level 4  Grids 0  Memory(MB) 0  Coverage 0  Ratio 0  Flagged 0  Active 0

Cycle 16  Time 1.1656617300148  MaxDepth 2  Grids 46  Memory(MB) 172.734  Ratio 1.86647
  Level 0  Grids 12  Memory(MB) 126.61  Coverage 1  Ratio 1.50072  Flagged 0  Active 2097152
  Level 1  Grids 16  Memory(MB) 3.72646  Coverage 0.00938559  Ratio 1.88653  Flagged 0  Active 157464
  Level 2  Grids 18  Memory(MB) 42.3975  Coverage 0.00507736  Ratio 2.09246  Flagged 0  Active 681472
  Level 3  Grids 0  Memory(MB) 0  Coverage 0  Ratio 0  Flagged 0  Active 0
  Level 4  Grids 0  Memory(MB) 0  Coverage 0  Ratio 0  Flagged 0  Active 0

Cycle 17  Time 1.1918885655813  MaxDepth 2  Grids 46  Memory(MB) 172.734  Ratio 1.86647
  Level 0  Grids 12  Memory(MB) 126.608  Coverage 1  Ratio 1.50072  Flagged 0  Active 2097152
  Level 1  Grids 16  Memory(MB) 3.71761  Coverage 0.00938559  Ratio 1.88653  Flagged 0  Active 157464
  Level 2  Grids 18  Memory(MB) 42.4089  Coverage 0.00507736  Ratio 2.09246  Flagged 0  Active 681472
  Level 3  Grids 0  Memory(MB) 0  Coverage 0  Ratio 0  Flagged 0  Active 0
  Level 4  Grids 0  Memory(MB) 0  Coverage 0  Ratio 0  Flagged 0  Active 0

Cycle 18  Time 1.2187054902911  MaxDepth 2  Grids 46  Memory(MB) 172.734  Ratio 1.86647
  Level 0  Grids 12  Memory(MB) 126.604  Coverage 1  Ratio 1.50072  Flagged 0  Active 2097152
  Level 1  Grids 16  Memory(MB) 3.70822  Coverage 0.00938559  Ratio 1.88653  Flagged 0  Active 157464
  Level 2  Grids 18  Memory(MB) 42.4216  Coverage 0.00507736  Ratio 2.09246  Flagged 0  Active 681472
  Level 3  Grids 0  Memory(MB) 0  Coverage 0  Ratio 0  Flagged 0  Active 0
  Level 4  Grids 0  Memory(MB) 0  Coverage 0  Ratio 0  Flagged 0  Active 0

Cycle 19  Time 1.2461257806956  MaxDepth 2  Grids 46  Memory(MB) 172.734  Ratio 1.86647
  Level 0  Grids 12  Memory(MB) 126.601  Coverage 1  Ratio 1.50072  Flagged 0  Active 2097152
  Level 1  Grids 16  Memory(MB) 3.69858  Coverage 0.00938559  Ratio 1.88653  Flagged 0  Active 157464
  Level 2  Grids 18  Memory(MB) 42.4349  Coverage 0.00507736  Ratio 2.09246  Flagged 0  Active 681472
  Level 3  Grids 0  Memory(MB) 0  Coverage 0  Ratio 0  Flagged 0  Active 0
  Level 4  Grids 0  Memory(MB) 0  Coverage 0  Ratio 0  Flagged 0  Active 0

Cycle 20  Time 1.2741630120497  MaxDepth 2  Grids 46  Memory(MB) 172.734  Ratio 1.86647
  Level 0  Grids 12  Memory(MB) 126.599  Coverage 1  Ratio 1.50072  Flagged 0  Active 2097152
  Level 1  Grids 16  Memory(MB) 3.68516  Coverage 0.00938559  Ratio 1.88653  Flagged 0  Active 157464
  Level 2  Grids 18  Memory(MB) 42.4505  Coverage 0.00507736  Ratio 2.09246  Flagged 0  Active 681472
  Level 3  Grids 0  Memory(MB) 0  Coverage 0  Ratio 0  Flagged 0  Active 0
  Level 4  Grids 0  Memory(MB) 0  Coverage 0  Ratio 0  Flagged 0  Active 0

Cycle 21  Time 1.3028310650317  MaxDepth 2  Grids 46  Memory(MB) 172.734  Ratio 1.86647
  Level 0  Grids 12  Memory(MB) 126.595  Coverage 1  Ratio 1.50072  Flagged 0  Active 2097152
  Level 1  Grids 16  Memory(MB) 3.67393  Coverage 0.00938559  Ratio 1.88653  Flagged 0  Active 157464
  Level 2  Grids 18  Memory(MB) 42.4648  Coverage 0.00507736  Ratio 2.09246  Flagged 0  Active 681472
  Level 3  Grids 0  Memory(MB) 0  Coverage 0  Ratio 0  Flagged 0  Active 0
  Level 4  Grids 0  Memory(MB) 0  Coverage 0  Ratio 0  Flagged 0  Active 0

Cycle 22  Time 1.3321441326142  MaxDepth 2  Grids 46  Memory(MB) 172.734  Ratio 1.86647
  Level 0  Grids 12  Memory(MB) 126.594  Coverage 1  Ratio 1.50072  Flagged 0  Active 2097152
  Level 1  Grids 16  Memory(MB) 3.66051  Coverage 0.00938559  Ratio 1.88653  Flagged 0  Active 157464
  Level 2  Grids 18  Memory(MB) 42.48  Coverage 0.00507736  Ratio 2.09246  Flagged 0  Active 681472
  Level 3  Grids 0  Memory(MB) 0  Coverage 0  Ratio 0  Flagged 0  Active 0
  Level 4  Grids 0  Memory(MB) 0  Coverage 0  Ratio 0  Flagged 0  Active 0

Cycle 23  Time 1.3621167270897  MaxDepth 2  Grids 46  Memory(MB) 172.734  Ratio 1.86647
  Level 0  Grids 12  Memory(MB) 126.591  Coverage 1  Ratio 1.50072  Flagged 0  Active 2097152
  Level 1  Grids 16  Memory(MB) 3.64745  Coverage 0.00938559  Ratio 1.88653  Flagged 0  Active 157464
  Level 2  Grids 18  Memory(MB) 42.4953  Coverage 0.00507736  Ratio 2.09246  Flagged 0  Active 681472
  Level 3  Grids 0  Memory(MB) 0  Coverage 0  Ratio 0  Flagged 0  Active 0
  Level 4  Grids 0  Memory(MB) 0  Coverage 0  Ratio 0  Flagged 0  Active 0

Cycle 24  Time 1.3927636872537  MaxDepth 2  Grids 46  Memory(MB) 172.734  Ratio 1.86647
  Level 0  Grids 12  Memory(MB) 126.589  Coverage 1  Ratio 1.50072  Flagged 0  Active 2097152
  Level 1  Grids 16  Memory(MB) 3.63391  Coverage 0.00938559  Ratio 1.88653  Flagged 0  Active 157464
  Level 2  Grids 18  Memory(MB) 42.5117  Coverage 0.00507736  Ratio 2.09246  Flagged 0  Active 681472
  Level 3  Grids 0  Memory(MB) 0  Coverage 0  Ratio 0  Flagged 0  Active 0
  Level 4  Grids 0  Memory(MB) 0  Coverage 0  Ratio 0  Flagged 0  Active 0

Cycle 25  Time 1.4241001857501  MaxDepth 2  Grids 46  Memory(MB) 172.734  Ratio 1.86647
  Level 0  Grids 12  Memory(MB) 126.586  Coverage 1  Ratio 1.50072  Flagged 0  Active 2097152
  Level 1  Grids 16  Memory(MB) 3.62134  Coverage 0.00938559  Ratio 1.88653  Flagged 0  Active 157464
  Level 2  Grids 18  Memory(MB) 42.5266  Coverage 0.00507736  Ratio 2.09246  Flagged 0  Active 681472
  Level 3  Grids 0  Memory(MB) 0  Coverage 0  Ratio 0  Flagged 0  Active 0
  Level 4  Grids 0  Memory(MB) 0  Coverage 0  Ratio 0  Flagged 0  Active 0

Cycle 26  Time 1.4561417365815  MaxDepth 2  Grids 46  Memory(MB) 172.734  Ratio 1.86647
  Level 0  Grids 12  Memory(MB) 126.584  Coverage 1  Ratio 1.50072  Flagged 0  Active 2097152
  Level 1  Grids 16  Memory(MB) 3.60828  Coverage 0.00938559  Ratio 1.88653  Flagged 0  Active 157464
  Level 2  Grids 18  Memory(MB) 42.5416  Coverage 0.00507736  Ratio 2.09246  Flagged 0  Active 681472
  Level 3  Grids 0  Memory(MB) 0  Coverage 0  Ratio 0  Flagged 0  Active 0
  Level 4  Grids 0  Memory(MB) 0  Coverage 0  Ratio 0  Flagged 0  Active 0

Cycle 27  Time 1.4889042027877  MaxDepth 2  Grids 46  Memory(MB) 172.734  Ratio 1.86647
  Level 0  Grids 12  Memory(MB) 126.582  Coverage 1  Ratio 1.50072  Flagged 0  Active 2097152
  Level 1  Grids 16  Memory(MB) 3.59419  Coverage 0.00938559  Ratio 1.88653  Flagged 0  Active 157464
  Level 2  Grids 18  Memory(MB) 42.5577  Coverage 0.00507736  Ratio 2.09246  Flagged 0  Active 681472
  Level 3  Grids 0  Memory(MB) 0  Coverage 0  Ratio 0  Flagged 0  Active 0
  Level 4  Grids 0  Memory(MB) 0  Coverage 0  Ratio 0  Flagged 0  Active 0

Cycle 28  Time 1.522403804298  MaxDepth 2  Grids 46  Memory(MB) 172.734  Ratio 1.86647
  Level 0  Grids 12  Memory(MB) 126.581  Coverage 1  Ratio 1.50072  Flagged 0  Active 2097152
  Level 1  Grids 16  Memory(MB) 3.57888  Coverage 0.00938559  Ratio 1.88653  Flagged 0  Active 157464
  Level 2  Grids 18  Memory(MB) 42.5745  Coverage 0.00507736  Ratio 2.09246  Flagged 0  Active 681472
  Level 3  Grids 0  Memory(MB) 0  Coverage 0  Ratio 0  Flagged 0  Active 0
  Level 4  Grids 0  Memory(MB) 0  Coverage 0  Ratio 0  Flagged 0  Active 0

Cycle 29  Time 1.5566571259621  MaxDepth 2  Grids 46  Memory(MB) 172.734  Ratio 1.86647
  Level 0  Grids 12  Memory(MB) 126.58  Coverage 1  Ratio 1.50072  Flagged 0  Active 2097152
  Level 1  Grids 16  Memory(MB) 3.56222  Coverage 0.00938559  Ratio 1.88653  Flagged 0  Active 157464
  Level 2  Grids 18  Memory(MB) 42.5922  Coverage 0.00507736  Ratio 2.09246  Flagged 0  Active 681472
  Level 3  Grids 0  Memory(MB) 0  Coverage 0  Ratio 0  Flagged 0  Active 0
  Level 4  Grids 0  Memory(MB) 0  Coverage 0  Ratio 0  Flagged 0  Active 0

Cycle 30  Time 1.5916811257572  MaxDepth 2  Grids 46  Memory(MB) 172.734  Ratio 1.86647
  Level 0  Grids 12  Memory(MB) 126.579  Coverage 1  Ratio 1.50072  Flagged 0  Active 2097152
  Level 1  Grids 16  Memory(MB) 3.54526  Coverage 0.00938559  Ratio 1.88653  Flagged 0  Active 157464
  Level 2  Grids 18  Memory(MB) 42.6103  Coverage 0.00507736  Ratio 2.09246  Flagged 0  Active 681472
  Level 3  Grids 0  Memory(MB) 0  Coverage 0  Ratio 0  Flagged 0  Active 0
  Level 4  Grids 0  Memory(MB) 0  Coverage 0  Ratio 0  Flagged 0  Active 0

Cycle 31  Time 1.6274931431778  MaxDepth 2  Grids 46  Memory(MB) 172.734  Ratio 1.86647
  Level 0  Grids 12  Memory(MB) 126.577  Coverage 1  Ratio 1.50072  Flagged 0  Active 2097152
  Level 1  Grids 16  Memory(MB) 3.52879  Coverage 0.00938559  Ratio 1.88653  Flagged 0  Active 157464
  Level 2  Grids 18  Memory(MB) 42.6283  Coverage 0.00507736  Ratio 2.09246  Flagged 0  Active 681472
  Level 3  Grids 0  Memory(MB) 0  Coverage 0  Ratio 0  Flagged 0  Active 0
  Level 4  Grids 0  Memory(MB) 0  Coverage 0  Ratio 0  Flagged 0  Active 0

Cycle 32  Time 1.6641109078204  MaxDepth 2  Grids 46  Memory(MB) 172.734  Ratio 1.86647
  Level 0  Grids 12  Memory(MB) 126.576  Coverage 1  Ratio 1.50072  Flagged 0  Active 2097152
  Level 1  Grids 16  Memory(MB) 3.51311  Coverage 0.00938559  Ratio 1.88653  Flagged 0  Active 157464
  Level 2  Grids 18  Memory(MB) 42.645  Coverage 0.00507736  Ratio 2.09246  Flagged 0  Active 681472
  Level 3  Grids 0  Memory(MB) 0  Coverage 0  Ratio 0  Flagged 0  Active 0
  Level 4  Grids 0  Memory(MB) 0  Coverage 0  Ratio 0  Flagged 0  Active 0

Cycle 33  Time 1.7015525481592  MaxDepth 2  Grids 46  Memory(MB) 172.734  Ratio 1.86647
  Level 0  Grids 12  Memory(MB) 126.575  Coverage 1  Ratio 1.50072  Flagged 0  Active 2097152
  Level 1  Grids 16  Memory(MB) 3.4956  Coverage 0.00938559  Ratio 1.88653  Flagged 0  Active 157464
  Level 2  Grids 18  Memory(MB) 42.6635  Coverage 0.00507736  Ratio 2.09246  Flagged 0  Active 681472
  Level 3  Grids 0  Memory(MB) 0  Coverage 0  Ratio 0  Flagged 0  Active 0
  Level 4  Grids 0  Memory(MB) 0  Coverage 0  Ratio 0  Flagged 0  Active 0

Cycle 34  Time 1.7398366005179  MaxDepth 2  Grids 46  Memory(MB) 172.734  Ratio 1.86647
  Level 0  Grids 12  Memory(MB) 126.575  Coverage 1  Ratio 1.50072  Flagged 0  Active 2097152
  Level 1  Grids 16  Memory(MB) 3.47851  Coverage 0.00938559  Ratio 1.88653  Flagged 0  Active 157464
  Level 2  Grids 18  Memory(MB) 42.681  Coverage 0.00507736  Ratio 2.09246  Flagged 0  Active 681472
  Level 3  Grids 0  Memory(MB) 0  Coverage 0  Ratio 0  Flagged 0  Active 0
  Level 4  Grids 0  Memory(MB) 0  Coverage 0  Ratio 0  Flagged 0  Active 0

Cycle 35  Time 1.7789820182445  MaxDepth 2  Grids 46  Memory(MB) 172.734  Ratio 1.86647
  Level 0  Grids 12  Memory(MB) 126.574  Coverage 1  Ratio 1.50072  Flagged 0  Active 2097152
  Level 1  Grids 16  Memory(MB) 3.46314  Coverage 0.00938559  Ratio 1.88653  Flagged 0  Active 157464
  Level 2  Grids 18  Memory(MB) 42.6967  Coverage 0.00507736  Ratio 2.09246  Flagged 0  Active 681472
  Level 3  Grids 0  Memory(MB) 0  Coverage 0  Ratio 0  Flagged 0  Active 0
  Level 4  Grids 0  Memory(MB) 0  Coverage 0  Ratio 0  Flagged 0  Active 0

Cycle 36  Time 1.8190081810915  MaxDepth 2  Grids 46  Memory(MB) 172.734  Ratio 1.86647
  Level 0  Grids 12  Memory(MB) 126.574  Coverage 1  Ratio 1.50072  Flagged 0  Active 2097152
  Level 1  Grids 16  Memory(MB) 3.4499  Coverage 0.00938559  Ratio 1.88653  Flagged 0  Active 157464
  Level 2  Grids 18  Memory(MB) 42.7105  Coverage 0.00507736  Ratio 2.09246  Flagged 0  Active 681472
  Level 3  Grids 0  Memory(MB) 0  Coverage 0  Ratio 0  Flagged 0  Active 0
  Level 4  Grids 0  Memory(MB) 0  Coverage 0  Ratio 0  Flagged 0  Active 0

Cycle 37  Time 1.8599349048072  MaxDepth 2  Grids 46  Memory(MB) 172.734  Ratio 1.86647
  Level 0  Grids 12  Memory(MB) 126.573  Coverage 1  Ratio 1.50072  Flagged 0  Active 2097152
  Level 1  Grids 16  Memory(MB) 3.43715  Coverage 0.00938559  Ratio 1.88653  Flagged 0  Active 157464
  Level 2  Grids 18  Memory(MB) 42.7238  Coverage 0.00507736  Ratio 2.09246  Flagged 0  Active 681472
  Level 3  Grids 0  Memory(MB) 0  Coverage 0  Ratio 0  Flagged 0  Active 0
  Level 4  Grids 0  Memory(MB) 0  Coverage 0  Ratio 0  Flagged 0  Active 0

Cycle 38  Time 1.9017824509424  MaxDepth 2  Grids 46  Memory(MB) 172.734  Ratio 1.86647
  Level 0  Grids 12  Memory(MB) 126.571  Coverage 1  Ratio 1.50072  Flagged 0  Active 2097152
  Level 1  Grids 16  Memory(MB) 3.42385  Coverage 0.00938559  Ratio 1.88653  Flagged 0  Active 157464
  Level 2  Grids 18  Memory(MB) 42.7391  Coverage 0.00507736  Ratio 2.09246  Flagged 0  Active 681472
  Level 3  Grids 0  Memory(MB) 0  Coverage 0  Ratio 0  Flagged 0  Active 0
  Level 4  Grids 0  Memory(MB) 0  Coverage 0  Ratio 0  Flagged 0  Active 0

Cycle 39  Time 1.9445715368786  MaxDepth 2  Grids 46  Memory(MB) 172.734  Ratio 1.86647
  Level 0  Grids 12  Memory(MB) 126.57  Coverage 1  Ratio 1.50072  Flagged 0  Active 2097152
  Level 1  Grids 16  Memory(MB) 3.40994  Coverage 0.00938559  Ratio 1.88653  Flagged 0  Active 157464
  Level 2  Grids 18  Memory(MB) 42.7547  Coverage 0.00507736  Ratio 2.09246  Flagged 0  Active 681472
  Level 3  Grids 0  Memory(MB) 0  Coverage 0  Ratio 0  Flagged 0  Active 0
  Level 4  Grids 0  Memory(MB) 0  Coverage 0  Ratio 0  Flagged 0  Active 0

Cycle 40  Time 1.9883233460798  MaxDepth 2  Grids 46  Memory(MB) 172.734  Ratio 1.86647
  Level 0  Grids 12  Memory(MB) 126.567  Coverage 1  Ratio 1.50072  Flagged 0  Active 2097152
  Level 1  Grids 16  Memory(MB) 3.39694  Coverage 0.00938559  Ratio 1.88653  Flagged 0  Active 157464
  Level 2  Grids 18  Memory(MB) 42.7701  Coverage 0.00507736  Ratio 2.09246  Flagged 0  Active 681472
  Level 3  Grids 0  Memory(MB) 0  Coverage 0  Ratio 0  Flagged 0  Active 0
  Level 4  Grids 0  Memory(MB) 0  Coverage 0  Ratio 0  Flagged 0  Active 0

Cycle 41  Time 2.0330595385767  MaxDepth 2  Grids 46  Memory(MB) 172.734  Ratio 1.86647
  Level 0  Grids 12  Memory(MB) 126.565  Coverage 1  Ratio 1.50072  Flagged 0  Active 2097152
  Level 1  Grids 16  Memory(MB) 3.38242  Coverage 0.00938559  Ratio 1.88653  Flagged 0  Active 157464
  Level 2  Grids 18  Memory(MB) 42.7863  Coverage 0.00507736  Ratio 2.09246  Flagged 0  Active 681472
  Level 3  Grids 0  Memory(MB) 0  Coverage 0  Ratio 0  Flagged 0  Active 0
  Level 4  Grids 0  Memory(MB) 0  Coverage 0  Ratio 0  Flagged 0  Active 0

Cycle 42  Time 2.078802261685  MaxDepth 2  Grids 46  Memory(MB) 172.734  Ratio 1.86647
  Level 0  Grids 12  Memory(MB) 126.564  Coverage 1  Ratio 1.50072  Flagged 0  Active 2097152
  Level 1  Grids 16  Memory(MB) 3.36802  Coverage 0.00938559  Ratio 1.88653  Flagged 0  Active 157464
  Level 2  Grids 18  Memory(MB) 42.8018  Coverage 0.00507736  Ratio 2.09246  Flagged 0  Active 681472
  Level 3  Grids 0  Memory(MB) 0  Coverage 0  Ratio 0  Flagged 0  Active 0
  Level 4  Grids 0  Memory(MB) 0  Coverage 0  Ratio 0  Flagged 0  Active 0

Cycle 43  Time 2.1255741609753  MaxDepth 2  Grids 46  Memory(MB) 172.734  Ratio 1.86647
  Level 0  Grids 12  Memory(MB) 126.562  Coverage 1  Ratio 1.50072  Flagged 0  Active 2097152
  Level 1  Grids 16  Memory(MB) 3.35387  Coverage 0.00938559  Ratio 1.88653  Flagged 0  Active 157464
  Level 2  Grids 18  Memory(MB) 42.8184  Coverage 0.00507736  Ratio 2.09246  Flagged 0  Active 681472
  Level 3  Grids 0  Memory(MB) 0  Coverage 0  Ratio 0  Flagged 0  Active 0
  Level 4  Grids 0  Memory(MB) 0  Coverage 0  Ratio 0  Flagged 0  Active 0

Cycle 44  Time 2.1733983914661  MaxDepth 2  Grids 46  Memory(MB) 172.734  Ratio 1.86647
  Level 0  Grids 12  Memory(MB) 126.56  Coverage 1  Ratio 1.50072  Flagged 0  Active 2097152
  Level 1  Grids 16  Memory(MB) 3.33959  Coverage 0.00938559  Ratio 1.88653  Flagged 0  Active 157464
  Level 2  Grids 18  Memory(MB) 42.8344  Coverage 0.00507736  Ratio 2.09246  Flagged 0  Active 681472
  Level 3  Grids 0  Memory(MB) 0  Coverage 0  Ratio 0  Flagged 0  Active 0
  Level 4  Grids 0  Memory(MB) 0  Coverage 0  Ratio 0  Flagged 0  Active 0

Cycle 45  Time 2.222298629081  MaxDepth 2  Grids 46  Memory(MB) 172.734  Ratio 1.86647
  Level 0  Grids 12  Memory(MB) 126.559  Coverage 1  Ratio 1.50072  Flagged 0  Active 2097152
  Level 1  Grids 16  Memory(MB) 3.32611  Coverage 0.00938559  Ratio 1.88653  Flagged 0  Active 157464
  Level 2  Grids 18  Memory(MB) 42.8489  Coverage 0.00507736  Ratio 2.09246  Flagged 0  Active 681472
  Level 3  Grids 0  Memory(MB) 0  Coverage 0  Ratio 0  Flagged 0  Active 0
  Level 4  Grids 0  Memory(MB) 0  Coverage 0  Ratio 0  Flagged 0  Active 0

Cycle 46  Time 2.2722990823688  MaxDepth 2  Grids 46  Memory(MB) 172.734  Ratio 1.86647
  Level 0  Grids 12  Memory(MB) 126.557  Coverage 1  Ratio 1.50072  Flagged 0  Active 2097152
  Level 1  Grids 16  Memory(MB) 3.31226  Coverage 0.00938559  Ratio 1.88653  Flagged 0  Active 157464
  Level 2  Grids 18  Memory(MB) 42.8647  Coverage 0.00507736  Ratio 2.09246  Flagged 0  Active 681472
  Level 3  Grids 0  Memory(MB) 0  Coverage 0  Ratio 0  Flagged 0  Active 0
  Level 4  Grids 0  Memory(MB) 0  Coverage 0  Ratio 0  Flagged 0  Active 0

Cycle 47  Time 2.3234245044821  MaxDepth 2  Grids 46  Memory(MB) 172.734  Ratio 1.86647
  Level 0  Grids 12  Memory(MB) 126.554  Coverage 1  Ratio 1.50072  Flagged 0  Active 2097152
  Level 1  Grids 16  Memory(MB) 3.29865  Coverage 0.00938559  Ratio 1.88653  Flagged 0  Active 157464
  Level 2  Grids 18  Memory(MB) 42.8813  Coverage 0.00507736  Ratio 2.09246  Flagged 0  Active 681472
  Level 3  Grids 0  Memory(MB) 0  Coverage 0  Ratio 0  Flagged 0  Active 0
  Level 4  Grids 0  Memory(MB) 0  Coverage 0  Ratio 0  Flagged 0  Active 0

Cycle 48  Time 2.3757002054254  MaxDepth 2  Grids 46  Memory(MB) 172.734  Ratio 1.86647
  Level 0  Grids 12  Memory(MB) 126.551  Coverage 1  Ratio 1.50072  Flagged 0  Active 2097152
  Level 1  Grids 16  Memory(MB) 3.28328  Coverage 0.00938559  Ratio 1.88653  Flagged 0  Active 157464
  Level 2  Grids 18  Memory(MB) 42.9  Coverage 0.00507736  Ratio 2.09246  Flagged 0  Active 681472
  Level 3  Grids 0  Memory(MB) 0  Coverage 0  Ratio 0  Flagged 0  Active 0
  Level 4  Grids 0  Memory(MB) 0  Coverage 0  Ratio 0  Flagged 0  Active 0

Cycle 49  Time 2.4291520645781  MaxDepth 2  Grids 46  Memory(MB) 172.734  Ratio 1.86647
  Level 0  Grids 12  Memory(MB) 126.548  Coverage 1  Ratio 1.50072  Flagged 0  Active 2097152
  Level 1  Grids 16  Memory(MB) 3.26931  Coverage 0.00938559  Ratio 1.88653  Flagged 0  Active 157464
  Level 2  Grids 18  Memory(MB) 42.9165  Coverage 0.00507736  Ratio 2.09246  Flagged 0  Active 681472
  Level 3  Grids 0  Memory(MB) 0  Coverage 0  Ratio 0  Flagged 0  Active 0
  Level 4  Grids 0  Memory(MB) 0  Coverage 0  Ratio 0  Flagged 0  Active 0

Cycle 50  Time 2.4838065434992  MaxDepth 2  Grids 46  Memory(MB) 172.734  Ratio 1.86647
  Level 0  Grids 12  Memory(MB) 126.543  Coverage 1  Ratio 1.50072  Flagged 0  Active 2097152
  Level 1  Grids 16  Memory(MB) 3.25827  Coverage 0.00938559  Ratio 1.88653  Flagged 0  Active 157464
  Level 2  Grids 18  Memory(MB) 42.9328  Coverage 0.00507736  Ratio 2.09246  Flagged 0  Active 681472
  Level 3  Grids 0  Memory(MB) 0  Coverage 0  Ratio 0  Flagged 0  Active 0
  Level 4  Grids 0  Memory(MB) 0  Coverage 0  Ratio 0  Flagged 0  Active 0

Cycle 51  Time 2.5396906990194  MaxDepth 2  Grids 46  Memory(MB) 172.734  Ratio 1.86647
  Level 0  Grids 12  Memory(MB) 126.538  Coverage 1  Ratio 1.50072  Flagged 0  Active 2097152
  Level 1  Grids 16  Memory(MB) 3.2471  Coverage 0.00938559  Ratio 1.88653  Flagged 0  Active 157464
  Level 2  Grids 18  Memory(MB) 42.9492  Coverage 0.00507736  Ratio 2.09246  Flagged 0  Active 681472
  Level 3  Grids 0  Memory(MB) 0  Coverage 0  Ratio 0  Flagged 0  Active 0
  Level 4  Grids 0  Memory(MB) 0  Coverage 0  Ratio 0  Flagged 0  Active 0

Cycle 52  Time 2.5968321966278  MaxDepth 2  Grids 46  Memory(MB) 172.734  Ratio 1.86647
  Level 0  Grids 12  Memory(MB) 126.532  Coverage 1  Ratio 1.50072  Flagged 0  Active 2097152
  Level 1  Grids 16  Memory(MB) 3.23838  Coverage 0.00938559  Ratio 1.88653  Flagged 0  Active 157464
  Level 2  Grids 18  Memory(MB) 42.9641  Coverage 0.00507736  Ratio 2.09246  Flagged 0  Active 681472
  Level 3  Grids 0  Memory(MB) 0  Coverage 0  Ratio 0  Flagged 0  Active 0
  Level 4  Grids 0  Memory(MB) 0  Coverage 0  Ratio 0  Flagged 0  Active 0

Cycle 53  Time 2.6552593241582  MaxDepth 2  Grids 46  Memory(MB) 172.734  Ratio 1.86647
  Level 0  Grids 12  Memory(MB) 126.525  Coverage 1  Ratio 1.50072  Flagged 0  Active 2097152
  Level 1  Grids 16  Memory(MB) 3.22788  Coverage 0.00938559  Ratio 1.88653  Flagged 0  Active 157464
  Level 2  Grids 18  Memory(MB) 42.981  Coverage 0.00507736  Ratio 2.09246  Flagged 0  Active 681472
  Level 3  Grids 0  Memory(MB) 0  Coverage 0  Ratio 0  Flagged 0  Active 0
  Level 4  Grids 0  Memory(MB) 0  Coverage 0  Ratio 0  Flagged 0  Active 0

Cycle 54  Time 2.7150010057844  MaxDepth 2  Grids 46  Memory(MB) 172.734  Ratio 1.86647
  Level 0  Grids 12  Memory(MB) 126.518  Coverage 1  Ratio 1.50072  Flagged 0  Active 2097152
  Level 1  Grids 16  Memory(MB) 3.22032  Coverage 0.00938559  Ratio 1.88653  Flagged 0  Active 157464
  Level 2  Grids 18  Memory(MB) 42.9958  Coverage 0.00507736  Ratio 2.09246  Flagged 0  Active 681472
  Level 3  Grids 0  Memory(MB) 0  Coverage 0  Ratio 0  Flagged 0  Active 0
  Level 4  Grids 0  Memory(MB) 0  Coverage 0  Ratio 0  Flagged 0  Active 0

Cycle 55  Time 2.7760868163285  MaxDepth 2  Grids 46  Memory(MB) 172.734  Ratio 1.86647
  Level 0  Grids 12  Memory(MB) 126.512  Coverage 1  Ratio 1.50072  Flagged 0  Active 2097152
  Level 1  Grids 16  Memory(MB) 3.21385  Coverage 0.00938559  Ratio 1.88653  Flagged 0  Active 157464
  Level 2  Grids 18  Memory(MB) 43.0087  Coverage 0.00507736  Ratio 2.09246  Flagged 0  Active 681472
  Level 3  Grids 0  Memory(MB) 0  Coverage 0  Ratio 0  Flagged 0  Active 0
  Level 4  Grids 0  Memory(MB) 0  Coverage 0  Ratio 0  Flagged 0  Active 0

Cycle 56  Time 2.838546995891  MaxDepth 2  Grids 46  Memory(MB) 172.734  Ratio 1.86647
  Level 0  Grids 12  Memory(MB) 126.506  Coverage 1  Ratio 1.50072  Flagged 0  Active 2097152
  Level 1  Grids 16  Memory(MB) 3.20555  Coverage 0.00938559  Ratio 1.88653  Flagged 0  Active 157464
  Level 2  Grids 18  Memory(MB) 43.0227  Coverage 0.00507736  Ratio 2.09246  Flagged 0  Active 681472
  Level 3  Grids 0  Memory(MB) 0  Coverage 0  Ratio 0  Flagged 0  Active 0
  Level 4  Grids 0  Memory(MB) 0  Coverage 0  Ratio 0  Flagged 0  Active 0

Cycle 57  Time 2.9024124648421  MaxDepth 2  Grids 46  Memory(MB) 172.734  Ratio 1.86647
  Level 0  Grids 12  Memory(MB) 126.5  Coverage 1  Ratio 1.50072  Flagged 0  Active 2097152
  Level 1  Grids 16  Memory(MB) 3.19677  Coverage 0.00938559  Ratio 1.88653  Flagged 0  Active 157464
  Level 2  Grids 18  Memory(MB) 43.0371  Coverage 0.00507736  Ratio 2.09246  Flagged 0  Active 681472
  Level 3  Grids 0  Memory(MB) 0  Coverage 0  Ratio 0  Flagged 0  Active 0
  Level 4  Grids 0  Memory(MB) 0  Coverage 0  Ratio 0  Flagged 0  Active 0

Cycle 58  Time 2.9677148390595  MaxDepth 2  Grids 46  Memory(MB) 172.734  Ratio 1.86647
  Level 0  Grids 12  Memory(MB) 126.495  Coverage 1  Ratio 1.50072  Flagged 0  Active 2097152
  Level 1  Grids 16  Memory(MB) 3.18786  Coverage 0.00938559  Ratio 1.88653  Flagged 0  Active 157464
  Level 2  Grids 18  Memory(MB) 43.0511  Coverage 0.00507736  Ratio 2.09246  Flagged 0  Active 681472
  Level 3  Grids 0  Memory(MB) 0  Coverage 0  Ratio 0  Flagged 0  Active 0
  Level 4  Grids 0  Memory(MB) 0  Coverage 0  Ratio 0  Flagged 0  Active 0

Cycle 59  Time 3.0344864455886  MaxDepth 2  Grids 46  Memory(MB) 172.734  Ratio 1.86647
  Level 0  Grids 12  Memory(MB) 126.491  Coverage 1  Ratio 1.50072  Flagged 0  Active 2097152
  Level 1  Grids 16  Memory(MB) 3.17706  Coverage 0.00938559  Ratio 1.88653  Flagged 0  Active 157464
  Level 2  Grids 18  Memory(MB) 43.0659  Coverage 0.00507736  Ratio 2.09246  Flagged 0  Active 681472
  Level 3  Grids 0  Memory(MB) 0  Coverage 0  Ratio 0  Flagged 0  Active 0
  Level 4  Grids 0  Memory(MB) 0  Coverage 0  Ratio 0  Flagged 0  Active 0

Cycle 60  Time 3.1027603386339  MaxDepth 2  Grids 46  Memory(MB) 172.734  Ratio 1.86647
  Level 0  Grids 12  Memory(MB) 126.487  Coverage 1  Ratio 1.50072  Flagged 0  Active 2097152
  Level 1  Grids 16  Memory(MB) 3.1648  Coverage 0.00938559  Ratio 1.88653  Flagged 0  Active 157464
  Level 2  Grids 18  Memory(MB) 43.0822  Coverage 0.00507736  Ratio 2.09246  Flagged 0  Active 681472
  Level 3  Grids 0  Memory(MB) 0  Coverage 0  Ratio 0  Flagged 0  Active 0
  Level 4  Grids 0  Memory(MB) 0  Coverage 0  Ratio 0  Flagged 0  Active 0

Cycle 61  Time 3.1725703159075  MaxDepth 2  Grids 46  Memory(MB) 172.734  Ratio 1.86647
  Level 0  Grids 12  Memory(MB) 126.483  Coverage 1  Ratio 1.50072  Flagged 0  Active 2097152
  Level 1  Grids 16  Memory(MB) 3.15198  Coverage 0.00938559  Ratio 1.88653  Flagged 0  Active 157464
  Level 2  Grids 18  Memory(MB) 43.0994  Coverage 0.00507736  Ratio 2.09246  Flagged 0  Active 681472
  Level 3  Grids 0  Memory(MB) 0  Coverage 0  Ratio 0  Flagged 0  Active 0
  Level 4  Grids 0  Memory(MB) 0  Coverage 0  Ratio 0  Flagged 0  Active 0

Cycle 62  Time 3.2439509353435  MaxDepth 2  Grids 46  Memory(MB) 172.734  Ratio 1.86647
  Level 0  Grids 12  Memory(MB) 126.479  Coverage 1  Ratio 1.50072  Flagged 0  Active 2097152
  Level 1  Grids 16  Memory(MB) 3.13881  Coverage 0.00938559  Ratio 1.88653  Flagged 0  Active 157464
  Level 2  Grids 18  Memory(MB) 43.1165  Coverage 0.00507736  Ratio 2.09246  Flagged 0  Active 681472
  Level 3  Grids 0  Memory(MB) 0  Coverage 0  Ratio 0  Flagged 0  Active 0
  Level 4  Grids 0  Memory(MB) 0  Coverage 0  Ratio 0  Flagged 0  Active 0

Cycle 63  Time 3.3169375321885  MaxDepth 2  Grids 46  Memory(MB) 172.734  Ratio 1.86647
  Level 0  Grids 12  Memory(MB) 126.475  Coverage 1  Ratio 1.50072  Flagged 0  Active 2097152
  Level 1  Grids 16  Memory(MB) 3.12343  Coverage 0.00938559  Ratio 1.88653  Flagged 0  Active 157464
  Level 2  Grids 18  Memory(MB) 43.1358  Coverage 0.00507736  Ratio 2.09246  Flagged 0  Active 681472
  Level 3  Grids 0  Memory(MB) 0  Coverage 0  Ratio 0  Flagged 0  Active 0
  Level 4  Grids 0  Memory(MB) 0  Coverage 0  Ratio 0  Flagged 0  Active 0

Cycle 64  Time 3.391566236475  MaxDepth 2  Grids 46  Memory(MB) 172.734  Ratio 1.86647
  Level 0  Grids 12  Memory(MB) 126.471  Coverage 1  Ratio 1.50072  Flagged 0  Active 2097152
  Level 1  Grids 16  Memory(MB) 3.10958  Coverage 0.00938559  Ratio 1.88653  Flagged 0  Active 157464
  Level 2  Grids 18  Memory(MB) 43.1539  Coverage 0.00507736  Ratio 2.09246  Flagged 0  Active 681472
  Level 3  Grids 0  Memory(MB) 0  Coverage 0  Ratio 0  Flagged 0  Active 0
  Level 4  Grids 0  Memory(MB) 0  Coverage 0  Ratio 0  Flagged 0  Active 0

Cycle 65  Time 3.467873990887  MaxDepth 2  Grids 46  Memory(MB) 172.734  Ratio 1.86647
  Level 0  Grids 12  Memory(MB) 126.467  Coverage 1  Ratio 1.50072  Flagged 0  Active 2097152
  Level 1  Grids 16  Memory(MB) 3.09238  Coverage 0.00938559  Ratio 1.88653  Flagged 0  Active 157464
  Level 2  Grids 18  Memory(MB) 43.1753  Coverage 0.00507736  Ratio 2.09246  Flagged 0  Active 681472
  Level 3  Grids 0  Memory(MB) 0  Coverage 0  Ratio 0  Flagged 0  Active 0
  Level 4  Grids 0  Memory(MB) 0  Coverage 0  Ratio 0  Flagged 0  Active 0

Cycle 66  Time 3.5458985690266  MaxDepth 2  Grids 46  Memory(MB) 172.734  Ratio 1.86647
  Level 0  Grids 12  Memory(MB) 126.464  Coverage 1  Ratio 1.50072  Flagged 0  Active 2097152
  Level 1  Grids 16  Memory(MB) 3.07694  Coverage 0.00938559  Ratio 1.88653  Flagged 0  Active 157464
  Level 2  Grids 18  Memory(MB) 43.1935  Coverage 0.00507736  Ratio 2.09246  Flagged 0  Active 681472
  Level 3  Grids 0  Memory(MB) 0  Coverage 0  Ratio 0  Flagged 0  Active 0
  Level 4  Grids 0  Memory(MB) 0  Coverage 0  Ratio 0  Flagged 0  Active 0

Cycle 67  Time 3.6256785940901  MaxDepth 2  Grids 46  Memory(MB) 172.734  Ratio 1.86647
  Level 0  Grids 12  Memory(MB) 126.46  Coverage 1  Ratio 1.50072  Flagged 0  Active 2097152
  Level 1  Grids 16  Memory(MB) 3.05827  Coverage 0.00938559  Ratio 1.88653  Flagged 0  Active 157464
  Level 2  Grids 18  Memory(MB) 43.2156  Coverage 0.00507736  Ratio 2.09246  Flagged 0  Active 681472
  Level 3  Grids 0  Memory(MB) 0  Coverage 0  Ratio 0  Flagged 0  Active 0
  Level 4  Grids 0  Memory(MB) 0  Coverage 0  Ratio 0  Flagged 0  Active 0

Cycle 68  Time 3.7072535579629  MaxDepth 2  Grids 46  Memory(MB) 172.734  Ratio 1.86647
  Level 0  Grids 12  Memory(MB) 126.457  Coverage 1  Ratio 1.50072  Flagged 0  Active 2097152
  Level 1  Grids 16  Memory(MB) 3.03918  Coverage 0.00938559  Ratio 1.88653  Flagged 0  Active 157464
  Level 2  Grids 18  Memory(MB) 43.2383  Coverage 0.00507736  Ratio 2.09246  Flagged 0  Active 681472
  Level 3  Grids 0  Memory(MB) 0  Coverage 0  Ratio 0  Flagged 0  Active 0
  Level 4  Grids 0  Memory(MB) 0  Coverage 0  Ratio 0  Flagged 0  Active 0

Cycle 69  Time 3.7906638407434  MaxDepth 2  Grids 46  Memory(MB) 172.734  Ratio 1.86647
  Level 0  Grids 12  Memory(MB) 126.455  Coverage 1  Ratio 1.50072  Flagged 0  Active 2097152
  Level 1  Grids 16  Memory(MB) 3.01776  Coverage 0.00938559  Ratio 1.88653  Flagged 0  Active 157464
  Level 2  Grids 18  Memory(MB) 43.2614  Coverage 0.00507736  Ratio 2.09246  Flagged 0  Active 681472
  Level 3  Grids 0  Memory(MB) 0  Coverage 0  Ratio 0  Flagged 0  Active 0
  Level 4  Grids 0  Memory(MB) 0  Coverage 0  Ratio 0  Flagged 0  Active 0

Cycle 70  Time 3.8759507307146  MaxDepth 2  Grids 46  Memory(MB) 172.734  Ratio 1.86647
  Level 0  Grids 12  Memory(MB) 126.452  Coverage 1  Ratio 1.50072  Flagged 0  Active 2097152
  Level 1  Grids 16  Memory(MB) 2.99897  Coverage 0.00938559  Ratio 1.88653  Flagged 0  Active 157464
  Level 2  Grids 18  Memory(MB) 43.2829  Coverage 0.00507736  Ratio 2.09246  Flagged 0  Active 681472
  Level 3  Grids 0  Memory(MB) 0  Coverage 0  Ratio 0  Flagged 0  Active 0
  Level 4  Grids 0  Memory(MB) 0  Coverage 0  Ratio 0  Flagged 0  Active 0

Cycle 71  Time 3.9631564448095  MaxDepth 2  Grids 46  Memory(MB) 172.734  Ratio 1.86647
  Level 0  Grids 12  Memory(MB) 126.449  Coverage 1  Ratio 1.50072  Flagged 0  Active 2097152
  Level 1  Grids 16  Memory(MB) 2.98048  Coverage 0.00938559  Ratio 1.88653  Flagged 0  Active 157464
  Level 2  Grids 18  Memory(MB) 43.3052  Coverage 0.00507736  Ratio 2.09246  Flagged 0  Active 681472
  Level 3  Grids 0  Memory(MB) 0  Coverage 0  Ratio 0  Flagged 0  Active 0
  Level 4  Grids 0  Memory(MB) 0  Coverage 0  Ratio 0  Flagged 0  Active 0

Cycle 72  Time 4.0523241493442  MaxDepth 2  Grids 46  Memory(MB) 172.734  Ratio 1.86647
  Level 0  Grids 12  Memory(MB) 126.445  Coverage 1  Ratio 1.50072  Flagged 0  Active 2097152
  Level 1  Grids 16  Memory(MB) 2.96304  Coverage 0.00938559  Ratio 1.88653  Flagged 0  Active 157464
  Level 2  Grids 18  Memory(MB) 43.3259  Coverage 0.00507736  Ratio 2.09246  Flagged 0  Active 681472
  Level 3  Grids 0  Memory(MB) 0  Coverage 0  Ratio 0  Flagged 0  Active 0
  Level 4  Grids 0  Memory(MB) 0  Coverage 0  Ratio 0  Flagged 0  Active 0

Cycle 73  Time 4.143497981418  MaxDepth 2  Grids 46  Memory(MB) 172.734  Ratio 1.86647
  Level 0  Grids 12  Memory(MB) 126.442  Coverage 1  Ratio 1.50072  Flagged 0  Active 2097152
  Level 1  Grids 16  Memory(MB) 2.949  Coverage 0.00938559  Ratio 1.88653  Flagged 0  Active 157464
  Level 2  Grids 18  Memory(MB) 43.3436  Coverage 0.00507736  Ratio 2.09246  Flagged 0  Active 681472
  Level 3  Grids 0  Memory(MB) 0  Coverage 0  Ratio 0  Flagged 0  Active 0
  Level 4  Grids 0  Memory(MB) 0  Coverage 0  Ratio 0  Flagged 0  Active 0

Cycle 74  Time 4.2367230707256  MaxDepth 2  Grids 46  Memory(MB) 172.734  Ratio 1.86647
  Level 0  Grids 12  Memory(MB) 126.437  Coverage 1  Ratio 1.50072  Flagged 0  Active 2097152
  Level 1  Grids 16  Memory(MB) 2.93351  Coverage 0.00938559  Ratio 1.88653  Flagged 0  Active 157464
  Level 2  Grids 18  Memory(MB) 43.364  Coverage 0.00507736  Ratio 2.09246  Flagged 0  Active 681472
  Level 3  Grids 0  Memory(MB) 0  Coverage 0  Ratio 0  Flagged 0  Active 0
  Level 4  Grids 0  Memory(MB) 0  Coverage 0  Ratio 0  Flagged 0  Active 0

Cycle 75  Time 4.3320455618569  MaxDepth 2  Grids 46  Memory(MB) 172.734  Ratio 1.86647
  Level 0  Grids 12  Memory(MB) 126.431  Coverage 1  Ratio 1.50072  Flagged 0  Active 2097152
  Level 1  Grids 16  Memory(MB) 2.91673  Coverage 0.00938559  Ratio 1.88653  Flagged 0  Active 157464
  Level 2  Grids 18  Memory(MB) 43.3861  Coverage 0.00507736  Ratio 2.09246  Flagged 0  Active 681472
  Level 3  Grids 0  Memory(MB) 0  Coverage 0  Ratio 0  Flagged 0  Active 0
  Level 4  Grids 0  Memory(MB) 0  Coverage 0  Ratio 0  Flagged 0  Active 0

Cycle 76  Time 4.4295126370978  MaxDepth 2  Grids 46  Memory(MB) 172.734  Ratio 1.86647
  Level 0  Grids 12  Memory(MB) 126.425  Coverage 1  Ratio 1.50072  Flagged 0  Active 2097152
  Level 1  Grids 16  Memory(MB) 2.90495  Coverage 0.00938559  Ratio 1.88653  Flagged 0  Active 157464
  Level 2  Grids 18  Memory(MB) 43.404  Coverage 0.00507736  Ratio 2.09246  Flagged 0  Active 681472
  Level 3  Grids 0  Memory(MB) 0  Coverage 0  Ratio 0  Flagged 0  Active 0
  Level 4  Grids 0  Memory(MB) 0  Coverage 0  Ratio 0  Flagged 0  Active 0

Cycle 77  Time 4.52917253974  MaxDepth 2  Grids 46  Memory(MB) 172.734  Ratio 1.86647
  Level 0  Grids 12  Memory(MB) 126.419  Coverage 1  Ratio 1.50072  Flagged 0  Active 2097152
  Level 1  Grids 16  Memory(MB) 2.89336  Coverage 0.00938559  Ratio 1.88653  Flagged 0  Active 157464
  Level 2  Grids 18  Memory(MB) 43.422  Coverage 0.00507736  Ratio 2.09246  Flagged 0  Active 681472
  Level 3  Grids 0  Memory(MB) 0  Coverage 0  Ratio 0  Flagged 0  Active 0
  Level 4  Grids 0  Memory(MB) 0  Coverage 0  Ratio 0  Flagged 0  Active 0

Cycle 78  Time 4.6310745979139  MaxDepth 2  Grids 46  Memory(MB) 172.734  Ratio 1.86647
  Level 0  Grids 12  Memory(MB) 126.412  Coverage 1  Ratio 1.50072  Flagged 0  Active 2097152
  Level 1  Grids 16  Memory(MB) 2.88366  Coverage 0.00938559  Ratio 1.88653  Flagged 0  Active 157464
  Level 2  Grids 18  Memory(MB) 43.4382  Coverage 0.00507736  Ratio 2.09246  Flagged 0  Active 681472
  Level 3  Grids 0  Memory(MB) 0  Coverage 0  Ratio 0  Flagged 0  Active 0
  Level 4  Grids 0  Memory(MB) 0  Coverage 0  Ratio 0  Flagged 0  Active 0

Cycle 79  Time 4.7305997551349  MaxDepth 2  Grids 46  Memory(MB) 172.734  Ratio 1.86647
  Level 0  Grids 12  Memory(MB) 126.408  Coverage 1  Ratio 1.50072  Flagged 0  Active 2097152
  Level 1  Grids 16  Memory(MB) 2.87115  Coverage 0.00938559  Ratio 1.88653  Flagged 0  Active 157464
  Level 2  Grids 18  Memory(MB) 43.4549  Coverage 0.00507736  Ratio 2.09246  Flagged 0  Active 681472
  Level 3  Grids 0  Memory(MB) 0  Coverage 0  Ratio 0  Flagged 0  Active 0
  Level 4  Grids 0  Memory(MB) 0  Coverage 0  Ratio 0  Flagged 0  Active 0

Cycle 80  Time 4.8370335167126  MaxDepth 2  Grids 46  Memory(MB) 172.734  Ratio 1.86647
  Level 0  Grids 12  Memory(MB) 126.402  Coverage 1  Ratio 1.50072  Flagged 0  Active 2097152
  Level 1  Grids 16  Memory(MB) 2.86078  Coverage 0.00938559  Ratio 1.88653  Flagged 0  Active 157464
  Level 2  Grids 18  Memory(MB) 43.4717  Coverage 0.00507736  Ratio 2.09246  Flagged 0  Active 681472
  Level 3  Grids 0  Memory(MB) 0  Coverage 0  Ratio 0  Flagged 0  Active 0
  Level 4  Grids 0  Memory(MB) 0  Coverage 0  Ratio 0  Flagged 0  Active 0

Cycle 81  Time 4.9458618105192  MaxDepth 2  Grids 46  Memory(MB) 172.734  Ratio 1.86647
  Level 0  Grids 12  Memory(MB) 126.397  Coverage 1  Ratio 1.50072  Flagged 0  Active 2097152
  Level 1  Grids 16  Memory(MB) 2.84303  Coverage 0.00938559  Ratio 1.88653  Flagged 0  Active 157464
  Level 2  Grids 18  Memory(MB) 43.494  Coverage 0.00507736  Ratio 2.09246  Flagged 0  Active 681472
  Level 3  Grids 0  Memory(MB) 0  Coverage 0  Ratio 0  Flagged 0  Active 0
  Level 4  Grids 0  Memory(MB) 0  Coverage 0  Ratio 0  Flagged 0  Active 0

Cycle 82  Time 5.05713850008  MaxDepth 2  Grids 46  Memory(MB) 172.734  Ratio 1.86647
  Level 0  Grids 12  Memory(MB) 126.392  Coverage 1  Ratio 1.50072  Flagged 0  Active 2097152
  Level 1  Grids 16  Memory(MB) 2.82363  Coverage 0.00938559  Ratio 1.88653  Flagged 0  Active 157464
  Level 2  Grids 18  Memory(MB) 43.5184  Coverage 0.00507736  Ratio 2.09246  Flagged 0  Active 681472
  Level 3  Grids 0  Memory(MB) 0  Coverage 0  Ratio 0  Flagged 0  Active 0
  Level 4  Grids 0  Memory(MB) 0  Coverage 0  Ratio 0  Flagged 0  Active 0

Cycle 83  Time 5.1709186599708  MaxDepth 2  Grids 46  Memory(MB) 172.734  Ratio 1.86647
  Level 0  Grids 12  Memory(MB) 126.387  Coverage 1  Ratio 1.50072  Flagged 0  Active 2097152
  Level 1  Grids 16  Memory(MB) 2.80636  Coverage 0.00938559  Ratio 1.88653  Flagged 0  Active 157464
  Level 2  Grids 18  Memory(MB) 43.5411  Coverage 0.00507736  Ratio 2.09246  Flagged 0  Active 681472
  Level 3  Grids 0  Memory(MB) 0  Coverage 0  Ratio 0  Flagged 0  Active 0
  Level 4  Grids 0  Memory(MB) 0  Coverage 0  Ratio 0  Flagged 0  Active 0

Cycle 84  Time 5.2872586030058  MaxDepth 2  Grids 46  Memory(MB) 172.734  Ratio 1.86647
  Level 0  Grids 12  Memory(MB) 126.382  Coverage 1  Ratio 1.50072  Flagged 0  Active 2097152
  Level 1  Grids 16  Memory(MB) 2.79031  Coverage 0.00938559  Ratio 1.88653  Flagged 0  Active 157464
  Level 2  Grids 18  Memory(MB) 43.5623  Coverage 0.00507736  Ratio 2.09246  Flagged 0  Active 681472
  Level 3  Grids 0  Memory(MB) 0  Coverage 0  Ratio 0  Flagged 0  Active 0
  Level 4  Grids 0  Memory(MB) 0  Coverage 0  Ratio 0  Flagged 0  Active 0

Cycle 85  Time 5.4062159081951  MaxDepth 2  Grids 46  Memory(MB) 172.734  Ratio 1.86647
  Level 0  Grids 12  Memory(MB) 126.375  Coverage 1  Ratio 1.50072  Flagged 0  Active 2097152
  Level 1  Grids 16  Memory(MB) 2.77518  Coverage 0.00938559  Ratio 1.88653  Flagged 0  Active 157464
  Level 2  Grids 18  Memory(MB) 43.5837  Coverage 0.00507736  Ratio 2.09246  Flagged 0  Active 681472
  Level 3  Grids 0  Memory(MB) 0  Coverage 0  Ratio 0  Flagged 0  Active 0
  Level 4  Grids 0  Memory(MB) 0  Coverage 0  Ratio 0  Flagged 0  Active 0

Cycle 86  Time 5.5278494489366  MaxDepth 2  Grids 46  Memory(MB) 172.734  Ratio 1.86647
  Level 0  Grids 12  Memory(MB) 126.371  Coverage 1  Ratio 1.50072  Flagged 0  Active 2097152
  Level 1  Grids 16  Memory(MB) 2.75975  Coverage 0.00938559  Ratio 1.88653  Flagged 0  Active 157464
  Level 2  Grids 18  Memory(MB) 43.6038  Coverage 0.00507736  Ratio 2.09246  Flagged 0  Active 681472
  Level 3  Grids 0  Memory(MB) 0  Coverage 0  Ratio 0  Flagged 0  Active 0
  Level 4  Grids 0  Memory(MB) 0  Coverage 0  Ratio 0  Flagged 0  Active 0

Cycle 87  Time 5.6522194220766  MaxDepth 2  Grids 46  Memory(MB) 172.734  Ratio 1.86647
  Level 0  Grids 12  Memory(MB) 126.365  Coverage 1  Ratio 1.50072  Flagged 0  Active 2097152
  Level 1  Grids 16  Memory(MB) 2.74834  Coverage 0.00938559  Ratio 1.88653  Flagged 0  Active 157464
  Level 2  Grids 18  Memory(MB) 43.6211  Coverage 0.00507736  Ratio 2.09246  Flagged 0  Active 681472
  Level 3  Grids 0  Memory(MB) 0  Coverage 0  Ratio 0  Flagged 0  Active 0
  Level 4  Grids 0  Memory(MB) 0  Coverage 0  Ratio 0  Flagged 0  Active 0

Cycle 88  Time 5.7793873776718  MaxDepth 2  Grids 46  Memory(MB) 172.734  Ratio 1.86647
  Level 0  Grids 12  Memory(MB) 126.36  Coverage 1  Ratio 1.50072  Flagged 0  Active 2097152
  Level 1  Grids 16  Memory(MB) 2.73504  Coverage 0.00938559  Ratio 1.88653  Flagged 0  Active 157464
  Level 2  Grids 18  Memory(MB) 43.6395  Coverage 0.00507736  Ratio 2.09246  Flagged 0  Active 681472
  Level 3  Grids 0  Memory(MB) 0  Coverage 0  Ratio 0  Flagged 0  Active 0
  Level 4  Grids 0  Memory(MB) 0  Coverage 0  Ratio 0  Flagged 0  Active 0

Cycle 89  Time 5.9094162493531  MaxDepth 2  Grids 46  Memory(MB) 172.734  Ratio 1.86647
  Level 0  Grids 12  Memory(MB) 126.354  Coverage 1  Ratio 1.50072  Flagged 0  Active 2097152
  Level 1  Grids 16  Memory(MB) 2.72333  Coverage 0.00938559  Ratio 1.88653  Flagged 0  Active 157464
  Level 2  Grids 18  Memory(MB) 43.6567  Coverage 0.00507736  Ratio 2.09246  Flagged 0  Active 681472
  Level 3  Grids 0  Memory(MB) 0  Coverage 0  Ratio 0  Flagged 0  Active 0
  Level 4  Grids 0  Memory(MB) 0  Coverage 0  Ratio 0  Flagged 0  Active 0

Cycle 90  Time 6.0423703853676  MaxDepth 2  Grids 46  Memory(MB) 172.734  Ratio 1.86647
  Level 0  Grids 12  Memory(MB) 126.35  Coverage 1  Ratio 1.50072  Flagged 0  Active 2097152
  Level 1  Grids 16  Memory(MB) 2.70783  Coverage 0.00938559  Ratio 1.88653  Flagged 0  Active 157464
  Level 2  Grids 18  Memory(MB) 43.6766  Coverage 0.00507736  Ratio 2.09246  Flagged 0  Active 681472
  Level 3  Grids 0  Memory(MB) 0  Coverage 0  Ratio 0  Flagged 0  Active 0
  Level 4  Grids 0  Memory(MB) 0  Coverage 0  Ratio 0  Flagged 0  Active 0

Cycle 91  Time 6.1783155803127  MaxDepth 2  Grids 46  Memory(MB) 172.734  Ratio 1.86647
  Level 0  Grids 12  Memory(MB) 126.345  Coverage 1  Ratio 1.50072  Flagged 0  Active 2097152
  Level 1  Grids 16  Memory(MB) 2.69233  Coverage 0.00938559  Ratio 1.88653  Flagged 0  Active 157464
  Level 2  Grids 18  Memory(MB) 43.697  Coverage 0.00507736  Ratio 2.09246  Flagged 0  Active 681472
  Level 3  Grids 0  Memory(MB) 0  Coverage 0  Ratio 0  Flagged 0  Active 0
  Level 4  Grids 0  Memory(MB) 0  Coverage 0  Ratio 0  Flagged 0  Active 0

Cycle 92  Time 6.3173191075769  MaxDepth 2  Grids 46  Memory(MB) 172.734  Ratio 1.86647
  Level 0  Grids 12  Memory(MB) 126.338  Coverage 1  Ratio 1.50072  Flagged 0  Active 2097152
  Level 1  Grids 16  Memory(MB) 2.67708  Coverage 0.00938559  Ratio 1.88653  Flagged 0  Active 157464
  Level 2  Grids 18  Memory(MB) 43.7194  Coverage 0.00507736  Ratio 2.09246  Flagged 0  Active 681472
  Level 3  Grids 0  Memory(MB) 0  Coverage 0  Ratio 0  Flagged 0  Active 0
  Level 4  Grids 0  Memory(MB) 0  Coverage 0  Ratio 0  Flagged 0  Active 0

Cycle 93  Time 6.4594497525049  MaxDepth 2  Grids 46  Memory(MB) 172.734  Ratio 1.86647
  Level 0  Grids 12  Memory(MB) 126.33  Coverage 1  Ratio 1.50072  Flagged 0  Active 2097152
  Level 1  Grids 16  Memory(MB) 2.66097  Coverage 0.00938559  Ratio 1.88653  Flagged 0  Active 157464
  Level 2  Grids 18  Memory(MB) 43.7431  Coverage 0.00507736  Ratio 2.09246  Flagged 0  Active 681472
  Level 3  Grids 0  Memory(MB) 0  Coverage 0  Ratio 0  Flagged 0  Active 0
  Level 4  Grids 0  Memory(MB) 0  Coverage 0  Ratio 0  Flagged 0  Active 0

Cycle 94  Time 6.6047778463005  MaxDepth 2  Grids 46  Memory(MB) 172.734  Ratio 1.86647
  Level 0  Grids 12  Memory(MB) 126.322  Coverage 1  Ratio 1.50072  Flagged 0  Active 2097152
  Level 1  Grids 16  Memory(MB) 2.64279  Coverage 0.00938559  Ratio 1.88653  Flagged 0  Active 157464
  Level 2  Grids 18  Memory(MB) 43.7692  Coverage 0.00507736  Ratio 2.09246  Flagged 0  Active 681472
  Level 3  Grids 0  Memory(MB) 0  Coverage 0  Ratio 0  Flagged 0  Active 0
  Level 4  Grids 0  Memory(MB) 0  Coverage 0  Ratio 0  Flagged 0  Active 0

Cycle 95  Time 6.7533753006842  MaxDepth 2  Grids 46  Memory(MB) 172.734  Ratio 1.86647
  Level 0  Grids 12  Memory(MB) 126.316  Coverage 1  Ratio 1.50072  Flagged 0  Active 2097152
  Level 1  Grids 16  Memory(MB) 2.62467  Coverage 0.00938559  Ratio 1.88653  Flagged 0  Active 157464
  Level 2  Grids 18  Memory(MB) 43.794  Coverage 0.00507736  Ratio 2.09246  Flagged 0  Active 681472
  Level 3  Grids 0  Memory(MB) 0  Coverage 0  Ratio 0  Flagged 0  Active 0
  Level 4  Grids 0  Memory(MB) 0  Coverage 0  Ratio 0  Flagged 0  Active 0

Cycle 96  Time 6.905315643323  MaxDepth 2  Grids 46  Memory(MB) 172.734  Ratio 1.86647
  Level 0  Grids 12  Memory(MB) 126.309  Coverage 1  Ratio 1.50072  Flagged 0  Active 2097152
  Level 1  Grids 16  Memory(MB) 2.60783  Coverage 0.00938559  Ratio 1.88653  Flagged 0  Active 157464
  Level 2  Grids 18  Memory(MB) 43.8169  Coverage 0.00507736  Ratio 2.09246  Flagged 0  Active 681472
  Level 3  Grids 0  Memory(MB) 0  Coverage 0  Ratio 0  Flagged 0  Active 0
  Level 4  Grids 0  Memory(MB) 0  Coverage 0  Ratio 0  Flagged 0  Active 0

Cycle 97  Time 7.0606740540471  MaxDepth 2  Grids 46  Memory(MB) 172.734  Ratio 1.86647
  Level 0  Grids 12  Memory(MB) 126.302  Coverage 1  Ratio 1.50072  Flagged 0  Active 2097152
  Level 1  Grids 16  Memory(MB) 2.59215  Coverage 0.00938559  Ratio 1.88653  Flagged 0  Active 157464
  Level 2  Grids 18  Memory(MB) 43.8396  Coverage 0.00507736  Ratio 2.09246  Flagged 0  Active 681472
  Level 3  Grids 0  Memory(MB) 0  Coverage 0  Ratio 0  Flagged 0  Active 0
  Level 4  Grids 0  Memory(MB) 0  Coverage 0  Ratio 0  Flagged 0  Active 0

Cycle 98  Time 7.2195274018726  MaxDepth 2  Grids 46  Memory(MB) 172.734  Ratio 1.86647
  Level 0  Grids 12  Memory(MB) 126.297  Coverage 1  Ratio 1.50072  Flagged 0  Active 2097152
  Level 1  Grids 16  Memory(MB) 2.57397  Coverage 0.00938559  Ratio 1.88653  Flagged 0  Active 157464
  Level 2  Grids 18  Memory(MB) 43.863  Coverage 0.00507736  Ratio 2.09246  Flagged 0  Active 681472
  Level 3  Grids 0  Memory(MB) 0  Coverage 0  Ratio 0  Flagged 0  Active 0
  Level 4  Grids 0  Memory(MB) 0  Coverage 0  Ratio 0  Flagged 0  Active 0

Cycle 99  Time 7.3819542833831  MaxDepth 2  Grids 46  Memory(MB) 172.734  Ratio 1.86647
  Level 0  Grids 12  Memory(MB) 126.29  Coverage 1  Ratio 1.50072  Flagged 0  Active 2097152
  Level 1  Grids 16  Memory(MB) 2.55969  Coverage 0.00938559  Ratio 1.88653  Flagged 0  Active 157464
  Level 2  Grids 18  Memory(MB) 43.8848  Coverage 0.00507736  Ratio 2.09246  Flagged 0  Active 681472
  Level 3  Grids 0  Memory(MB) 0  Coverage 0  Ratio 0  Flagged 0  Active 0
  Level 4  Grids 0  Memory(MB) 0  Coverage 0  Ratio 0  Flagged 0  Active 0

Cycle 100  Time 7.5480350604634  MaxDepth 2  Grids 46  Memory(MB) 172.734  Ratio 1.86647
  Level 0  Grids 12  Memory(MB) 126.283  Coverage 1  Ratio 1.50072  Flagged 0  Active 2097152
  Level 1  Grids 16  Memory(MB) 2.54389  Coverage 0.00938559  Ratio 1.88653  Flagged 0  Active 157464
  Level 2  Grids 18  Memory(MB) 43.9069  Coverage 0.00507736  Ratio 2.09246  Flagged 0  Active 681472
  Level 3  Grids 0  Memory(MB) 0  Coverage 0  Ratio 0  Flagged 0  Active 0
  Level 4  Grids 0  Memory(MB) 0  Coverage 0  Ratio 0  Flagged 0  Active 0

Cycle 101  Time 7.7178519002334  MaxDepth 2  Grids 46  Memory(MB) 172.734  Ratio 1.86647
  Level 0  Grids 12  Memory(MB) 126.277  Coverage 1  Ratio 1.50072  Flagged 0  Active 2097152
  Level 1  Grids 16  Memory(MB) 2.53047  Coverage 0.00938559  Ratio 1.88653  Flagged 0  Active 157464
  Level 2  Grids 18  Memory(MB) 43.9266  Coverage 0.00507736  Ratio 2.09246  Flagged 0  Active 681472
  Level 3  Grids 0  Memory(MB) 0  Coverage 0  Ratio 0  Flagged 0  Active 0
  Level 4  Grids 0  Memory(MB) 0  Coverage 0  Ratio 0  Flagged 0  Active 0

Cycle 102  Time 7.8914888155035  MaxDepth 3  Grids 47  Memory(MB) 172.734  Ratio 1.84803
  Level 0  Grids 12  Memory(MB) 126.269  Coverage 1  Ratio 1.50072  Flagged 0  Active 2097152
  Level 1  Grids 16  Memory(MB) 2.51638  Coverage 0.00938559  Ratio 1.88653  Flagged 0  Active 157464
  Level 2  Grids 18  Memory(MB) 43.8784  Coverage 0.00507736  Ratio 2.09246  Flagged 0  Active 681472
  Level 3  Grids 1  Memory(MB) 0.0705281  Coverage 2.01166e-07  Ratio 1  Flagged 0  Active 216
  Level 4  Grids 0  Memory(MB) 0  Coverage 0  Ratio 0  Flagged 0  Active 0

Cycle 103  Time 8.0690317060921  MaxDepth 3  Grids 48  Memory(MB) 172.734  Ratio 1.83036
  Level 0  Grids 12  Memory(MB) 126.26  Coverage 1  Ratio 1.50072  Flagged 0  Active 2097152
  Level 1  Grids 16  Memory(MB) 2.50228  Coverage 0.00938559  Ratio 1.88653  Flagged 0  Active 157464
  Level 2  Grids 18  Memory(MB) 43.7963  Coverage 0.00507736  Ratio 2.09246  Flagged 0  Active 681472
  Level 3  Grids 2  Memory(MB) 0.175161  Coverage 4.02331e-07  Ratio 1  Flagged 0  Active 432
  Level 4  Grids 0  Memory(MB) 0  Coverage 0  Ratio 0  Flagged 0  Active 0

Cycle 104  Time 8.2505684010585  MaxDepth 3  Grids 48  Memory(MB) 172.734  Ratio 1.83036
  Level 0  Grids 12  Memory(MB) 126.251  Coverage 1  Ratio 1.50072  Flagged 0  Active 2097152
  Level 1  Grids 16  Memory(MB) 2.48789  Coverage 0.00938559  Ratio 1.88653  Flagged 0  Active 157464
  Level 2  Grids 18  Memory(MB) 43.7991  Coverage 0.00507736  Ratio 2.09246  Flagged 0  Active 681472
  Level 3  Grids 2  Memory(MB) 0.195905  Coverage 4.02331e-07  Ratio 1  Flagged 0  Active 432
  Level 4  Grids 0  Memory(MB) 0  Coverage 0  Ratio 0  Flagged 0  Active 0

Cycle 105  Time 8.4361887018696  MaxDepth 3  Grids 50  Memory(MB) 172.734  Ratio 1.79715
  Level 0  Grids 12  Memory(MB) 126.241  Coverage 1  Ratio 1.50072  Flagged 0  Active 2097152
  Level 1  Grids 16  Memory(MB) 2.47385  Coverage 0.00938559  Ratio 1.88653  Flagged 0  Active 157464
  Level 2  Grids 18  Memory(MB) 43.6618  Coverage 0.00507736  Ratio 2.09246  Flagged 0  Active 681472
  Level 3  Grids 4  Memory(MB) 0.357765  Coverage 8.04663e-07  Ratio 1  Flagged 0  Active 864
  Level 4  Grids 0  Memory(MB) 0  Coverage 0  Ratio 0  Flagged 0  Active 0

Cycle 106  Time 8.4843281330309  MaxDepth 3  Grids 50  Memory(MB) 172.734  Ratio 1.79715
  Level 0  Grids 12  Memory(MB) 126.238  Coverage 1  Ratio 1.50072  Flagged 0  Active 2097152
  Level 1  Grids 16  Memory(MB) 2.46897  Coverage 0.00938559  Ratio 1.88653  Flagged 0  Active 157464
  Level 2  Grids 18  Memory(MB) 43.6633  Coverage 0.00507736  Ratio 2.09246  Flagged 0  Active 681472
  Level 3  Grids 4  Memory(MB) 0.363561  Coverage 8.04663e-07  Ratio 1  Flagged 0  Active 864
  Level 4  Grids 0  Memory(MB) 0  Coverage 0  Ratio 0  Flagged 0  Active 0

Cycle 107  Time 8.675206719328  MaxDepth 3  Grids 51  Memory(MB) 172.734  Ratio 1.80276
  Level 0  Grids 12  Memory(MB) 126.228  Coverage 1  Ratio 1.50072  Flagged 0  Active 2097152
  Level 1  Grids 16  Memory(MB) 2.45445  Coverage 0.00938559  Ratio 1.88653  Flagged 0  Active 157464
  Level 2  Grids 18  Memory(MB) 43.5193  Coverage 0.00507736  Ratio 2.09246  Flagged 0  Active 681472
  Level 3  Grids 5  Memory(MB) 0.532194  Coverage 1.40071e-06  Ratio 1.21667  Flagged 0  Active 1504
  Level 4  Grids 0  Memory(MB) 0  Coverage 0  Ratio 0  Flagged 0  Active 0

Cycle 108  Time 8.8703789552133  MaxDepth 3  Grids 51  Memory(MB) 172.734  Ratio 1.81093
  Level 0  Grids 12  Memory(MB) 126.219  Coverage 1  Ratio 1.50072  Flagged 0  Active 2097152
  Level 1  Grids 16  Memory(MB) 2.43841  Coverage 0.00938559  Ratio 1.88653  Flagged 0  Active 157464
  Level 2  Grids 18  Memory(MB) 43.5076  Coverage 0.00507736  Ratio 2.09246  Flagged 0  Active 681472
  Level 3  Grids 5  Memory(MB) 0.569533  Coverage 1.22935e-06  Ratio 1.3  Flagged 0  Active 1320
  Level 4  Grids 0  Memory(MB) 0  Coverage 0  Ratio 0  Flagged 0  Active 0

Cycle 109  Time 9.0699413745622  MaxDepth 3  Grids 52  Memory(MB) 172.734  Ratio 1.80175
  Level 0  Grids 12  Memory(MB) 126.208  Coverage 1  Ratio 1.50072  Flagged 0  Active 2097152
  Level 1  Grids 16  Memory(MB) 2.4226  Coverage 0.00938559  Ratio 1.88653  Flagged 0  Active 157464
  Level 2  Grids 18  Memory(MB) 43.4154  Coverage 0.00507736  Ratio 2.09246  Flagged 0  Active 681472
  Level 3  Grids 6  Memory(MB) 0.687649  Coverage 1.49757e-06  Ratio 1.30556  Flagged 0  Active 1608
  Level 4  Grids 0  Memory(MB) 0  Coverage 0  Ratio 0  Flagged 0  Active 0

Cycle 110  Time 9.2739926793584  MaxDepth 4  Grids 53  Memory(MB) 172.734  Ratio 1.78662
  Level 0  Grids 12  Memory(MB) 126.199  Coverage 1  Ratio 1.50072  Flagged 0  Active 2097152
  Level 1  Grids 16  Memory(MB) 2.40888  Coverage 0.00938559  Ratio 1.88653  Flagged 0  Active 157464
  Level 2  Grids 18  Memory(MB) 43.3612  Coverage 0.00507736  Ratio 2.09246  Flagged 0  Active 681472
  Level 3  Grids 6  Memory(MB) 0.677949  Coverage 1.49757e-06  Ratio 1.30556  Flagged 0  Active 1608
  Level 4  Grids 1  Memory(MB) 0.087184  Coverage 2.51457e-08  Ratio 1  Flagged 0  Active 216

Cycle 111  Time 9.4826337862058  MaxDepth 4  Grids 54  Memory(MB) 172.734  Ratio 1.79057
  Level 0  Grids 12  Memory(MB) 126.188  Coverage 1  Ratio 1.50072  Flagged 0  Active 2097152
  Level 1  Grids 16  Memory(MB) 2.39277  Coverage 0.00938559  Ratio 1.88653  Flagged 0  Active 157464
  Level 2  Grids 18  Memory(MB) 43.2527  Coverage 0.00507736  Ratio 2.09246  Flagged 0  Active 681472
  Level 3  Grids 7  Memory(MB) 0.806315  Coverage 1.67638e-06  Ratio 1.40476  Flagged 0  Active 1800
  Level 4  Grids 1  Memory(MB) 0.0938951  Coverage 2.51457e-08  Ratio 1  Flagged 0  Active 216

Cycle 112  Time 9.6959678766021  MaxDepth 4  Grids 56  Memory(MB) 172.734  Ratio 1.76829
  Level 0  Grids 12  Memory(MB) 126.178  Coverage 1  Ratio 1.50072  Flagged 0  Active 2097152
  Level 1  Grids 16  Memory(MB) 2.37746  Coverage 0.00938559  Ratio 1.88653  Flagged 0  Active 157464
  Level 2  Grids 18  Memory(MB) 43.1035  Coverage 0.00507736  Ratio 2.09246  Flagged 0  Active 681472
  Level 3  Grids 7  Memory(MB) 0.805704  Coverage 2.16812e-06  Ratio 1.40476  Flagged 0  Active 2328
  Level 4  Grids 3  Memory(MB) 0.269056  Coverage 8.3819e-08  Ratio 1.11111  Flagged 0  Active 720

Cycle 113  Time 9.9141004475717  MaxDepth 4  Grids 55  Memory(MB) 172.734  Ratio 1.76408
  Level 0  Grids 12  Memory(MB) 126.169  Coverage 1  Ratio 1.50072  Flagged 0  Active 2097152
  Level 1  Grids 16  Memory(MB) 2.36196  Coverage 0.00938559  Ratio 1.88653  Flagged 0  Active 157464
  Level 2  Grids 18  Memory(MB) 42.8497  Coverage 0.00507736  Ratio 2.09246  Flagged 0  Active 681472
  Level 3  Grids 8  Memory(MB) 1.28153  Coverage 2.72691e-06  Ratio 1.27083  Flagged 0  Active 2928
  Level 4  Grids 1  Memory(MB) 0.0715653  Coverage 2.51457e-08  Ratio 1  Flagged 0  Active 216

Cycle 114  Time 10.137139363349  MaxDepth 4  Grids 58  Memory(MB) 172.734  Ratio 1.72599
  Level 0  Grids 12  Memory(MB) 126.161  Coverage 1  Ratio 1.50072  Flagged 0  Active 2097152
  Level 1  Grids 16  Memory(MB) 2.34543  Coverage 0.00938559  Ratio 1.88653  Flagged 0  Active 157464
  Level 2  Grids 18  Memory(MB) 42.7896  Coverage 0.00507736  Ratio 2.09246  Flagged 0  Active 681472
  Level 3  Grids 8  Memory(MB) 1.03657  Coverage 2.60025e-06  Ratio 1.19792  Flagged 0  Active 2792
  Level 4  Grids 4  Memory(MB) 0.40151  Coverage 1.17347e-07  Ratio 1.16667  Flagged 0  Active 1008

Cycle 115  Time 10.365194908193  MaxDepth 4  Grids 61  Memory(MB) 172.734  Ratio 1.70122
  Level 0  Grids 12  Memory(MB) 126.152  Coverage 1  Ratio 1.50072  Flagged 0  Active 2097152
  Level 1  Grids 16  Memory(MB) 2.3292  Coverage 0.00938559  Ratio 1.88653  Flagged 0  Active 157464
  Level 2  Grids 18  Memory(MB) 42.4136  Coverage 0.00507736  Ratio 2.09246  Flagged 0  Active 681472
  Level 3  Grids 11  Memory(MB) 1.42313  Coverage 3.33786e-06  Ratio 1.20455  Flagged 0  Active 3584
  Level 4  Grids 4  Memory(MB) 0.416092  Coverage 1.17347e-07  Ratio 1.16667  Flagged 0  Active 1008

Cycle 116  Time 10.598379840365  MaxDepth 4  Grids 61  Memory(MB) 172.734  Ratio 1.72307
  Level 0  Grids 12  Memory(MB) 126.142  Coverage 1  Ratio 1.50072  Flagged 0  Active 2097152
  Level 1  Grids 16  Memory(MB) 2.31486  Coverage 0.00938559  Ratio 1.88653  Flagged 0  Active 157464
  Level 2  Grids 18  Memory(MB) 42.3146  Coverage 0.00507736  Ratio 2.09246  Flagged 0  Active 681472
  Level 3  Grids 10  Memory(MB) 1.35767  Coverage 3.241e-06  Ratio 1.35833  Flagged 0  Active 3480
  Level 4  Grids 5  Memory(MB) 0.604858  Coverage 1.53668e-07  Ratio 1.13333  Flagged 0  Active 1320

Cycle 117  Time 10.816433869723  MaxDepth 4  Grids 58  Memory(MB) 172.734  Ratio 1.82513
  Level 0  Grids 12  Memory(MB) 126.132  Coverage 1  Ratio 1.50072  Flagged 0  Active 2097152
  Level 1  Grids 16  Memory(MB) 2.30315  Coverage 0.00938559  Ratio 1.88653  Flagged 0  Active 157464
  Level 2  Grids 18  Memory(MB) 42.3781  Coverage 0.00507736  Ratio 2.09246  Flagged 0  Active 681472
  Level 3  Grids 8  Memory(MB) 1.42984  Coverage 3.8445e-06  Ratio 1.95833  Flagged 0  Active 4128
  Level 4  Grids 4  Memory(MB) 0.49089  Coverage 1.08965e-07  Ratio 1.08333  Flagged 0  Active 936

Cycle 118  Time 11.059767758611  MaxDepth 4  Grids 63  Memory(MB) 172.734  Ratio 1.7279
  Level 0  Grids 12  Memory(MB) 126.118  Coverage 1  Ratio 1.50072  Flagged 0  Active 2097152
  Level 1  Grids 16  Memory(MB) 2.2893  Coverage 0.00938559  Ratio 1.88653  Flagged 0  Active 157464
  Level 2  Grids 18  Memory(MB) 41.8075  Coverage 0.00507736  Ratio 2.09246  Flagged 0  Active 681472
  Level 3  Grids 12  Memory(MB) 1.88278  Coverage 5.27501e-06  Ratio 1.36111  Flagged 0  Active 5664
  Level 4  Grids 5  Memory(MB) 0.637071  Coverage 1.39698e-07  Ratio 1.33333  Flagged 0  Active 1200

Cycle 119  Time 11.308574412753  MaxDepth 4  Grids 64  Memory(MB) 172.734  Ratio 1.75767
  Level 0  Grids 12  Memory(MB) 126.104  Coverage 1  Ratio 1.50072  Flagged 0  Active 2097152
  Level 1  Grids 16  Memory(MB) 2.27447  Coverage 0.00938559  Ratio 1.88653  Flagged 0  Active 157464
  Level 2  Grids 18  Memory(MB) 40.9737  Coverage 0.00507736  Ratio 2.09246  Flagged 0  Active 681472
  Level 3  Grids 13  Memory(MB) 2.72308  Coverage 8.19564e-06  Ratio 1.54872  Flagged 0  Active 8800
  Level 4  Grids 5  Memory(MB) 0.658608  Coverage 1.42492e-07  Ratio 1.3  Flagged 0  Active 1224

Cycle 120  Time 11.562976819304  MaxDepth 4  Grids 63  Memory(MB) 172.734  Ratio 1.80462
  Level 0  Grids 12  Memory(MB) 126.09  Coverage 1  Ratio 1.50072  Flagged 0  Active 2097152
  Level 1  Grids 16  Memory(MB) 2.25769  Coverage 0.00938559  Ratio 1.88653  Flagged 0  Active 157464
  Level 2  Grids 18  Memory(MB) 40.5844  Coverage 0.00507736  Ratio 2.09246  Flagged 0  Active 681472
  Level 3  Grids 12  Memory(MB) 3.0681  Coverage 9.42498e-06  Ratio 1.81944  Flagged 0  Active 10120
  Level 4  Grids 5  Memory(MB) 0.733712  Coverage 1.85333e-07  Ratio 1.2  Flagged 0  Active 1592

Cycle 121  Time 11.823100722374  MaxDepth 4  Grids 66  Memory(MB) 172.734  Ratio 1.75668
  Level 0  Grids 12  Memory(MB) 126.078  Coverage 1  Ratio 1.50072  Flagged 0  Active 2097152
  Level 1  Grids 16  Memory(MB) 2.24311  Coverage 0.00938559  Ratio 1.88653  Flagged 0  Active 157464
  Level 2  Grids 18  Memory(MB) 40.4831  Coverage 0.00507736  Ratio 2.09246  Flagged 0  Active 681472
  Level 3  Grids 13  Memory(MB) 3.09213  Coverage 7.98702e-06  Ratio 1.67308  Flagged 0  Active 8576
  Level 4  Grids 7  Memory(MB) 0.837613  Coverage 1.81608e-07  Ratio 1.19048  Flagged 0  Active 1560

Cycle 122  Time 12.08907468435  MaxDepth 4  Grids 68  Memory(MB) 172.734  Ratio 1.82535
  Level 0  Grids 12  Memory(MB) 126.064  Coverage 1  Ratio 1.50072  Flagged 0  Active 2097152
  Level 1  Grids 16  Memory(MB) 2.22951  Coverage 0.00938559  Ratio 1.88653  Flagged 0  Active 157464
  Level 2  Grids 18  Memory(MB) 40.2088  Coverage 0.00507736  Ratio 2.09246  Flagged 0  Active 681472
  Level 3  Grids 15  Memory(MB) 3.28676  Coverage 8.9854e-06  Ratio 1.95111  Flagged 0  Active 9648
  Level 4  Grids 7  Memory(MB) 0.94493  Coverage 2.09548e-07  Ratio 1.28571  Flagged 0  Active 1800

Cycle 123  Time 12.361030148555  MaxDepth 4  Grids 70  Memory(MB) 172.734  Ratio 1.80534
  Level 0  Grids 12  Memory(MB) 126.053  Coverage 1  Ratio 1.50072  Flagged 0  Active 2097152
  Level 1  Grids 16  Memory(MB) 2.21303  Coverage 0.00938559  Ratio 1.88653  Flagged 0  Active 157464
  Level 2  Grids 18  Memory(MB) 40.0142  Coverage 0.00507736  Ratio 2.09246  Flagged 0  Active 681472
  Level 3  Grids 17  Memory(MB) 3.31226  Coverage 7.77096e-06  Ratio 1.83922  Flagged 0  Active 8344
  Level 4  Grids 7  Memory(MB) 1.14181  Coverage 2.66358e-07  Ratio 1.32143  Flagged 0  Active 2288

Cycle 124  Time 12.639101503259  MaxDepth 4  Grids 76  Memory(MB) 172.734  Ratio 1.74615
  Level 0  Grids 12  Memory(MB) 126.04  Coverage 1  Ratio 1.50072  Flagged 0  Active 2097152
  Level 1  Grids 16  Memory(MB) 2.19613  Coverage 0.00938559  Ratio 1.88653  Flagged 0  Active 157464
  Level 2  Grids 18  Memory(MB) 39.5269  Coverage 0.00507736  Ratio 2.09246  Flagged 0  Active 681472
  Level 3  Grids 21  Memory(MB) 3.67423  Coverage 8.69483e-06  Ratio 1.74683  Flagged 0  Active 9336
  Level 4  Grids 9  Memory(MB) 1.29708  Coverage 2.91504e-07  Ratio 1.12963  Flagged 0  Active 2504

Cycle 125  Time 12.923426149905  MaxDepth 4  Grids 72  Memory(MB) 172.734  Ratio 1.76029
  Level 0  Grids 12  Memory(MB) 126.026  Coverage 1  Ratio 1.50072  Flagged 0  Active 2097152
  Level 1  Grids 16  Memory(MB) 2.17838  Coverage 0.00938559  Ratio 1.88653  Flagged 0  Active 157464
  Level 2  Grids 18  Memory(MB) 39.6297  Coverage 0.00507736  Ratio 2.09246  Flagged 0  Active 681472
  Level 3  Grids 19  Memory(MB) 3.45521  Coverage 8.56072e-06  Ratio 1.64737  Flagged 0  Active 9192
  Level 4  Grids 7  Memory(MB) 1.44436  Coverage 4.19095e-07  Ratio 1.36905  Flagged 0  Active 3600

Cycle 126  Time 13.214144564963  MaxDepth 4  Grids 75  Memory(MB) 172.734  Ratio 1.72054
  Level 0  Grids 12  Memory(MB) 126.014  Coverage 1  Ratio 1.50072  Flagged 0  Active 2097152
  Level 1  Grids 16  Memory(MB) 2.16246  Coverage 0.00938559  Ratio 1.88653  Flagged 0  Active 157464
  Level 2  Grids 18  Memory(MB) 39.0592  Coverage 0.00507736  Ratio 2.09246  Flagged 0  Active 681472
  Level 3  Grids 20  Memory(MB) 3.49187  Coverage 1.01477e-05  Ratio 1.57917  Flagged 0  Active 10896
  Level 4  Grids 9  Memory(MB) 2.00688  Coverage 5.16884e-07  Ratio 1.28889  Flagged 0  Active 4440

Cycle 127  Time 13.511400370132  MaxDepth 4  Grids 77  Memory(MB) 172.734  Ratio 1.71346
  Level 0  Grids 12  Memory(MB) 126.003  Coverage 1  Ratio 1.50072  Flagged 0  Active 2097152
  Level 1  Grids 16  Memory(MB) 2.1408  Coverage 0.00938559  Ratio 1.88653  Flagged 0  Active 157464
  Level 2  Grids 18  Memory(MB) 38.5424  Coverage 0.00507736  Ratio 2.09246  Flagged 0  Active 681472
  Level 3  Grids 22  Memory(MB) 4.23614  Coverage 9.80496e-06  Ratio 1.56115  Flagged 0  Active 10528
  Level 4  Grids 9  Memory(MB) 1.81219  Coverage 4.24683e-07  Ratio 1.3037  Flagged 0  Active 3648

Cycle 128  Time 13.815340402286  MaxDepth 4  Grids 74  Memory(MB) 172.734  Ratio 1.7345
  Level 0  Grids 12  Memory(MB) 125.989  Coverage 1  Ratio 1.50072  Flagged 0  Active 2097152
  Level 1  Grids 16  Memory(MB) 2.125  Coverage 0.00938559  Ratio 1.88653  Flagged 0  Active 157464
  Level 2  Grids 18  Memory(MB) 38.3248  Coverage 0.00507736  Ratio 2.09246  Flagged 0  Active 681472
  Level 3  Grids 21  Memory(MB) 4.25097  Coverage 1.01924e-05  Ratio 1.57993  Flagged 0  Active 10944
  Level 4  Grids 7  Memory(MB) 2.04458  Coverage 4.47966e-07  Ratio 1.33095  Flagged 0  Active 3848

Cycle 129  Time 14.12611478469  MaxDepth 4  Grids 79  Memory(MB) 172.734  Ratio 1.67858
  Level 0  Grids 12  Memory(MB) 125.973  Coverage 1  Ratio 1.50072  Flagged 0  Active 2097152
  Level 1  Grids 16  Memory(MB) 2.1095  Coverage 0.00938559  Ratio 1.88653  Flagged 0  Active 157464
  Level 2  Grids 18  Memory(MB) 37.5308  Coverage 0.00507736  Ratio 2.09246  Flagged 0  Active 681472
  Level 3  Grids 24  Memory(MB) 4.38806  Coverage 1.1012e-05  Ratio 1.47569  Flagged 0  Active 11824
  Level 4  Grids 9  Memory(MB) 2.73254  Coverage 7.07805e-07  Ratio 1.25926  Flagged 0  Active 6080

Cycle 130  Time 14.443876999749  MaxDepth 4  Grids 79  Memory(MB) 172.734  Ratio 1.64798
  Level 0  Grids 12  Memory(MB) 125.959  Coverage 1  Ratio 1.50072  Flagged 0  Active 2097152
  Level 1  Grids 16  Memory(MB) 2.09492  Coverage 0.00938559  Ratio 1.88653  Flagged 0  Active 157464
  Level 2  Grids 18  Memory(MB) 36.6093  Coverage 0.00507736  Ratio 2.09246  Flagged 0  Active 681472
  Level 3  Grids 25  Memory(MB) 5.24153  Coverage 1.36495e-05  Ratio 1.36  Flagged 0  Active 14656
  Level 4  Grids 8  Memory(MB) 2.82985  Coverage 6.7614e-07  Ratio 1.29167  Flagged 0  Active 5808

Cycle 131  Time 14.768783963296  MaxDepth 4  Grids 78  Memory(MB) 172.734  Ratio 1.69369
  Level 0  Grids 12  Memory(MB) 125.944  Coverage 1  Ratio 1.50072  Flagged 0  Active 2097152
  Level 1  Grids 16  Memory(MB) 2.08149  Coverage 0.00938559  Ratio 1.88653  Flagged 0  Active 157464
  Level 2  Grids 18  Memory(MB) 36.4367  Coverage 0.00507736  Ratio 2.09246  Flagged 0  Active 681472
  Level 3  Grids 24  Memory(MB) 5.30138  Coverage 1.28895e-05  Ratio 1.44792  Flagged 0  Active 13840
  Level 4  Grids 8  Memory(MB) 2.97091  Coverage 6.1281e-07  Ratio 1.4375  Flagged 0  Active 5264

Cycle 132  Time 15.100996100475  MaxDepth 4  Grids 74  Memory(MB) 172.734  Ratio 1.7224
  Level 0  Grids 12  Memory(MB) 125.928  Coverage 1  Ratio 1.50072  Flagged 0  Active 2097152
  Level 1  Grids 16  Memory(MB) 2.06685  Coverage 0.00938559  Ratio 1.88653  Flagged 0  Active 157464
  Level 2  Grids 18  Memory(MB) 35.2612  Coverage 0.00507736  Ratio 2.09246  Flagged 0  Active 681472
  Level 3  Grids 19  Memory(MB) 6.30934  Coverage 1.68905e-05  Ratio 1.48772  Flagged 0  Active 18136
  Level 4  Grids 9  Memory(MB) 3.16895  Coverage 5.95115e-07  Ratio 1.48148  Flagged 0  Active 5112

Cycle 133  Time 15.440677423232  MaxDepth 4  Grids 79  Memory(MB) 172.734  Ratio 1.7444
  Level 0  Grids 12  Memory(MB) 125.911  Coverage 1  Ratio 1.50072  Flagged 0  Active 2097152
  Level 1  Grids 16  Memory(MB) 2.05288  Coverage 0.00938559  Ratio 1.88653  Flagged 0  Active 157464
  Level 2  Grids 18  Memory(MB) 34.5305  Coverage 0.00507736  Ratio 2.09246  Flagged 0  Active 681472
  Level 3  Grids 25  Memory(MB) 6.8998  Coverage 1.79783e-05  Ratio 1.678  Flagged 0  Active 19304
  Level 4  Grids 8  Memory(MB) 3.33984  Coverage 5.75557e-07  Ratio 1.25  Flagged 0  Active 4944

Cycle 134  Time 15.787995609447  MaxDepth 4  Grids 83  Memory(MB) 172.734  Ratio 1.66113
  Level 0  Grids 12  Memory(MB) 125.895  Coverage 1  Ratio 1.50072  Flagged 0  Active 2097152
  Level 1  Grids 16  Memory(MB) 2.03982  Coverage 0.00938559  Ratio 1.88653  Flagged 0  Active 157464
  Level 2  Grids 18  Memory(MB) 34.0976  Coverage 0.00507736  Ratio 2.09246  Flagged 0  Active 681472
  Level 3  Grids 27  Memory(MB) 7.11193  Coverage 1.69873e-05  Ratio 1.43889  Flagged 0  Active 18240
  Level 4  Grids 10  Memory(MB) 3.59028  Coverage 5.89527e-07  Ratio 1.31667  Flagged 0  Active 5064

Cycle 135  Time 16.143122083744  MaxDepth 4  Grids 81  Memory(MB) 172.734  Ratio 1.76429
  Level 0  Grids 12  Memory(MB) 125.879  Coverage 1  Ratio 1.50072  Flagged 0  Active 2097152
  Level 1  Grids 16  Memory(MB) 2.02738  Coverage 0.00938559  Ratio 1.88653  Flagged 0  Active 157464
  Level 2  Grids 18  Memory(MB) 33.6648  Coverage 0.00507736  Ratio 2.09246  Flagged 0  Active 681472
  Level 3  Grids 26  Memory(MB) 7.7645  Coverage 1.69128e-05  Ratio 1.71987  Flagged 0  Active 18160
  Level 4  Grids 9  Memory(MB) 3.39877  Coverage 5.86733e-07  Ratio 1.37037  Flagged 0  Active 5040

Cycle 136  Time 16.506232099993  MaxDepth 4  Grids 84  Memory(MB) 172.734  Ratio 1.7241
  Level 0  Grids 12  Memory(MB) 125.863  Coverage 1  Ratio 1.50072  Flagged 0  Active 2097152
  Level 1  Grids 16  Memory(MB) 2.01566  Coverage 0.00938559  Ratio 1.88653  Flagged 0  Active 157464
  Level 2  Grids 18  Memory(MB) 32.5844  Coverage 0.00507736  Ratio 2.09246  Flagged 0  Active 681472
  Level 3  Grids 27  Memory(MB) 8.54244  Coverage 2.05636e-05  Ratio 1.61296  Flagged 0  Active 22080
  Level 4  Grids 11  Memory(MB) 3.72914  Coverage 7.61822e-07  Ratio 1.40152  Flagged 0  Active 6544

Cycle 137  Time 16.877504825557  MaxDepth 4  Grids 83  Memory(MB) 172.734  Ratio 1.73503
  Level 0  Grids 12  Memory(MB) 125.844  Coverage 1  Ratio 1.50072  Flagged 0  Active 2097152
  Level 1  Grids 16  Memory(MB) 2.00389  Coverage 0.00938559  Ratio 1.88653  Flagged 0  Active 157464
  Level 2  Grids 18  Memory(MB) 32.1974  Coverage 0.00507736  Ratio 2.09246  Flagged 0  Active 681472
  Level 3  Grids 26  Memory(MB) 9.37426  Coverage 2.17333e-05  Ratio 1.69295  Flagged 0  Active 23336
  Level 4  Grids 11  Memory(MB) 3.31439  Coverage 6.14673e-07  Ratio 1.28485  Flagged 0  Active 5280

Cycle 138  Time 17.257123428379  MaxDepth 4  Grids 87  Memory(MB) 172.734  Ratio 1.73897
  Level 0  Grids 12  Memory(MB) 125.823  Coverage 1  Ratio 1.50072  Flagged 0  Active 2097152
  Level 1  Grids 16  Memory(MB) 1.99596  Coverage 0.00938559  Ratio 1.88653  Flagged 0  Active 157464
  Level 2  Grids 18  Memory(MB) 31.6146  Coverage 0.00507736  Ratio 2.09246  Flagged 0  Active 681472
  Level 3  Grids 25  Memory(MB) 9.28128  Coverage 2.18302e-05  Ratio 1.662  Flagged 0  Active 23440
  Level 4  Grids 16  Memory(MB) 4.01974  Coverage 8.64267e-07  Ratio 1.49271  Flagged 0  Active 7424

Cycle 139  Time 17.645275169433  MaxDepth 4  Grids 85  Memory(MB) 172.734  Ratio 1.76776
  Level 0  Grids 12  Memory(MB) 125.803  Coverage 1  Ratio 1.50072  Flagged 0  Active 2097152
  Level 1  Grids 16  Memory(MB) 1.98302  Coverage 0.00938559  Ratio 1.88653  Flagged 0  Active 157464
  Level 2  Grids 18  Memory(MB) 31.7264  Coverage 0.00507736  Ratio 2.09246  Flagged 0  Active 681472
  Level 3  Grids 26  Memory(MB) 8.92754  Coverage 2.00793e-05  Ratio 1.72701  Flagged 0  Active 21560
  Level 4  Grids 13  Memory(MB) 4.2938  Coverage 9.85339e-07  Ratio 1.5  Flagged 0  Active 8464

Cycle 140  Time 18.04215148099  MaxDepth 4  Grids 87  Memory(MB) 172.734  Ratio 1.68208
  Level 0  Grids 12  Memory(MB) 125.784  Coverage 1  Ratio 1.50072  Flagged 0  Active 2097152
  Level 1  Grids 16  Memory(MB) 1.97619  Coverage 0.00938559  Ratio 1.88653  Flagged 0  Active 157464
  Level 2  Grids 18  Memory(MB) 31.175  Coverage 0.00507736  Ratio 2.09246  Flagged 0  Active 681472
  Level 3  Grids 27  Memory(MB) 9.80274  Coverage 1.97291e-05  Ratio 1.52469  Flagged 0  Active 21184
  Level 4  Grids 14  Memory(MB) 3.99594  Coverage 8.82894e-07  Ratio 1.37976  Flagged 0  Active 7584

Cycle 141  Time 18.447948063844  MaxDepth 4  Grids 87  Memory(MB) 172.734  Ratio 1.65622
  Level 0  Grids 12  Memory(MB) 125.765  Coverage 1  Ratio 1.50072  Flagged 0  Active 2097152
  Level 1  Grids 16  Memory(MB) 1.96844  Coverage 0.00938559  Ratio 1.88653  Flagged 0  Active 157464
  Level 2  Grids 18  Memory(MB) 31.3055  Coverage 0.00507736  Ratio 2.09246  Flagged 0  Active 681472
  Level 3  Grids 27  Memory(MB) 9.66504  Coverage 1.89766e-05  Ratio 1.44074  Flagged 0  Active 20376
  Level 4  Grids 14  Memory(MB) 4.03035  Coverage 8.81962e-07  Ratio 1.38095  Flagged 0  Active 7576

Cycle 142  Time 18.862864980683  MaxDepth 4  Grids 86  Memory(MB) 172.734  Ratio 1.69737
  Level 0  Grids 12  Memory(MB) 125.744  Coverage 1  Ratio 1.50072  Flagged 0  Active 2097152
  Level 1  Grids 16  Memory(MB) 1.95953  Coverage 0.00938559  Ratio 1.88653  Flagged 0  Active 157464
  Level 2  Grids 18  Memory(MB) 30.3786  Coverage 0.00507736  Ratio 2.09246  Flagged 0  Active 681472
  Level 3  Grids 28  Memory(MB) 10.6763  Coverage 2.04593e-05  Ratio 1.59702  Flagged 0  Active 21968
  Level 4  Grids 12  Memory(MB) 3.97569  Coverage 9.82545e-07  Ratio 1.28333  Flagged 0  Active 8440

Cycle 143  Time 19.287106751382  MaxDepth 4  Grids 89  Memory(MB) 172.734  Ratio 1.69971
  Level 0  Grids 12  Memory(MB) 125.721  Coverage 1  Ratio 1.50072  Flagged 0  Active 2097152
  Level 1  Grids 16  Memory(MB) 1.9477  Coverage 0.00938559  Ratio 1.88653  Flagged 0  Active 157464
  Level 2  Grids 18  Memory(MB) 29.5989  Coverage 0.00507736  Ratio 2.09246  Flagged 0  Active 681472
  Level 3  Grids 29  Memory(MB) 11.3338  Coverage 2.20686e-05  Ratio 1.60115  Flagged 0  Active 23696
  Level 4  Grids 14  Memory(MB) 4.13236  Coverage 8.86619e-07  Ratio 1.35595  Flagged 0  Active 7616

Cycle 144  Time 19.720882450243  MaxDepth 4  Grids 84  Memory(MB) 172.734  Ratio 1.75088
  Level 0  Grids 12  Memory(MB) 125.703  Coverage 1  Ratio 1.50072  Flagged 0  Active 2097152
  Level 1  Grids 16  Memory(MB) 1.9355  Coverage 0.00938559  Ratio 1.88653  Flagged 0  Active 157464
  Level 2  Grids 18  Memory(MB) 28.7289  Coverage 0.00507736  Ratio 2.09246  Flagged 0  Active 681472
  Level 3  Grids 23  Memory(MB) 11.3905  Coverage 2.41175e-05  Ratio 1.57536  Flagged 0  Active 25896
  Level 4  Grids 15  Memory(MB) 4.97614  Coverage 1.0822e-06  Ratio 1.66556  Flagged 0  Active 9296

Cycle 145  Time 20.164405805212  MaxDepth 4  Grids 84  Memory(MB) 172.734  Ratio 1.73059
  Level 0  Grids 12  Memory(MB) 125.681  Coverage 1  Ratio 1.50072  Flagged 0  Active 2097152
  Level 1  Grids 16  Memory(MB) 1.91982  Coverage 0.00938559  Ratio 1.88653  Flagged 0  Active 157464
  Level 2  Grids 18  Memory(MB) 28.3485  Coverage 0.00507736  Ratio 2.09246  Flagged 0  Active 681472
  Level 3  Grids 25  Memory(MB) 11.7864  Coverage 2.48551e-05  Ratio 1.51381  Flagged 0  Active 26688
  Level 4  Grids 13  Memory(MB) 4.99822  Coverage 1.00303e-06  Ratio 1.66667  Flagged 0  Active 8616

Cycle 146  Time 20.617895299103  MaxDepth 4  Grids 83  Memory(MB) 172.734  Ratio 1.71816
  Level 0  Grids 12  Memory(MB) 125.659  Coverage 1  Ratio 1.50072  Flagged 0  Active 2097152
  Level 1  Grids 16  Memory(MB) 1.90505  Coverage 0.00938559  Ratio 1.88653  Flagged 0  Active 157464
  Level 2  Grids 18  Memory(MB) 28.0326  Coverage 0.00507736  Ratio 2.09246  Flagged 0  Active 681472
  Level 3  Grids 23  Memory(MB) 11.5359  Coverage 2.52202e-05  Ratio 1.51594  Flagged 0  Active 27080
  Level 4  Grids 14  Memory(MB) 5.60198  Coverage 1.1744e-06  Ratio 1.5631  Flagged 0  Active 10088

Cycle 147  Time 20.816431918178  MaxDepth 4  Grids 85  Memory(MB) 172.734  Ratio 1.70342
  Level 0  Grids 12  Memory(MB) 125.65  Coverage 1  Ratio 1.50072  Flagged 0  Active 2097152
  Level 1  Grids 16  Memory(MB) 1.90017  Coverage 0.00938559  Ratio 1.88653  Flagged 0  Active 157464
  Level 2  Grids 18  Memory(MB) 27.938  Coverage 0.00507736  Ratio 2.09246  Flagged 0  Active 681472
  Level 3  Grids 25  Memory(MB) 11.3674  Coverage 2.38791e-05  Ratio 1.514  Flagged 0  Active 25640
  Level 4  Grids 14  Memory(MB) 5.87903  Coverage 1.17067e-06  Ratio 1.50595  Flagged 0  Active 10056

Cycle 148  Time 21.284571617511  MaxDepth 4  Grids 86  Memory(MB) 172.734  Ratio 1.67176
  Level 0  Grids 12  Memory(MB) 125.623  Coverage 1  Ratio 1.50072  Flagged 0  Active 2097152
  Level 1  Grids 16  Memory(MB) 1.88583  Coverage 0.00938559  Ratio 1.88653  Flagged 0  Active 157464
  Level 2  Grids 18  Memory(MB) 27.3188  Coverage 0.00507736  Ratio 2.09246  Flagged 0  Active 681472
  Level 3  Grids 23  Memory(MB) 11.4469  Coverage 2.45348e-05  Ratio 1.48903  Flagged 0  Active 26344
  Level 4  Grids 17  Memory(MB) 6.45955  Coverage 1.30292e-06  Ratio 1.39216  Flagged 0  Active 11192

Cycle 149  Time 21.76322904195  MaxDepth 4  Grids 87  Memory(MB) 172.734  Ratio 1.70171
  Level 0  Grids 12  Memory(MB) 125.596  Coverage 1  Ratio 1.50072  Flagged 0  Active 2097152
  Level 1  Grids 16  Memory(MB) 1.86869  Coverage 0.00938559  Ratio 1.88653  Flagged 0  Active 157464
  Level 2  Grids 18  Memory(MB) 27.1401  Coverage 0.00507736  Ratio 2.09246  Flagged 0  Active 681472
  Level 3  Grids 25  Memory(MB) 10.9064  Coverage 2.29701e-05  Ratio 1.55467  Flagged 0  Active 24664
  Level 4  Grids 16  Memory(MB) 7.22254  Coverage 1.56183e-06  Ratio 1.45781  Flagged 0  Active 13416

Cycle 150  Time 22.252639786721  MaxDepth 4  Grids 86  Memory(MB) 172.734  Ratio 1.75571
  Level 0  Grids 12  Memory(MB) 125.568  Coverage 1  Ratio 1.50072  Flagged 0  Active 2097152
  Level 1  Grids 16  Memory(MB) 1.85289  Coverage 0.00938559  Ratio 1.88653  Flagged 0  Active 157464
  Level 2  Grids 18  Memory(MB) 26.0274  Coverage 0.00507736  Ratio 2.09246  Flagged 0  Active 681472
  Level 3  Grids 24  Memory(MB) 12.1607  Coverage 2.73958e-05  Ratio 1.57153  Flagged 0  Active 29416
  Level 4  Grids 16  Memory(MB) 7.12468  Coverage 1.4957e-06  Ratio 1.71354  Flagged 0  Active 12848

