Cycle 0  Time 0.81651206650085  MaxDepth 1  Grids 20  Memory(MB) 132.496  Ratio 1.33861
  Level 0  Grids 12  Memory(MB) 127.222  Coverage 1  Ratio 1.50072  Flagged 0  Active 2097152
  Level 1  Grids 8  Memory(MB) 5.27381  Coverage 0.00507736  Ratio 1.09545  Flagged 0  Active 85184
  Level 2  Grids 0  Memory(MB) 0  Coverage 0  Ratio 0  Flagged 0  Active 0
  Level 3  Grids 0  Memory(MB) 0  Coverage 0  Ratio 0  Flagged 0  Active 0
  Level 4  Grids 0  Memory(MB) 0  Coverage 0  Ratio 0  Flagged 0  Active 0

Cycle 1  Time 0.83488321959675  MaxDepth 1  Grids 20  Memory(MB) 132.496  Ratio 1.33861
  Level 0  Grids 12  Memory(MB) 127.221  Coverage 1  Ratio 1.50072  Flagged 0  Active 2097152
  Level 1  Grids 8  Memory(MB) 5.27515  Coverage 0.00507736  Ratio 1.09545  Flagged 0  Active 85184
  Level 2  Grids 0  Memory(MB) 0  Coverage 0  Ratio 0  Flagged 0  Active 0
  Level 3  Grids 0  Memory(MB) 0  Coverage 0  Ratio 0  Flagged 0  Active 0
  Level 4  Grids 0  Memory(MB) 0  Coverage 0  Ratio 0  Flagged 0  Active 0

Cycle 2  Time 0.85366771432467  MaxDepth 1  Grids 20  Memory(MB) 132.496  Ratio 1.33861
  Level 0  Grids 12  Memory(MB) 127.22  Coverage 1  Ratio 1.50072  Flagged 0  Active 2097152
  Level 1  Grids 8  Memory(MB) 5.276  Coverage 0.00507736  Ratio 1.09545  Flagged 0  Active 85184
  Level 2  Grids 0  Memory(MB) 0  Coverage 0  Ratio 0  Flagged 0  Active 0
  Level 3  Grids 0  Memory(MB) 0  Coverage 0  Ratio 0  Flagged 0  Active 0
  Level 4  Grids 0  Memory(MB) 0  Coverage 0  Ratio 0  Flagged 0  Active 0

Cycle 3  Time 0.87287485061897  MaxDepth 1  Grids 20  Memory(MB) 132.496  Ratio 1.33861
  Level 0  Grids 12  Memory(MB) 127.219  Coverage 1  Ratio 1.50072  Flagged 0  Active 2097152
  Level 1  Grids 8  Memory(MB) 5.27686  Coverage 0.00507736  Ratio 1.09545  Flagged 0  Active 85184
  Level 2  Grids 0  Memory(MB) 0  Coverage 0  Ratio 0  Flagged 0  Active 0
  Level 3  Grids 0  Memory(MB) 0  Coverage 0  Ratio 0  Flagged 0  Active 0
  Level 4  Grids 0  Memory(MB) 0  Coverage 0  Ratio 0  Flagged 0  Active 0

Cycle 4  Time 0.89251413765389  MaxDepth 1  Grids 20  Memory(MB) 132.496  Ratio 1.33861
  Level 0  Grids 12  Memory(MB) 127.218  Coverage 1  Ratio 1.50072  Flagged 0  Active 2097152
  Level 1  Grids 8  Memory(MB) 5.27771  Coverage 0.00507736  Ratio 1.09545  Flagged 0  Active 85184
  Level 2  Grids 0  Memory(MB) 0  Coverage 0  Ratio 0  Flagged 0  Active 0
  Level 3  Grids 0  Memory(MB) 0  Coverage 0  Ratio 0  Flagged 0  Active 0
  Level 4  Grids 0  Memory(MB) 0  Coverage 0  Ratio 0  Flagged 0  Active 0

Cycle 5  Time 0.91259529855103  MaxDepth 1  Grids 20  Memory(MB) 132.496  Ratio 1.33861
  Level 0  Grids 12  Memory(MB) 127.217  Coverage 1  Ratio 1.50072  Flagged 0  Active 2097152
  Level 1  Grids 8  Memory(MB) 5.27838  Coverage 0.00507736  Ratio 1.09545  Flagged 0  Active 85184
  Level 2  Grids 0  Memory(MB) 0  Coverage 0  Ratio 0  Flagged 0  Active 0
  Level 3  Grids 0  Memory(MB) 0  Coverage 0  Ratio 0  Flagged 0  Active 0
  Level 4  Grids 0  Memory(MB) 0  Coverage 0  Ratio 0  Flagged 0  Active 0

Cycle 6  Time 0.93312827519279  MaxDepth 1  Grids 20  Memory(MB) 132.496  Ratio 1.33861
  Level 0  Grids 12  Memory(MB) 127.216  Coverage 1  Ratio 1.50072  Flagged 0  Active 2097152
  Level 1  Grids 8  Memory(MB) 5.2793  Coverage 0.00507736  Ratio 1.09545  Flagged 0  Active 85184
  Level 2  Grids 0  Memory(MB) 0  Coverage 0  Ratio 0  Flagged 0  Active 0
  Level 3  Grids 0  Memory(MB) 0  Coverage 0  Ratio 0  Flagged 0  Active 0
  Level 4  Grids 0  Memory(MB) 0  Coverage 0  Ratio 0  Flagged 0  Active 0

Cycle 7  Time 0.95412323314403  MaxDepth 1  Grids 20  Memory(MB) 132.496  Ratio 1.33861
  Level 0  Grids 12  Memory(MB) 127.215  Coverage 1  Ratio 1.50072  Flagged 0  Active 2097152
  Level 1  Grids 8  Memory(MB) 5.28076  Coverage 0.00507736  Ratio 1.09545  Flagged 0  Active 85184
  Level 2  Grids 0  Memory(MB) 0  Coverage 0  Ratio 0  Flagged 0  Active 0
  Level 3  Grids 0  Memory(MB) 0  Coverage 0  Ratio 0  Flagged 0  Active 0
  Level 4  Grids 0  Memory(MB) 0  Coverage 0  Ratio 0  Flagged 0  Active 0

Cycle 8  Time 0.97559056668441  MaxDepth 1  Grids 20  Memory(MB) 132.496  Ratio 1.33861
  Level 0  Grids 12  Memory(MB) 127.214  Coverage 1  Ratio 1.50072  Flagged 0  Active 2097152
  Level 1  Grids 8  Memory(MB) 5.28149  Coverage 0.00507736  Ratio 1.09545  Flagged 0  Active 85184
  Level 2  Grids 0  Memory(MB) 0  Coverage 0  Ratio 0  Flagged 0  Active 0
  Level 3  Grids 0  Memory(MB) 0  Coverage 0  Ratio 0  Flagged 0  Active 0
  Level 4  Grids 0  Memory(MB) 0  Coverage 0  Ratio 0  Flagged 0  Active 0

Cycle 9  Time 0.997540903954  MaxDepth 1  Grids 20  Memory(MB) 132.496  Ratio 1.33861
  Level 0  Grids 12  Memory(MB) 127.213  Coverage 1  Ratio 1.50072  Flagged 0  Active 2097152
  Level 1  Grids 8  Memory(MB) 5.28241  Coverage 0.00507736  Ratio 1.09545  Flagged 0  Active 85184
  Level 2  Grids 0  Memory(MB) 0  Coverage 0  Ratio 0  Flagged 0  Active 0
  Level 3  Grids 0  Memory(MB) 0  Coverage 0  Ratio 0  Flagged 0  Active 0
  Level 4  Grids 0  Memory(MB) 0  Coverage 0  Ratio 0  Flagged 0  Active 0

Cycle 10  Time 1.0199851122146  MaxDepth 1  Grids 20  Memory(MB) 132.496  Ratio 1.33861
  Level 0  Grids 12  Memory(MB) 127.212  Coverage 1  Ratio 1.50072  Flagged 0  Active 2097152
  Level 1  Grids 8  Memory(MB) 5.28326  Coverage 0.00507736  Ratio 1.09545  Flagged 0  Active 85184
  Level 2  Grids 0  Memory(MB) 0  Coverage 0  Ratio 0  Flagged 0  Active 0
  Level 3  Grids 0  Memory(MB) 0  Coverage 0  Ratio 0  Flagged 0  Active 0
  Level 4  Grids 0  Memory(MB) 0  Coverage 0  Ratio 0  Flagged 0  Active 0

Cycle 11  Time 1.0429343032296  MaxDepth 1  Grids 20  Memory(MB) 132.496  Ratio 1.33861
  Level 0  Grids 12  Memory(MB) 127.211  Coverage 1  Ratio 1.50072  Flagged 0  Active 2097152
  Level 1  Grids 8  Memory(MB) 5.28467  Coverage 0.00507736  Ratio 1.09545  Flagged 0  Active 85184
  Level 2  Grids 0  Memory(MB) 0  Coverage 0  Ratio 0  Flagged 0  Active 0
  Level 3  Grids 0  Memory(MB) 0  Coverage 0  Ratio 0  Flagged 0  Active 0
  Level 4  Grids 0  Memory(MB) 0  Coverage 0  Ratio 0  Flagged 0  Active 0

Cycle 12  Time 1.0663998387641  MaxDepth 1  Grids 20  Memory(MB) 132.496  Ratio 1.33861
  Level 0  Grids 12  Memory(MB) 127.209  Coverage 1  Ratio 1.50072  Flagged 0  Active 2097152
  Level 1  Grids 8  Memory(MB) 5.28674  Coverage 0.00507736  Ratio 1.09545  Flagged 0  Active 85184
  Level 2  Grids 0  Memory(MB) 0  Coverage 0  Ratio 0  Flagged 0  Active 0
  Level 3  Grids 0  Memory(MB) 0  Coverage 0  Ratio 0  Flagged 0  Active 0
  Level 4  Grids 0  Memory(MB) 0  Coverage 0  Ratio 0  Flagged 0  Active 0

Cycle 13  Time 1.0903933362101  MaxDepth 1  Grids 20  Memory(MB) 132.496  Ratio 1.33861
  Level 0  Grids 12  Memory(MB) 127.206  Coverage 1  Ratio 1.50072  Flagged 0  Active 2097152
  Level 1  Grids 8  Memory(MB) 5.28937  Coverage 0.00507736  Ratio 1.09545  Flagged 0  Active 85184
  Level 2  Grids 0  Memory(MB) 0  Coverage 0  Ratio 0  Flagged 0  Active 0
  Level 3  Grids 0  Memory(MB) 0  Coverage 0  Ratio 0  Flagged 0  Active 0
  Level 4  Grids 0  Memory(MB) 0  Coverage 0  Ratio 0  Flagged 0  Active 0

Cycle 14  Time 1.1149266743368  MaxDepth 1  Grids 20  Memory(MB) 132.496  Ratio 1.33861
  Level 0  Grids 12  Memory(MB) 127.204  Coverage 1  Ratio 1.50072  Flagged 0  Active 2097152
  Level 1  Grids 8  Memory(MB) 5.29223  Coverage 0.00507736  Ratio 1.09545  Flagged 0  Active 85184
  Level 2  Grids 0  Memory(MB) 0  Coverage 0  Ratio 0  Flagged 0  Active 0
  Level 3  Grids 0  Memory(MB) 0  Coverage 0  Ratio 0  Flagged 0  Active 0
  Level 4  Grids 0  Memory(MB) 0  Coverage 0  Ratio 0  Flagged 0  Active 0

Cycle 15  Time 1.1400119991719  MaxDepth 1  Grids 20  Memory(MB) 132.496  Ratio 1.33861
  Level 0  Grids 12  Memory(MB) 127.201  Coverage 1  Ratio 1.50072  Flagged 0  Active 2097152
  Level 1  Grids 8  Memory(MB) 5.2948  Coverage 0.00507736  Ratio 1.09545  Flagged 0  Active 85184
  Level 2  Grids 0  Memory(MB) 0  Coverage 0  Ratio 0  Flagged 0  Active 0
  Level 3  Grids 0  Memory(MB) 0  Coverage 0  Ratio 0  Flagged 0  Active 0
  Level 4  Grids 0  Memory(MB) 0  Coverage 0  Ratio 0  Flagged 0  Active 0

Cycle 16  Time 1.1656617300148  MaxDepth 1  Grids 20  Memory(MB) 132.496  Ratio 1.33861
  Level 0  Grids 12  Memory(MB) 127.198  Coverage 1  Ratio 1.50072  Flagged 0  Active 2097152
  Level 1  Grids 8  Memory(MB) 5.29778  Coverage 0.00507736  Ratio 1.09545  Flagged 0  Active 85184
  Level 2  Grids 0  Memory(MB) 0  Coverage 0  Ratio 0  Flagged 0  Active 0
  Level 3  Grids 0  Memory(MB) 0  Coverage 0  Ratio 0  Flagged 0  Active 0
  Level 4  Grids 0  Memory(MB) 0  Coverage 0  Ratio 0  Flagged 0  Active 0

Cycle 17  Time 1.1918885655813  MaxDepth 1  Grids 20  Memory(MB) 132.496  Ratio 1.33861
  Level 0  Grids 12  Memory(MB) 127.195  Coverage 1  Ratio 1.50072  Flagged 0  Active 2097152
  Level 1  Grids 8  Memory(MB) 5.30035  Coverage 0.00507736  Ratio 1.09545  Flagged 0  Active 85184
  Level 2  Grids 0  Memory(MB) 0  Coverage 0  Ratio 0  Flagged 0  Active 0
  Level 3  Grids 0  Memory(MB) 0  Coverage 0  Ratio 0  Flagged 0  Active 0
  Level 4  Grids 0  Memory(MB) 0  Coverage 0  Ratio 0  Flagged 0  Active 0

Cycle 18  Time 1.2187054902911  MaxDepth 1  Grids 20  Memory(MB) 132.496  Ratio 1.33861
  Level 0  Grids 12  Memory(MB) 127.193  Coverage 1  Ratio 1.50072  Flagged 0  Active 2097152
  Level 1  Grids 8  Memory(MB) 5.30315  Coverage 0.00507736  Ratio 1.09545  Flagged 0  Active 85184
  Level 2  Grids 0  Memory(MB) 0  Coverage 0  Ratio 0  Flagged 0  Active 0
  Level 3  Grids 0  Memory(MB) 0  Coverage 0  Ratio 0  Flagged 0  Active 0
  Level 4  Grids 0  Memory(MB) 0  Coverage 0  Ratio 0  Flagged 0  Active 0

Cycle 19  Time 1.2461257806956  MaxDepth 1  Grids 20  Memory(MB) 132.496  Ratio 1.33861
  Level 0  Grids 12  Memory(MB) 127.19  Coverage 1  Ratio 1.50072  Flagged 0  Active 2097152
  Level 1  Grids 8  Memory(MB) 5.30602  Coverage 0.00507736  Ratio 1.09545  Flagged 0  Active 85184
  Level 2  Grids 0  Memory(MB) 0  Coverage 0  Ratio 0  Flagged 0  Active 0
  Level 3  Grids 0  Memory(MB) 0  Coverage 0  Ratio 0  Flagged 0  Active 0
  Level 4  Grids 0  Memory(MB) 0  Coverage 0  Ratio 0  Flagged 0  Active 0

Cycle 20  Time 1.2741630120497  MaxDepth 1  Grids 20  Memory(MB) 132.496  Ratio 1.33861
  Level 0  Grids 12  Memory(MB) 127.187  Coverage 1  Ratio 1.50072  Flagged 0  Active 2097152
  Level 1  Grids 8  Memory(MB) 5.30828  Coverage 0.00507736  Ratio 1.09545  Flagged 0  Active 85184
  Level 2  Grids 0  Memory(MB) 0  Coverage 0  Ratio 0  Flagged 0  Active 0
  Level 3  Grids 0  Memory(MB) 0  Coverage 0  Ratio 0  Flagged 0  Active 0
  Level 4  Grids 0  Memory(MB) 0  Coverage 0  Ratio 0  Flagged 0  Active 0

Cycle 21  Time 1.3028310650317  MaxDepth 1  Grids 20  Memory(MB) 132.496  Ratio 1.33861
  Level 0  Grids 12  Memory(MB) 127.185  Coverage 1  Ratio 1.50072  Flagged 0  Active 2097152
  Level 1  Grids 8  Memory(MB) 5.3109  Coverage 0.00507736  Ratio 1.09545  Flagged 0  Active 85184
  Level 2  Grids 0  Memory(MB) 0  Coverage 0  Ratio 0  Flagged 0  Active 0
  Level 3  Grids 0  Memory(MB) 0  Coverage 0  Ratio 0  Flagged 0  Active 0
  Level 4  Grids 0  Memory(MB) 0  Coverage 0  Ratio 0  Flagged 0  Active 0

Cycle 22  Time 1.3321441326142  MaxDepth 1  Grids 20  Memory(MB) 132.496  Ratio 1.33861
  Level 0  Grids 12  Memory(MB) 127.182  Coverage 1  Ratio 1.50072  Flagged 0  Active 2097152
  Level 1  Grids 8  Memory(MB) 5.3134  Coverage 0.00507736  Ratio 1.09545  Flagged 0  Active 85184
  Level 2  Grids 0  Memory(MB) 0  Coverage 0  Ratio 0  Flagged 0  Active 0
  Level 3  Grids 0  Memory(MB) 0  Coverage 0  Ratio 0  Flagged 0  Active 0
  Level 4  Grids 0  Memory(MB) 0  Coverage 0  Ratio 0  Flagged 0  Active 0

Cycle 23  Time 1.3621167270897  MaxDepth 1  Grids 20  Memory(MB) 132.496  Ratio 1.33861
  Level 0  Grids 12  Memory(MB) 127.178  Coverage 1  Ratio 1.50072  Flagged 0  Active 2097152
  Level 1  Grids 8  Memory(MB) 5.31731  Coverage 0.00507736  Ratio 1.09545  Flagged 0  Active 85184
  Level 2  Grids 0  Memory(MB) 0  Coverage 0  Ratio 0  Flagged 0  Active 0
  Level 3  Grids 0  Memory(MB) 0  Coverage 0  Ratio 0  Flagged 0  Active 0
  Level 4  Grids 0  Memory(MB) 0  Coverage 0  Ratio 0  Flagged 0  Active 0

Cycle 24  Time 1.3927636872537  MaxDepth 1  Grids 20  Memory(MB) 132.496  Ratio 1.33861
  Level 0  Grids 12  Memory(MB) 127.176  Coverage 1  Ratio 1.50072  Flagged 0  Active 2097152
  Level 1  Grids 8  Memory(MB) 5.31993  Coverage 0.00507736  Ratio 1.09545  Flagged 0  Active 85184
  Level 2  Grids 0  Memory(MB) 0  Coverage 0  Ratio 0  Flagged 0  Active 0
  Level 3  Grids 0  Memory(MB) 0  Coverage 0  Ratio 0  Flagged 0  Active 0
  Level 4  Grids 0  Memory(MB) 0  Coverage 0  Ratio 0  Flagged 0  Active 0

Cycle 25  Time 1.4241001857501  MaxDepth 1  Grids 20  Memory(MB) 132.496  Ratio 1.33861
  Level 0  Grids 12  Memory(MB) 127.174  Coverage 1  Ratio 1.50072  Flagged 0  Active 2097152
  Level 1  Grids 8  Memory(MB) 5.32194  Coverage 0.00507736  Ratio 1.09545  Flagged 0  Active 85184
  Level 2  Grids 0  Memory(MB) 0  Coverage 0  Ratio 0  Flagged 0  Active 0
  Level 3  Grids 0  Memory(MB) 0  Coverage 0  Ratio 0  Flagged 0  Active 0
  Level 4  Grids 0  Memory(MB) 0  Coverage 0  Ratio 0  Flagged 0  Active 0

Cycle 26  Time 1.4561417365815  MaxDepth 1  Grids 20  Memory(MB) 132.496  Ratio 1.33861
  Level 0  Grids 12  Memory(MB) 127.172  Coverage 1  Ratio 1.50072  Flagged 0  Active 2097152
  Level 1  Grids 8  Memory(MB) 5.3239  Coverage 0.00507736  Ratio 1.09545  Flagged 0  Active 85184
  Level 2  Grids 0  Memory(MB) 0  Coverage 0  Ratio 0  Flagged 0  Active 0
  Level 3  Grids 0  Memory(MB) 0  Coverage 0  Ratio 0  Flagged 0  Active 0
  Level 4  Grids 0  Memory(MB) 0  Coverage 0  Ratio 0  Flagged 0  Active 0

Cycle 27  Time 1.4889042027877  MaxDepth 1  Grids 20  Memory(MB) 132.496  Ratio 1.33861
  Level 0  Grids 12  Memory(MB) 127.171  Coverage 1  Ratio 1.50072  Flagged 0  Active 2097152
  Level 1  Grids 8  Memory(MB) 5.32506  Coverage 0.00507736  Ratio 1.09545  Flagged 0  Active 85184
  Level 2  Grids 0  Memory(MB) 0  Coverage 0  Ratio 0  Flagged 0  Active 0
  Level 3  Grids 0  Memory(MB) 0  Coverage 0  Ratio 0  Flagged 0  Active 0
  Level 4  Grids 0  Memory(MB) 0  Coverage 0  Ratio 0  Flagged 0  Active 0

Cycle 28  Time 1.522403804298  MaxDepth 1  Grids 20  Memory(MB) 132.496  Ratio 1.33861
  Level 0  Grids 12  Memory(MB) 127.17  Coverage 1  Ratio 1.50072  Flagged 0  Active 2097152
  Level 1  Grids 8  Memory(MB) 5.32609  Coverage 0.00507736  Ratio 1.09545  Flagged 0  Active 85184
  Level 2  Grids 0  Memory(MB) 0  Coverage 0  Ratio 0  Flagged 0  Active 0
  Level 3  Grids 0  Memory(MB) 0  Coverage 0  Ratio 0  Flagged 0  Active 0
  Level 4  Grids 0  Memory(MB) 0  Coverage 0  Ratio 0  Flagged 0  Active 0

Cycle 29  Time 1.5566571259621  MaxDepth 1  Grids 20  Memory(MB) 132.496  Ratio 1.33861
  Level 0  Grids 12  Memory(MB) 127.169  Coverage 1  Ratio 1.50072  Flagged 0  Active 2097152
  Level 1  Grids 8  Memory(MB) 5.32713  Coverage 0.00507736  Ratio 1.09545  Flagged 0  Active 85184
  Level 2  Grids 0  Memory(MB) 0  Coverage 0  Ratio 0  Flagged 0  Active 0
  Level 3  Grids 0  Memory(MB) 0  Coverage 0  Ratio 0  Flagged 0  Active 0
  Level 4  Grids 0  Memory(MB) 0  Coverage 0  Ratio 0  Flagged 0  Active 0

Cycle 30  Time 1.5916811257572  MaxDepth 1  Grids 20  Memory(MB) 132.496  Ratio 1.33861
  Level 0  Grids 12  Memory(MB) 127.168  Coverage 1  Ratio 1.50072  Flagged 0  Active 2097152
  Level 1  Grids 8  Memory(MB) 5.32823  Coverage 0.00507736  Ratio 1.09545  Flagged 0  Active 85184
  Level 2  Grids 0  Memory(MB) 0  Coverage 0  Ratio 0  Flagged 0  Active 0
  Level 3  Grids 0  Memory(MB) 0  Coverage 0  Ratio 0  Flagged 0  Active 0
  Level 4  Grids 0  Memory(MB) 0  Coverage 0  Ratio 0  Flagged 0  Active 0

Cycle 31  Time 1.6274931431778  MaxDepth 1  Grids 20  Memory(MB) 132.496  Ratio 1.33861
  Level 0  Grids 12  Memory(MB) 127.167  Coverage 1  Ratio 1.50072  Flagged 0  Active 2097152
  Level 1  Grids 8  Memory(MB) 5.32908  Coverage 0.00507736  Ratio 1.09545  Flagged 0  Active 85184
  Level 2  Grids 0  Memory(MB) 0  Coverage 0  Ratio 0  Flagged 0  Active 0
  Level 3  Grids 0  Memory(MB) 0  Coverage 0  Ratio 0  Flagged 0  Active 0
  Level 4  Grids 0  Memory(MB) 0  Coverage 0  Ratio 0  Flagged 0  Active 0

Cycle 32  Time 1.6641109078204  MaxDepth 1  Grids 20  Memory(MB) 132.496  Ratio 1.33861
  Level 0  Grids 12  Memory(MB) 127.166  Coverage 1  Ratio 1.50072  Flagged 0  Active 2097152
  Level 1  Grids 8  Memory(MB) 5.33  Coverage 0.00507736  Ratio 1.09545  Flagged 0  Active 85184
  Level 2  Grids 0  Memory(MB) 0  Coverage 0  Ratio 0  Flagged 0  Active 0
  Level 3  Grids 0  Memory(MB) 0  Coverage 0  Ratio 0  Flagged 0  Active 0
  Level 4  Grids 0  Memory(MB) 0  Coverage 0  Ratio 0  Flagged 0  Active 0

Cycle 33  Time 1.7015525481592  MaxDepth 1  Grids 20  Memory(MB) 132.496  Ratio 1.33861
  Level 0  Grids 12  Memory(MB) 127.164  Coverage 1  Ratio 1.50072  Flagged 0  Active 2097152
  Level 1  Grids 8  Memory(MB) 5.3314  Coverage 0.00507736  Ratio 1.09545  Flagged 0  Active 85184
  Level 2  Grids 0  Memory(MB) 0  Coverage 0  Ratio 0  Flagged 0  Active 0
  Level 3  Grids 0  Memory(MB) 0  Coverage 0  Ratio 0  Flagged 0  Active 0
  Level 4  Grids 0  Memory(MB) 0  Coverage 0  Ratio 0  Flagged 0  Active 0

Cycle 34  Time 1.7398366005179  MaxDepth 1  Grids 20  Memory(MB) 132.496  Ratio 1.33861
  Level 0  Grids 12  Memory(MB) 127.163  Coverage 1  Ratio 1.50072  Flagged 0  Active 2097152
  Level 1  Grids 8  Memory(MB) 5.33244  Coverage 0.00507736  Ratio 1.09545  Flagged 0  Active 85184
  Level 2  Grids 0  Memory(MB) 0  Coverage 0  Ratio 0  Flagged 0  Active 0
  Level 3  Grids 0  Memory(MB) 0  Coverage 0  Ratio 0  Flagged 0  Active 0
  Level 4  Grids 0  Memory(MB) 0  Coverage 0  Ratio 0  Flagged 0  Active 0

Cycle 35  Time 1.7789820182445  MaxDepth 1  Grids 20  Memory(MB) 132.496  Ratio 1.33861
  Level 0  Grids 12  Memory(MB) 127.163  Coverage 1  Ratio 1.50072  Flagged 0  Active 2097152
  Level 1  Grids 8  Memory(MB) 5.33287  Coverage 0.00507736  Ratio 1.09545  Flagged 0  Active 85184
  Level 2  Grids 0  Memory(MB) 0  Coverage 0  Ratio 0  Flagged 0  Active 0
  Level 3  Grids 0  Memory(MB) 0  Coverage 0  Ratio 0  Flagged 0  Active 0
  Level 4  Grids 0  Memory(MB) 0  Coverage 0  Ratio 0  Flagged 0  Active 0

Cycle 36  Time 1.8190081810915  MaxDepth 1  Grids 20  Memory(MB) 132.496  Ratio 1.33861
  Level 0  Grids 12  Memory(MB) 127.162  Coverage 1  Ratio 1.50072  Flagged 0  Active 2097152
  Level 1  Grids 8  Memory(MB) 5.33402  Coverage 0.00507736  Ratio 1.09545  Flagged 0  Active 85184
  Level 2  Grids 0  Memory(MB) 0  Coverage 0  Ratio 0  Flagged 0  Active 0
  Level 3  Grids 0  Memory(MB) 0  Coverage 0  Ratio 0  Flagged 0  Active 0
  Level 4  Grids 0  Memory(MB) 0  Coverage 0  Ratio 0  Flagged 0  Active 0

Cycle 37  Time 1.8599349048072  MaxDepth 1  Grids 20  Memory(MB) 132.496  Ratio 1.33861
  Level 0  Grids 12  Memory(MB) 127.16  Coverage 1  Ratio 1.50072  Flagged 0  Active 2097152
  Level 1  Grids 8  Memory(MB) 5.33524  Coverage 0.00507736  Ratio 1.09545  Flagged 0  Active 85184
  Level 2  Grids 0  Memory(MB) 0  Coverage 0  Ratio 0  Flagged 0  Active 0
  Level 3  Grids 0  Memory(MB) 0  Coverage 0  Ratio 0  Flagged 0  Active 0
  Level 4  Grids 0  Memory(MB) 0  Coverage 0  Ratio 0  Flagged 0  Active 0

Cycle 38  Time 1.9017824509424  MaxDepth 1  Grids 20  Memory(MB) 132.496  Ratio 1.33861
  Level 0  Grids 12  Memory(MB) 127.16  Coverage 1  Ratio 1.50072  Flagged 0  Active 2097152
  Level 1  Grids 8  Memory(MB) 5.3361  Coverage 0.00507736  Ratio 1.09545  Flagged 0  Active 85184
  Level 2  Grids 0  Memory(MB) 0  Coverage 0  Ratio 0  Flagged 0  Active 0
  Level 3  Grids 0  Memory(MB) 0  Coverage 0  Ratio 0  Flagged 0  Active 0
  Level 4  Grids 0  Memory(MB) 0  Coverage 0  Ratio 0  Flagged 0  Active 0

Cycle 39  Time 1.9445715368786  MaxDepth 1  Grids 20  Memory(MB) 132.496  Ratio 1.33861
  Level 0  Grids 12  Memory(MB) 127.158  Coverage 1  Ratio 1.50072  Flagged 0  Active 2097152
  Level 1  Grids 8  Memory(MB) 5.33732  Coverage 0.00507736  Ratio 1.09545  Flagged 0  Active 85184
  Level 2  Grids 0  Memory(MB) 0  Coverage 0  Ratio 0  Flagged 0  Active 0
  Level 3  Grids 0  Memory(MB) 0  Coverage 0  Ratio 0  Flagged 0  Active 0
  Level 4  Grids 0  Memory(MB) 0  Coverage 0  Ratio 0  Flagged 0  Active 0

Cycle 40  Time 1.9883233460798  MaxDepth 1  Grids 20  Memory(MB) 132.496  Ratio 1.33861
  Level 0  Grids 12  Memory(MB) 127.158  Coverage 1  Ratio 1.50072  Flagged 0  Active 2097152
  Level 1  Grids 8  Memory(MB) 5.33805  Coverage 0.00507736  Ratio 1.09545  Flagged 0  Active 85184
  Level 2  Grids 0  Memory(MB) 0  Coverage 0  Ratio 0  Flagged 0  Active 0
  Level 3  Grids 0  Memory(MB) 0  Coverage 0  Ratio 0  Flagged 0  Active 0
  Level 4  Grids 0  Memory(MB) 0  Coverage 0  Ratio 0  Flagged 0  Active 0

Cycle 41  Time 2.0330595385767  MaxDepth 1  Grids 20  Memory(MB) 132.496  Ratio 1.33861
  Level 0  Grids 12  Memory(MB) 127.156  Coverage 1  Ratio 1.50072  Flagged 0  Active 2097152
  Level 1  Grids 8  Memory(MB) 5.33964  Coverage 0.00507736  Ratio 1.09545  Flagged 0  Active 85184
  Level 2  Grids 0  Memory(MB) 0  Coverage 0  Ratio 0  Flagged 0  Active 0
  Level 3  Grids 0  Memory(MB) 0  Coverage 0  Ratio 0  Flagged 0  Active 0
  Level 4  Grids 0  Memory(MB) 0  Coverage 0  Ratio 0  Flagged 0  Active 0

Cycle 42  Time 2.078802261685  MaxDepth 1  Grids 20  Memory(MB) 132.496  Ratio 1.33861
  Level 0  Grids 12  Memory(MB) 127.154  Coverage 1  Ratio 1.50072  Flagged 0  Active 2097152
  Level 1  Grids 8  Memory(MB) 5.34202  Coverage 0.00507736  Ratio 1.09545  Flagged 0  Active 85184
  Level 2  Grids 0  Memory(MB) 0  Coverage 0  Ratio 0  Flagged 0  Active 0
  Level 3  Grids 0  Memory(MB) 0  Coverage 0  Ratio 0  Flagged 0  Active 0
  Level 4  Grids 0  Memory(MB) 0  Coverage 0  Ratio 0  Flagged 0  Active 0

Cycle 43  Time 2.1255741609753  MaxDepth 1  Grids 20  Memory(MB) 132.496  Ratio 1.33861
  Level 0  Grids 12  Memory(MB) 127.151  Coverage 1  Ratio 1.50072  Flagged 0  Active 2097152
  Level 1  Grids 8  Memory(MB) 5.34452  Coverage 0.00507736  Ratio 1.09545  Flagged 0  Active 85184
  Level 2  Grids 0  Memory(MB) 0  Coverage 0  Ratio 0  Flagged 0  Active 0
  Level 3  Grids 0  Memory(MB) 0  Coverage 0  Ratio 0  Flagged 0  Active 0
  Level 4  Grids 0  Memory(MB) 0  Coverage 0  Ratio 0  Flagged 0  Active 0

Cycle 44  Time 2.1733983914661  MaxDepth 1  Grids 20  Memory(MB) 132.496  Ratio 1.33861
  Level 0  Grids 12  Memory(MB) 127.149  Coverage 1  Ratio 1.50072  Flagged 0  Active 2097152
  Level 1  Grids 8  Memory(MB) 5.34684  Coverage 0.00507736  Ratio 1.09545  Flagged 0  Active 85184
  Level 2  Grids 0  Memory(MB) 0  Coverage 0  Ratio 0  Flagged 0  Active 0
  Level 3  Grids 0  Memory(MB) 0  Coverage 0  Ratio 0  Flagged 0  Active 0
  Level 4  Grids 0  Memory(MB) 0  Coverage 0  Ratio 0  Flagged 0  Active 0

Cycle 45  Time 2.222298629081  MaxDepth 1  Grids 20  Memory(MB) 132.496  Ratio 1.33861
  Level 0  Grids 12  Memory(MB) 127.146  Coverage 1  Ratio 1.50072  Flagged 0  Active 2097152
  Level 1  Grids 8  Memory(MB) 5.34983  Coverage 0.00507736  Ratio 1.09545  Flagged 0  Active 85184
  Level 2  Grids 0  Memory(MB) 0  Coverage 0  Ratio 0  Flagged 0  Active 0
  Level 3  Grids 0  Memory(MB) 0  Coverage 0  Ratio 0  Flagged 0  Active 0
  Level 4  Grids 0  Memory(MB) 0  Coverage 0  Ratio 0  Flagged 0  Active 0

Cycle 46  Time 2.2722990823688  MaxDepth 1  Grids 20  Memory(MB) 132.496  Ratio 1.33861
  Level 0  Grids 12  Memory(MB) 127.143  Coverage 1  Ratio 1.50072  Flagged 0  Active 2097152
  Level 1  Grids 8  Memory(MB) 5.35276  Coverage 0.00507736  Ratio 1.09545  Flagged 0  Active 85184
  Level 2  Grids 0  Memory(MB) 0  Coverage 0  Ratio 0  Flagged 0  Active 0
  Level 3  Grids 0  Memory(MB) 0  Coverage 0  Ratio 0  Flagged 0  Active 0
  Level 4  Grids 0  Memory(MB) 0  Coverage 0  Ratio 0  Flagged 0  Active 0

Cycle 47  Time 2.3234245044821  MaxDepth 1  Grids 20  Memory(MB) 132.496  Ratio 1.33861
  Level 0  Grids 12  Memory(MB) 127.141  Coverage 1  Ratio 1.50072  Flagged 0  Active 2097152
  Level 1  Grids 8  Memory(MB) 5.35465  Coverage 0.00507736  Ratio 1.09545  Flagged 0  Active 85184
  Level 2  Grids 0  Memory(MB) 0  Coverage 0  Ratio 0  Flagged 0  Active 0
  Level 3  Grids 0  Memory(MB) 0  Coverage 0  Ratio 0  Flagged 0  Active 0
  Level 4  Grids 0  Memory(MB) 0  Coverage 0  Ratio 0  Flagged 0  Active 0

Cycle 48  Time 2.3757002054254  MaxDepth 1  Grids 20  Memory(MB) 132.496  Ratio 1.33861
  Level 0  Grids 12  Memory(MB) 127.137  Coverage 1  Ratio 1.50072  Flagged 0  Active 2097152
  Level 1  Grids 8  Memory(MB) 5.35825  Coverage 0.00507736  Ratio 1.09545  Flagged 0  Active 85184
  Level 2  Grids 0  Memory(MB) 0  Coverage 0  Ratio 0  Flagged 0  Active 0
  Level 3  Grids 0  Memory(MB) 0  Coverage 0  Ratio 0  Flagged 0  Active 0
  Level 4  Grids 0  Memory(MB) 0  Coverage 0  Ratio 0  Flagged 0  Active 0

Cycle 49  Time 2.4291520645781  MaxDepth 1  Grids 20  Memory(MB) 132.496  Ratio 1.33861
  Level 0  Grids 12  Memory(MB) 127.134  Coverage 1  Ratio 1.50072  Flagged 0  Active 2097152
  Level 1  Grids 8  Memory(MB) 5.36142  Coverage 0.00507736  Ratio 1.09545  Flagged 0  Active 85184
  Level 2  Grids 0  Memory(MB) 0  Coverage 0  Ratio 0  Flagged 0  Active 0
  Level 3  Grids 0  Memory(MB) 0  Coverage 0  Ratio 0  Flagged 0  Active 0
  Level 4  Grids 0  Memory(MB) 0  Coverage 0  Ratio 0  Flagged 0  Active 0

Cycle 50  Time 2.4838065434992  MaxDepth 1  Grids 20  Memory(MB) 132.496  Ratio 1.33861
  Level 0  Grids 12  Memory(MB) 127.131  Coverage 1  Ratio 1.50072  Flagged 0  Active 2097152
  Level 1  Grids 8  Memory(MB) 5.36484  Coverage 0.00507736  Ratio 1.09545  Flagged 0  Active 85184
  Level 2  Grids 0  Memory(MB) 0  Coverage 0  Ratio 0  Flagged 0  Active 0
  Level 3  Grids 0  Memory(MB) 0  Coverage 0  Ratio 0  Flagged 0  Active 0
  Level 4  Grids 0  Memory(MB) 0  Coverage 0  Ratio 0  Flagged 0  Active 0

Cycle 51  Time 2.5396906990194  MaxDepth 1  Grids 20  Memory(MB) 132.496  Ratio 1.33861
  Level 0  Grids 12  Memory(MB) 127.127  Coverage 1  Ratio 1.50072  Flagged 0  Active 2097152
  Level 1  Grids 8  Memory(MB) 5.36868  Coverage 0.00507736  Ratio 1.09545  Flagged 0  Active 85184
  Level 2  Grids 0  Memory(MB) 0  Coverage 0  Ratio 0  Flagged 0  Active 0
  Level 3  Grids 0  Memory(MB) 0  Coverage 0  Ratio 0  Flagged 0  Active 0
  Level 4  Grids 0  Memory(MB) 0  Coverage 0  Ratio 0  Flagged 0  Active 0

Cycle 52  Time 2.5968321966278  MaxDepth 1  Grids 20  Memory(MB) 132.496  Ratio 1.33861
  Level 0  Grids 12  Memory(MB) 127.122  Coverage 1  Ratio 1.50072  Flagged 0  Active 2097152
  Level 1  Grids 8  Memory(MB) 5.37338  Coverage 0.00507736  Ratio 1.09545  Flagged 0  Active 85184
  Level 2  Grids 0  Memory(MB) 0  Coverage 0  Ratio 0  Flagged 0  Active 0
  Level 3  Grids 0  Memory(MB) 0  Coverage 0  Ratio 0  Flagged 0  Active 0
  Level 4  Grids 0  Memory(MB) 0  Coverage 0  Ratio 0  Flagged 0  Active 0

Cycle 53  Time 2.6552593241582  MaxDepth 1  Grids 20  Memory(MB) 132.496  Ratio 1.33861
  Level 0  Grids 12  Memory(MB) 127.118  Coverage 1  Ratio 1.50072  Flagged 0  Active 2097152
  Level 1  Grids 8  Memory(MB) 5.37728  Coverage 0.00507736  Ratio 1.09545  Flagged 0  Active 85184
  Level 2  Grids 0  Memory(MB) 0  Coverage 0  Ratio 0  Flagged 0  Active 0
  Level 3  Grids 0  Memory(MB) 0  Coverage 0  Ratio 0  Flagged 0  Active 0
  Level 4  Grids 0  Memory(MB) 0  Coverage 0  Ratio 0  Flagged 0  Active 0

Cycle 54  Time 2.7150010057844  MaxDepth 1  Grids 20  Memory(MB) 132.496  Ratio 1.33861
  Level 0  Grids 12  Memory(MB) 127.114  Coverage 1  Ratio 1.50072  Flagged 0  Active 2097152
  Level 1  Grids 8  Memory(MB) 5.38204  Coverage 0.00507736  Ratio 1.09545  Flagged 0  Active 85184
  Level 2  Grids 0  Memory(MB) 0  Coverage 0  Ratio 0  Flagged 0  Active 0
  Level 3  Grids 0  Memory(MB) 0  Coverage 0  Ratio 0  Flagged 0  Active 0
  Level 4  Grids 0  Memory(MB) 0  Coverage 0  Ratio 0  Flagged 0  Active 0

Cycle 55  Time 2.7760868163285  MaxDepth 1  Grids 20  Memory(MB) 132.496  Ratio 1.33861
  Level 0  Grids 12  Memory(MB) 127.109  Coverage 1  Ratio 1.50072  Flagged 0  Active 2097152
  Level 1  Grids 8  Memory(MB) 5.3868  Coverage 0.00507736  Ratio 1.09545  Flagged 0  Active 85184
  Level 2  Grids 0  Memory(MB) 0  Coverage 0  Ratio 0  Flagged 0  Active 0
  Level 3  Grids 0  Memory(MB) 0  Coverage 0  Ratio 0  Flagged 0  Active 0
  Level 4  Grids 0  Memory(MB) 0  Coverage 0  Ratio 0  Flagged 0  Active 0

Cycle 56  Time 2.838546995891  MaxDepth 1  Grids 20  Memory(MB) 132.496  Ratio 1.33861
  Level 0  Grids 12  Memory(MB) 127.104  Coverage 1  Ratio 1.50072  Flagged 0  Active 2097152
  Level 1  Grids 8  Memory(MB) 5.39211  Coverage 0.00507736  Ratio 1.09545  Flagged 0  Active 85184
  Level 2  Grids 0  Memory(MB) 0  Coverage 0  Ratio 0  Flagged 0  Active 0
  Level 3  Grids 0  Memory(MB) 0  Coverage 0  Ratio 0  Flagged 0  Active 0
  Level 4  Grids 0  Memory(MB) 0  Coverage 0  Ratio 0  Flagged 0  Active 0

Cycle 57  Time 2.9024124648421  MaxDepth 1  Grids 20  Memory(MB) 132.496  Ratio 1.33861
  Level 0  Grids 12  Memory(MB) 127.1  Coverage 1  Ratio 1.50072  Flagged 0  Active 2097152
  Level 1  Grids 8  Memory(MB) 5.39607  Coverage 0.00507736  Ratio 1.09545  Flagged 0  Active 85184
  Level 2  Grids 0  Memory(MB) 0  Coverage 0  Ratio 0  Flagged 0  Active 0
  Level 3  Grids 0  Memory(MB) 0  Coverage 0  Ratio 0  Flagged 0  Active 0
  Level 4  Grids 0  Memory(MB) 0  Coverage 0  Ratio 0  Flagged 0  Active 0

Cycle 58  Time 2.9677148390595  MaxDepth 1  Grids 20  Memory(MB) 132.496  Ratio 1.33861
  Level 0  Grids 12  Memory(MB) 127.096  Coverage 1  Ratio 1.50072  Flagged 0  Active 2097152
  Level 1  Grids 8  Memory(MB) 5.4001  Coverage 0.00507736  Ratio 1.09545  Flagged 0  Active 85184
  Level 2  Grids 0  Memory(MB) 0  Coverage 0  Ratio 0  Flagged 0  Active 0
  Level 3  Grids 0  Memory(MB) 0  Coverage 0  Ratio 0  Flagged 0  Active 0
  Level 4  Grids 0  Memory(MB) 0  Coverage 0  Ratio 0  Flagged 0  Active 0

Cycle 59  Time 3.0344864455886  MaxDepth 1  Grids 20  Memory(MB) 132.496  Ratio 1.33861
  Level 0  Grids 12  Memory(MB) 127.092  Coverage 1  Ratio 1.50072  Flagged 0  Active 2097152
  Level 1  Grids 8  Memory(MB) 5.40382  Coverage 0.00507736  Ratio 1.09545  Flagged 0  Active 85184
  Level 2  Grids 0  Memory(MB) 0  Coverage 0  Ratio 0  Flagged 0  Active 0
  Level 3  Grids 0  Memory(MB) 0  Coverage 0  Ratio 0  Flagged 0  Active 0
  Level 4  Grids 0  Memory(MB) 0  Coverage 0  Ratio 0  Flagged 0  Active 0

Cycle 60  Time 3.1027603386339  MaxDepth 1  Grids 20  Memory(MB) 132.496  Ratio 1.33861
  Level 0  Grids 12  Memory(MB) 127.088  Coverage 1  Ratio 1.50072  Flagged 0  Active 2097152
  Level 1  Grids 8  Memory(MB) 5.40754  Coverage 0.00507736  Ratio 1.09545  Flagged 0  Active 85184
  Level 2  Grids 0  Memory(MB) 0  Coverage 0  Ratio 0  Flagged 0  Active 0
  Level 3  Grids 0  Memory(MB) 0  Coverage 0  Ratio 0  Flagged 0  Active 0
  Level 4  Grids 0  Memory(MB) 0  Coverage 0  Ratio 0  Flagged 0  Active 0

Cycle 61  Time 3.1725703159075  MaxDepth 1  Grids 20  Memory(MB) 132.496  Ratio 1.33861
  Level 0  Grids 12  Memory(MB) 127.085  Coverage 1  Ratio 1.50072  Flagged 0  Active 2097152
  Level 1  Grids 8  Memory(MB) 5.41059  Coverage 0.00507736  Ratio 1.09545  Flagged 0  Active 85184
  Level 2  Grids 0  Memory(MB) 0  Coverage 0  Ratio 0  Flagged 0  Active 0
  Level 3  Grids 0  Memory(MB) 0  Coverage 0  Ratio 0  Flagged 0  Active 0
  Level 4  Grids 0  Memory(MB) 0  Coverage 0  Ratio 0  Flagged 0  Active 0

Cycle 62  Time 3.2439509353435  MaxDepth 1  Grids 20  Memory(MB) 132.496  Ratio 1.33861
  Level 0  Grids 12  Memory(MB) 127.082  Coverage 1  Ratio 1.50072  Flagged 0  Active 2097152
  Level 1  Grids 8  Memory(MB) 5.41389  Coverage 0.00507736  Ratio 1.09545  Flagged 0  Active 85184
  Level 2  Grids 0  Memory(MB) 0  Coverage 0  Ratio 0  Flagged 0  Active 0
  Level 3  Grids 0  Memory(MB) 0  Coverage 0  Ratio 0  Flagged 0  Active 0
  Level 4  Grids 0  Memory(MB) 0  Coverage 0  Ratio 0  Flagged 0  Active 0

Cycle 63  Time 3.3169375321885  MaxDepth 1  Grids 20  Memory(MB) 132.496  Ratio 1.33861
  Level 0  Grids 12  Memory(MB) 127.078  Coverage 1  Ratio 1.50072  Flagged 0  Active 2097152
  Level 1  Grids 8  Memory(MB) 5.41749  Coverage 0.00507736  Ratio 1.09545  Flagged 0  Active 85184
  Level 2  Grids 0  Memory(MB) 0  Coverage 0  Ratio 0  Flagged 0  Active 0
  Level 3  Grids 0  Memory(MB) 0  Coverage 0  Ratio 0  Flagged 0  Active 0
  Level 4  Grids 0  Memory(MB) 0  Coverage 0  Ratio 0  Flagged 0  Active 0

Cycle 64  Time 3.391566236475  MaxDepth 1  Grids 20  Memory(MB) 132.496  Ratio 1.33861
  Level 0  Grids 12  Memory(MB) 127.076  Coverage 1  Ratio 1.50072  Flagged 0  Active 2097152
  Level 1  Grids 8  Memory(MB) 5.42023  Coverage 0.00507736  Ratio 1.09545  Flagged 0  Active 85184
  Level 2  Grids 0  Memory(MB) 0  Coverage 0  Ratio 0  Flagged 0  Active 0
  Level 3  Grids 0  Memory(MB) 0  Coverage 0  Ratio 0  Flagged 0  Active 0
  Level 4  Grids 0  Memory(MB) 0  Coverage 0  Ratio 0  Flagged 0  Active 0

Cycle 65  Time 3.467873990887  MaxDepth 1  Grids 20  Memory(MB) 132.496  Ratio 1.33861
  Level 0  Grids 12  Memory(MB) 127.073  Coverage 1  Ratio 1.50072  Flagged 0  Active 2097152
  Level 1  Grids 8  Memory(MB) 5.42243  Coverage 0.00507736  Ratio 1.09545  Flagged 0  Active 85184
  Level 2  Grids 0  Memory(MB) 0  Coverage 0  Ratio 0  Flagged 0  Active 0
  Level 3  Grids 0  Memory(MB) 0  Coverage 0  Ratio 0  Flagged 0  Active 0
  Level 4  Grids 0  Memory(MB) 0  Coverage 0  Ratio 0  Flagged 0  Active 0

Cycle 66  Time 3.5458985690266  MaxDepth 1  Grids 20  Memory(MB) 132.496  Ratio 1.33861
  Level 0  Grids 12  Memory(MB) 127.071  Coverage 1  Ratio 1.50072  Flagged 0  Active 2097152
  Level 1  Grids 8  Memory(MB) 5.42517  Coverage 0.00507736  Ratio 1.09545  Flagged 0  Active 85184
  Level 2  Grids 0  Memory(MB) 0  Coverage 0  Ratio 0  Flagged 0  Active 0
  Level 3  Grids 0  Memory(MB) 0  Coverage 0  Ratio 0  Flagged 0  Active 0
  Level 4  Grids 0  Memory(MB) 0  Coverage 0  Ratio 0  Flagged 0  Active 0

Cycle 67  Time 3.6256785940901  MaxDepth 1  Grids 20  Memory(MB) 132.496  Ratio 1.33861
  Level 0  Grids 12  Memory(MB) 127.067  Coverage 1  Ratio 1.50072  Flagged 0  Active 2097152
  Level 1  Grids 8  Memory(MB) 5.42841  Coverage 0.00507736  Ratio 1.09545  Flagged 0  Active 85184
  Level 2  Grids 0  Memory(MB) 0  Coverage 0  Ratio 0  Flagged 0  Active 0
  Level 3  Grids 0  Memory(MB) 0  Coverage 0  Ratio 0  Flagged 0  Active 0
  Level 4  Grids 0  Memory(MB) 0  Coverage 0  Ratio 0  Flagged 0  Active 0

Cycle 68  Time 3.7072535579629  MaxDepth 1  Grids 20  Memory(MB) 132.496  Ratio 1.33861
  Level 0  Grids 12  Memory(MB) 127.064  Coverage 1  Ratio 1.50072  Flagged 0  Active 2097152
  Level 1  Grids 8  Memory(MB) 5.43164  Coverage 0.00507736  Ratio 1.09545  Flagged 0  Active 85184
  Level 2  Grids 0  Memory(MB) 0  Coverage 0  Ratio 0  Flagged 0  Active 0
  Level 3  Grids 0  Memory(MB) 0  Coverage 0  Ratio 0  Flagged 0  Active 0
  Level 4  Grids 0  Memory(MB) 0  Coverage 0  Ratio 0  Flagged 0  Active 0

Cycle 69  Time 3.7906638407434  MaxDepth 1  Grids 20  Memory(MB) 132.496  Ratio 1.33861
  Level 0  Grids 12  Memory(MB) 127.06  Coverage 1  Ratio 1.50072  Flagged 0  Active 2097152
  Level 1  Grids 8  Memory(MB) 5.43567  Coverage 0.00507736  Ratio 1.09545  Flagged 0  Active 85184
  Level 2  Grids 0  Memory(MB) 0  Coverage 0  Ratio 0  Flagged 0  Active 0
  Level 3  Grids 0  Memory(MB) 0  Coverage 0  Ratio 0  Flagged 0  Active 0
  Level 4  Grids 0  Memory(MB) 0  Coverage 0  Ratio 0  Flagged 0  Active 0

Cycle 70  Time 3.8759507307146  MaxDepth 1  Grids 20  Memory(MB) 132.496  Ratio 1.33861
  Level 0  Grids 12  Memory(MB) 127.056  Coverage 1  Ratio 1.50072  Flagged 0  Active 2097152
  Level 1  Grids 8  Memory(MB) 5.43976  Coverage 0.00507736  Ratio 1.09545  Flagged 0  Active 85184
  Level 2  Grids 0  Memory(MB) 0  Coverage 0  Ratio 0  Flagged 0  Active 0
  Level 3  Grids 0  Memory(MB) 0  Coverage 0  Ratio 0  Flagged 0  Active 0
  Level 4  Grids 0  Memory(MB) 0  Coverage 0  Ratio 0  Flagged 0  Active 0

Cycle 71  Time 3.9631564448095  MaxDepth 1  Grids 20  Memory(MB) 132.496  Ratio 1.33861
  Level 0  Grids 12  Memory(MB) 127.052  Coverage 1  Ratio 1.50072  Flagged 0  Active 2097152
  Level 1  Grids 8  Memory(MB) 5.44329  Coverage 0.00507736  Ratio 1.09545  Flagged 0  Active 85184
  Level 2  Grids 0  Memory(MB) 0  Coverage 0  Ratio 0  Flagged 0  Active 0
  Level 3  Grids 0  Memory(MB) 0  Coverage 0  Ratio 0  Flagged 0  Active 0
  Level 4  Grids 0  Memory(MB) 0  Coverage 0  Ratio 0  Flagged 0  Active 0

Cycle 72  Time 4.0523241493442  MaxDepth 1  Grids 20  Memory(MB) 132.496  Ratio 1.33861
  Level 0  Grids 12  Memory(MB) 127.049  Coverage 1  Ratio 1.50072  Flagged 0  Active 2097152
  Level 1  Grids 8  Memory(MB) 5.44677  Coverage 0.00507736  Ratio 1.09545  Flagged 0  Active 85184
  Level 2  Grids 0  Memory(MB) 0  Coverage 0  Ratio 0  Flagged 0  Active 0
  Level 3  Grids 0  Memory(MB) 0  Coverage 0  Ratio 0  Flagged 0  Active 0
  Level 4  Grids 0  Memory(MB) 0  Coverage 0  Ratio 0  Flagged 0  Active 0

Cycle 73  Time 4.143497981418  MaxDepth 1  Grids 20  Memory(MB) 132.496  Ratio 1.33861
  Level 0  Grids 12  Memory(MB) 127.044  Coverage 1  Ratio 1.50072  Flagged 0  Active 2097152
  Level 1  Grids 8  Memory(MB) 5.45141  Coverage 0.00507736  Ratio 1.09545  Flagged 0  Active 85184
  Level 2  Grids 0  Memory(MB) 0  Coverage 0  Ratio 0  Flagged 0  Active 0
  Level 3  Grids 0  Memory(MB) 0  Coverage 0  Ratio 0  Flagged 0  Active 0
  Level 4  Grids 0  Memory(MB) 0  Coverage 0  Ratio 0  Flagged 0  Active 0

Cycle 74  Time 4.2367230707256  MaxDepth 1  Grids 20  Memory(MB) 132.496  Ratio 1.33861
  Level 0  Grids 12  Memory(MB) 127.039  Coverage 1  Ratio 1.50072  Flagged 0  Active 2097152
  Level 1  Grids 8  Memory(MB) 5.4569  Coverage 0.00507736  Ratio 1.09545  Flagged 0  Active 85184
  Level 2  Grids 0  Memory(MB) 0  Coverage 0  Ratio 0  Flagged 0  Active 0
  Level 3  Grids 0  Memory(MB) 0  Coverage 0  Ratio 0  Flagged 0  Active 0
  Level 4  Grids 0  Memory(MB) 0  Coverage 0  Ratio 0  Flagged 0  Active 0

Cycle 75  Time 4.3320455618569  MaxDepth 1  Grids 20  Memory(MB) 132.496  Ratio 1.33861
  Level 0  Grids 12  Memory(MB) 127.032  Coverage 1  Ratio 1.50072  Flagged 0  Active 2097152
  Level 1  Grids 8  Memory(MB) 5.46367  Coverage 0.00507736  Ratio 1.09545  Flagged 0  Active 85184
  Level 2  Grids 0  Memory(MB) 0  Coverage 0  Ratio 0  Flagged 0  Active 0
  Level 3  Grids 0  Memory(MB) 0  Coverage 0  Ratio 0  Flagged 0  Active 0
  Level 4  Grids 0  Memory(MB) 0  Coverage 0  Ratio 0  Flagged 0  Active 0

Cycle 76  Time 4.4295126370978  MaxDepth 1  Grids 20  Memory(MB) 132.496  Ratio 1.33861
  Level 0  Grids 12  Memory(MB) 127.026  Coverage 1  Ratio 1.50072  Flagged 0  Active 2097152
  Level 1  Grids 8  Memory(MB) 5.46935  Coverage 0.00507736  Ratio 1.09545  Flagged 0  Active 85184
  Level 2  Grids 0  Memory(MB) 0  Coverage 0  Ratio 0  Flagged 0  Active 0
  Level 3  Grids 0  Memory(MB) 0  Coverage 0  Ratio 0  Flagged 0  Active 0
  Level 4  Grids 0  Memory(MB) 0  Coverage 0  Ratio 0  Flagged 0  Active 0

Cycle 77  Time 4.52917253974  MaxDepth 1  Grids 20  Memory(MB) 132.496  Ratio 1.33861
  Level 0  Grids 12  Memory(MB) 127.02  Coverage 1  Ratio 1.50072  Flagged 0  Active 2097152
  Level 1  Grids 8  Memory(MB) 5.47563  Coverage 0.00507736  Ratio 1.09545  Flagged 0  Active 85184
  Level 2  Grids 0  Memory(MB) 0  Coverage 0  Ratio 0  Flagged 0  Active 0
  Level 3  Grids 0  Memory(MB) 0  Coverage 0  Ratio 0  Flagged 0  Active 0
  Level 4  Grids 0  Memory(MB) 0  Coverage 0  Ratio 0  Flagged 0  Active 0

Cycle 78  Time 4.6310745979139  MaxDepth 1  Grids 20  Memory(MB) 132.496  Ratio 1.33861
  Level 0  Grids 12  Memory(MB) 127.015  Coverage 1  Ratio 1.50072  Flagged 0  Active 2097152
  Level 1  Grids 8  Memory(MB) 5.48094  Coverage 0.00507736  Ratio 1.09545  Flagged 0  Active 85184
  Level 2  Grids 0  Memory(MB) 0  Coverage 0  Ratio 0  Flagged 0  Active 0
  Level 3  Grids 0  Memory(MB) 0  Coverage 0  Ratio 0  Flagged 0  Active 0
  Level 4  Grids 0  Memory(MB) 0  Coverage 0  Ratio 0  Flagged 0  Active 0

Cycle 79  Time 4.7305997551349  MaxDepth 1  Grids 20  Memory(MB) 132.496  Ratio 1.33861
  Level 0  Grids 12  Memory(MB) 127.009  Coverage 1  Ratio 1.50072  Flagged 0  Active 2097152
  Level 1  Grids 8  Memory(MB) 5.4871  Coverage 0.00507736  Ratio 1.09545  Flagged 0  Active 85184
  Level 2  Grids 0  Memory(MB) 0  Coverage 0  Ratio 0  Flagged 0  Active 0
  Level 3  Grids 0  Memory(MB) 0  Coverage 0  Ratio 0  Flagged 0  Active 0
  Level 4  Grids 0  Memory(MB) 0  Coverage 0  Ratio 0  Flagged 0  Active 0

Cycle 80  Time 4.8370335167126  MaxDepth 1  Grids 20  Memory(MB) 132.496  Ratio 1.33861
  Level 0  Grids 12  Memory(MB) 127.003  Coverage 1  Ratio 1.50072  Flagged 0  Active 2097152
  Level 1  Grids 8  Memory(MB) 5.49235  Coverage 0.00507736  Ratio 1.09545  Flagged 0  Active 85184
  Level 2  Grids 0  Memory(MB) 0  Coverage 0  Ratio 0  Flagged 0  Active 0
  Level 3  Grids 0  Memory(MB) 0  Coverage 0  Ratio 0  Flagged 0  Active 0
  Level 4  Grids 0  Memory(MB) 0  Coverage 0  Ratio 0  Flagged 0  Active 0

Cycle 81  Time 4.9458618105192  MaxDepth 1  Grids 20  Memory(MB) 132.496  Ratio 1.33861
  Level 0  Grids 12  Memory(MB) 126.998  Coverage 1  Ratio 1.50072  Flagged 0  Active 2097152
  Level 1  Grids 8  Memory(MB) 5.49741  Coverage 0.00507736  Ratio 1.09545  Flagged 0  Active 85184
  Level 2  Grids 0  Memory(MB) 0  Coverage 0  Ratio 0  Flagged 0  Active 0
  Level 3  Grids 0  Memory(MB) 0  Coverage 0  Ratio 0  Flagged 0  Active 0
  Level 4  Grids 0  Memory(MB) 0  Coverage 0  Ratio 0  Flagged 0  Active 0

Cycle 82  Time 5.05713850008  MaxDepth 1  Grids 20  Memory(MB) 132.496  Ratio 1.33861
  Level 0  Grids 12  Memory(MB) 126.993  Coverage 1  Ratio 1.50072  Flagged 0  Active 2097152
  Level 1  Grids 8  Memory(MB) 5.50278  Coverage 0.00507736  Ratio 1.09545  Flagged 0  Active 85184
  Level 2  Grids 0  Memory(MB) 0  Coverage 0  Ratio 0  Flagged 0  Active 0
  Level 3  Grids 0  Memory(MB) 0  Coverage 0  Ratio 0  Flagged 0  Active 0
  Level 4  Grids 0  Memory(MB) 0  Coverage 0  Ratio 0  Flagged 0  Active 0

Cycle 83  Time 5.1709186599708  MaxDepth 1  Grids 20  Memory(MB) 132.496  Ratio 1.33861
  Level 0  Grids 12  Memory(MB) 126.988  Coverage 1  Ratio 1.50072  Flagged 0  Active 2097152
  Level 1  Grids 8  Memory(MB) 5.50809  Coverage 0.00507736  Ratio 1.09545  Flagged 0  Active 85184
  Level 2  Grids 0  Memory(MB) 0  Coverage 0  Ratio 0  Flagged 0  Active 0
  Level 3  Grids 0  Memory(MB) 0  Coverage 0  Ratio 0  Flagged 0  Active 0
  Level 4  Grids 0  Memory(MB) 0  Coverage 0  Ratio 0  Flagged 0  Active 0

Cycle 84  Time 5.2872586030058  MaxDepth 1  Grids 20  Memory(MB) 132.496  Ratio 1.33861
  Level 0  Grids 12  Memory(MB) 126.983  Coverage 1  Ratio 1.50072  Flagged 0  Active 2097152
  Level 1  Grids 8  Memory(MB) 5.51303  Coverage 0.00507736  Ratio 1.09545  Flagged 0  Active 85184
  Level 2  Grids 0  Memory(MB) 0  Coverage 0  Ratio 0  Flagged 0  Active 0
  Level 3  Grids 0  Memory(MB) 0  Coverage 0  Ratio 0  Flagged 0  Active 0
  Level 4  Grids 0  Memory(MB) 0  Coverage 0  Ratio 0  Flagged 0  Active 0

Cycle 85  Time 5.4062159081951  MaxDepth 1  Grids 20  Memory(MB) 132.496  Ratio 1.33861
  Level 0  Grids 12  Memory(MB) 126.978  Coverage 1  Ratio 1.50072  Flagged 0  Active 2097152
  Level 1  Grids 8  Memory(MB) 5.51791  Coverage 0.00507736  Ratio 1.09545  Flagged 0  Active 85184
  Level 2  Grids 0  Memory(MB) 0  Coverage 0  Ratio 0  Flagged 0  Active 0
  Level 3  Grids 0  Memory(MB) 0  Coverage 0  Ratio 0  Flagged 0  Active 0
  Level 4  Grids 0  Memory(MB) 0  Coverage 0  Ratio 0  Flagged 0  Active 0

Cycle 86  Time 5.5278494489366  MaxDepth 1  Grids 20  Memory(MB) 132.496  Ratio 1.33861
  Level 0  Grids 12  Memory(MB) 126.972  Coverage 1  Ratio 1.50072  Flagged 0  Active 2097152
  Level 1  Grids 8  Memory(MB) 5.52328  Coverage 0.00507736  Ratio 1.09545  Flagged 0  Active 85184
  Level 2  Grids 0  Memory(MB) 0  Coverage 0  Ratio 0  Flagged 0  Active 0
  Level 3  Grids 0  Memory(MB) 0  Coverage 0  Ratio 0  Flagged 0  Active 0
  Level 4  Grids 0  Memory(MB) 0  Coverage 0  Ratio 0  Flagged 0  Active 0

Cycle 87  Time 5.6522194220766  MaxDepth 1  Grids 20  Memory(MB) 132.496  Ratio 1.33861
  Level 0  Grids 12  Memory(MB) 126.968  Coverage 1  Ratio 1.50072  Flagged 0  Active 2097152
  Level 1  Grids 8  Memory(MB) 5.52798  Coverage 0.00507736  Ratio 1.09545  Flagged 0  Active 85184
  Level 2  Grids 0  Memory(MB) 0  Coverage 0  Ratio 0  Flagged 0  Active 0
  Level 3  Grids 0  Memory(MB) 0  Coverage 0  Ratio 0  Flagged 0  Active 0
  Level 4  Grids 0  Memory(MB) 0  Coverage 0  Ratio 0  Flagged 0  Active 0

Cycle 88  Time 5.7793873776718  MaxDepth 1  Grids 20  Memory(MB) 132.496  Ratio 1.33861
  Level 0  Grids 12  Memory(MB) 126.961  Coverage 1  Ratio 1.50072  Flagged 0  Active 2097152
  Level 1  Grids 8  Memory(MB) 5.53457  Coverage 0.00507736  Ratio 1.09545  Flagged 0  Active 85184
  Level 2  Grids 0  Memory(MB) 0  Coverage 0  Ratio 0  Flagged 0  Active 0
  Level 3  Grids 0  Memory(MB) 0  Coverage 0  Ratio 0  Flagged 0  Active 0
  Level 4  Grids 0  Memory(MB) 0  Coverage 0  Ratio 0  Flagged 0  Active 0

Cycle 89  Time 5.9094162493531  MaxDepth 1  Grids 20  Memory(MB) 132.496  Ratio 1.33861
  Level 0  Grids 12  Memory(MB) 126.955  Coverage 1  Ratio 1.50072  Flagged 0  Active 2097152
  Level 1  Grids 8  Memory(MB) 5.54042  Coverage 0.00507736  Ratio 1.09545  Flagged 0  Active 85184
  Level 2  Grids 0  Memory(MB) 0  Coverage 0  Ratio 0  Flagged 0  Active 0
  Level 3  Grids 0  Memory(MB) 0  Coverage 0  Ratio 0  Flagged 0  Active 0
  Level 4  Grids 0  Memory(MB) 0  Coverage 0  Ratio 0  Flagged 0  Active 0

Cycle 90  Time 6.0423703853676  MaxDepth 1  Grids 20  Memory(MB) 132.496  Ratio 1.33861
  Level 0  Grids 12  Memory(MB) 126.949  Coverage 1  Ratio 1.50072  Flagged 0  Active 2097152
  Level 1  Grids 8  Memory(MB) 5.54707  Coverage 0.00507736  Ratio 1.09545  Flagged 0  Active 85184
  Level 2  Grids 0  Memory(MB) 0  Coverage 0  Ratio 0  Flagged 0  Active 0
  Level 3  Grids 0  Memory(MB) 0  Coverage 0  Ratio 0  Flagged 0  Active 0
  Level 4  Grids 0  Memory(MB) 0  Coverage 0  Ratio 0  Flagged 0  Active 0

Cycle 91  Time 6.1783155803127  MaxDepth 1  Grids 20  Memory(MB) 132.496  Ratio 1.33861
  Level 0  Grids 12  Memory(MB) 126.941  Coverage 1  Ratio 1.50072  Flagged 0  Active 2097152
  Level 1  Grids 8  Memory(MB) 5.55488  Coverage 0.00507736  Ratio 1.09545  Flagged 0  Active 85184
  Level 2  Grids 0  Memory(MB) 0  Coverage 0  Ratio 0  Flagged 0  Active 0
  Level 3  Grids 0  Memory(MB) 0  Coverage 0  Ratio 0  Flagged 0  Active 0
  Level 4  Grids 0  Memory(MB) 0  Coverage 0  Ratio 0  Flagged 0  Active 0

Cycle 92  Time 6.3173191075769  MaxDepth 1  Grids 20  Memory(MB) 132.496  Ratio 1.33861
  Level 0  Grids 12  Memory(MB) 126.935  Coverage 1  Ratio 1.50072  Flagged 0  Active 2097152
  Level 1  Grids 8  Memory(MB) 5.56098  Coverage 0.00507736  Ratio 1.09545  Flagged 0  Active 85184
  Level 2  Grids 0  Memory(MB) 0  Coverage 0  Ratio 0  Flagged 0  Active 0
  Level 3  Grids 0  Memory(MB) 0  Coverage 0  Ratio 0  Flagged 0  Active 0
  Level 4  Grids 0  Memory(MB) 0  Coverage 0  Ratio 0  Flagged 0  Active 0

Cycle 93  Time 6.4594497525049  MaxDepth 1  Grids 20  Memory(MB) 132.496  Ratio 1.33861
  Level 0  Grids 12  Memory(MB) 126.927  Coverage 1  Ratio 1.50072  Flagged 0  Active 2097152
  Level 1  Grids 8  Memory(MB) 5.56849  Coverage 0.00507736  Ratio 1.09545  Flagged 0  Active 85184
  Level 2  Grids 0  Memory(MB) 0  Coverage 0  Ratio 0  Flagged 0  Active 0
  Level 3  Grids 0  Memory(MB) 0  Coverage 0  Ratio 0  Flagged 0  Active 0
  Level 4  Grids 0  Memory(MB) 0  Coverage 0  Ratio 0  Flagged 0  Active 0

Cycle 94  Time 6.6047778463005  MaxDepth 1  Grids 20  Memory(MB) 132.496  Ratio 1.33861
  Level 0  Grids 12  Memory(MB) 126.92  Coverage 1  Ratio 1.50072  Flagged 0  Active 2097152
  Level 1  Grids 8  Memory(MB) 5.57581  Coverage 0.00507736  Ratio 1.09545  Flagged 0  Active 85184
  Level 2  Grids 0  Memory(MB) 0  Coverage 0  Ratio 0  Flagged 0  Active 0
  Level 3  Grids 0  Memory(MB) 0  Coverage 0  Ratio 0  Flagged 0  Active 0
  Level 4  Grids 0  Memory(MB) 0  Coverage 0  Ratio 0  Flagged 0  Active 0

Cycle 95  Time 6.7533753006842  MaxDepth 1  Grids 20  Memory(MB) 132.496  Ratio 1.33861
  Level 0  Grids 12  Memory(MB) 126.914  Coverage 1  Ratio 1.50072  Flagged 0  Active 2097152
  Level 1  Grids 8  Memory(MB) 5.58148  Coverage 0.00507736  Ratio 1.09545  Flagged 0  Active 85184
  Level 2  Grids 0  Memory(MB) 0  Coverage 0  Ratio 0  Flagged 0  Active 0
  Level 3  Grids 0  Memory(MB) 0  Coverage 0  Ratio 0  Flagged 0  Active 0
  Level 4  Grids 0  Memory(MB) 0  Coverage 0  Ratio 0  Flagged 0  Active 0

Cycle 96  Time 6.905315643323  MaxDepth 2  Grids 22  Memory(MB) 132.496  Ratio 1.30783
  Level 0  Grids 12  Memory(MB) 126.91  Coverage 1  Ratio 1.50072  Flagged 0  Active 2097152
  Level 1  Grids 8  Memory(MB) 5.54982  Coverage 0.00507736  Ratio 1.09545  Flagged 0  Active 85184
  Level 2  Grids 2  Memory(MB) 0.0363012  Coverage 3.21865e-06  Ratio 1  Flagged 0  Active 432
  Level 3  Grids 0  Memory(MB) 0  Coverage 0  Ratio 0  Flagged 0  Active 0
  Level 4  Grids 0  Memory(MB) 0  Coverage 0  Ratio 0  Flagged 0  Active 0

Cycle 97  Time 7.0606740540471  MaxDepth 2  Grids 22  Memory(MB) 132.496  Ratio 1.30783
  Level 0  Grids 12  Memory(MB) 126.905  Coverage 1  Ratio 1.50072  Flagged 0  Active 2097152
  Level 1  Grids 8  Memory(MB) 5.55366  Coverage 0.00507736  Ratio 1.09545  Flagged 0  Active 85184
  Level 2  Grids 2  Memory(MB) 0.0372164  Coverage 3.21865e-06  Ratio 1  Flagged 0  Active 432
  Level 3  Grids 0  Memory(MB) 0  Coverage 0  Ratio 0  Flagged 0  Active 0
  Level 4  Grids 0  Memory(MB) 0  Coverage 0  Ratio 0  Flagged 0  Active 0

Cycle 98  Time 7.2195274018726  MaxDepth 2  Grids 23  Memory(MB) 132.496  Ratio 1.29445
  Level 0  Grids 12  Memory(MB) 126.9  Coverage 1  Ratio 1.50072  Flagged 0  Active 2097152
  Level 1  Grids 8  Memory(MB) 5.54042  Coverage 0.00507736  Ratio 1.09545  Flagged 0  Active 85184
  Level 2  Grids 3  Memory(MB) 0.0556416  Coverage 4.82798e-06  Ratio 1  Flagged 0  Active 648
  Level 3  Grids 0  Memory(MB) 0  Coverage 0  Ratio 0  Flagged 0  Active 0
  Level 4  Grids 0  Memory(MB) 0  Coverage 0  Ratio 0  Flagged 0  Active 0

Cycle 99  Time 7.3819542833831  MaxDepth 2  Grids 24  Memory(MB) 132.496  Ratio 1.30301
  Level 0  Grids 12  Memory(MB) 126.893  Coverage 1  Ratio 1.50072  Flagged 0  Active 2097152
  Level 1  Grids 8  Memory(MB) 5.53097  Coverage 0.00507736  Ratio 1.09545  Flagged 0  Active 85184
  Level 2  Grids 4  Memory(MB) 0.0713823  Coverage 5.90086e-06  Ratio 1.125  Flagged 0  Active 792
  Level 3  Grids 0  Memory(MB) 0  Coverage 0  Ratio 0  Flagged 0  Active 0
  Level 4  Grids 0  Memory(MB) 0  Coverage 0  Ratio 0  Flagged 0  Active 0

Cycle 100  Time 7.5480350604634  MaxDepth 2  Grids 24  Memory(MB) 132.496  Ratio 1.45579
  Level 0  Grids 12  Memory(MB) 126.887  Coverage 1  Ratio 1.50072  Flagged 0  Active 2097152
  Level 1  Grids 8  Memory(MB) 5.48521  Coverage 0.00507736  Ratio 1.09545  Flagged 0  Active 85184
  Level 2  Grids 4  Memory(MB) 0.123058  Coverage 1.26958e-05  Ratio 2.04167  Flagged 0  Active 1704
  Level 3  Grids 0  Memory(MB) 0  Coverage 0  Ratio 0  Flagged 0  Active 0
  Level 4  Grids 0  Memory(MB) 0  Coverage 0  Ratio 0  Flagged 0  Active 0

Cycle 101  Time 7.7178519002334  MaxDepth 2  Grids 24  Memory(MB) 132.496  Ratio 1.46968
  Level 0  Grids 12  Memory(MB) 126.88  Coverage 1  Ratio 1.50072  Flagged 0  Active 2097152
  Level 1  Grids 8  Memory(MB) 5.45275  Coverage 0.00507736  Ratio 1.09545  Flagged 0  Active 85184
  Level 2  Grids 4  Memory(MB) 0.162898  Coverage 1.75834e-05  Ratio 2.125  Flagged 0  Active 2360
  Level 3  Grids 0  Memory(MB) 0  Coverage 0  Ratio 0  Flagged 0  Active 0
  Level 4  Grids 0  Memory(MB) 0  Coverage 0  Ratio 0  Flagged 0  Active 0

Cycle 102  Time 7.8914888155035  MaxDepth 2  Grids 25  Memory(MB) 132.496  Ratio 1.45089
  Level 0  Grids 12  Memory(MB) 126.874  Coverage 1  Ratio 1.50072  Flagged 0  Active 2097152
  Level 1  Grids 8  Memory(MB) 5.41309  Coverage 0.00507736  Ratio 1.09545  Flagged 0  Active 85184
  Level 2  Grids 5  Memory(MB) 0.208839  Coverage 2.25306e-05  Ratio 1.9  Flagged 0  Active 3024
  Level 3  Grids 0  Memory(MB) 0  Coverage 0  Ratio 0  Flagged 0  Active 0
  Level 4  Grids 0  Memory(MB) 0  Coverage 0  Ratio 0  Flagged 0  Active 0

Cycle 103  Time 8.0690317060921  MaxDepth 2  Grids 26  Memory(MB) 132.496  Ratio 1.41752
  Level 0  Grids 12  Memory(MB) 126.867  Coverage 1  Ratio 1.50072  Flagged 0  Active 2097152
  Level 1  Grids 8  Memory(MB) 5.39144  Coverage 0.00507736  Ratio 1.09545  Flagged 0  Active 85184
  Level 2  Grids 6  Memory(MB) 0.237636  Coverage 2.34842e-05  Ratio 1.68056  Flagged 0  Active 3152
  Level 3  Grids 0  Memory(MB) 0  Coverage 0  Ratio 0  Flagged 0  Active 0
  Level 4  Grids 0  Memory(MB) 0  Coverage 0  Ratio 0  Flagged 0  Active 0

Cycle 104  Time 8.2505684010585  MaxDepth 2  Grids 28  Memory(MB) 132.496  Ratio 1.41746
  Level 0  Grids 12  Memory(MB) 126.859  Coverage 1  Ratio 1.50072  Flagged 0  Active 2097152
  Level 1  Grids 8  Memory(MB) 5.32957  Coverage 0.00507736  Ratio 1.09545  Flagged 0  Active 85184
  Level 2  Grids 8  Memory(MB) 0.307127  Coverage 2.96831e-05  Ratio 1.61458  Flagged 0  Active 3984
  Level 3  Grids 0  Memory(MB) 0  Coverage 0  Ratio 0  Flagged 0  Active 0
  Level 4  Grids 0  Memory(MB) 0  Coverage 0  Ratio 0  Flagged 0  Active 0

Cycle 105  Time 8.4361887018696  MaxDepth 2  Grids 29  Memory(MB) 132.496  Ratio 1.46054
  Level 0  Grids 12  Memory(MB) 126.85  Coverage 1  Ratio 1.50072  Flagged 0  Active 2097152
  Level 1  Grids 8  Memory(MB) 5.31023  Coverage 0.00507736  Ratio 1.09545  Flagged 0  Active 85184
  Level 2  Grids 9  Memory(MB) 0.33507  Coverage 3.15905e-05  Ratio 1.73148  Flagged 0  Active 4240
  Level 3  Grids 0  Memory(MB) 0  Coverage 0  Ratio 0  Flagged 0  Active 0
  Level 4  Grids 0  Memory(MB) 0  Coverage 0  Ratio 0  Flagged 0  Active 0

Cycle 106  Time 8.4843281330309  MaxDepth 2  Grids 29  Memory(MB) 132.496  Ratio 1.46054
  Level 0  Grids 12  Memory(MB) 126.848  Coverage 1  Ratio 1.50072  Flagged 0  Active 2097152
  Level 1  Grids 8  Memory(MB) 5.31005  Coverage 0.00507736  Ratio 1.09545  Flagged 0  Active 85184
  Level 2  Grids 9  Memory(MB) 0.337388  Coverage 3.15905e-05  Ratio 1.73148  Flagged 0  Active 4240
  Level 3  Grids 0  Memory(MB) 0  Coverage 0  Ratio 0  Flagged 0  Active 0
  Level 4  Grids 0  Memory(MB) 0  Coverage 0  Ratio 0  Flagged 0  Active 0

Cycle 107  Time 8.675206719328  MaxDepth 3  Grids 30  Memory(MB) 132.496  Ratio 1.47297
  Level 0  Grids 12  Memory(MB) 126.84  Coverage 1  Ratio 1.50072  Flagged 0  Active 2097152
  Level 1  Grids 8  Memory(MB) 5.29565  Coverage 0.00507736  Ratio 1.09545  Flagged 0  Active 85184
  Level 2  Grids 9  Memory(MB) 0.34898  Coverage 3.26037e-05  Ratio 1.82407  Flagged 0  Active 4376
  Level 3  Grids 1  Memory(MB) 0.0107378  Coverage 2.01166e-07  Ratio 1  Flagged 0  Active 216
  Level 4  Grids 0  Memory(MB) 0  Coverage 0  Ratio 0  Flagged 0  Active 0

Cycle 108  Time 8.8703789552133  MaxDepth 3  Grids 31  Memory(MB) 132.496  Ratio 1.47921
  Level 0  Grids 12  Memory(MB) 126.832  Coverage 1  Ratio 1.50072  Flagged 0  Active 2097152
  Level 1  Grids 8  Memory(MB) 5.25075  Coverage 0.00507736  Ratio 1.09545  Flagged 0  Active 85184
  Level 2  Grids 9  Memory(MB) 0.387966  Coverage 3.65376e-05  Ratio 1.89815  Flagged 0  Active 4904
  Level 3  Grids 2  Memory(MB) 0.0248313  Coverage 4.02331e-07  Ratio 1  Flagged 0  Active 432
  Level 4  Grids 0  Memory(MB) 0  Coverage 0  Ratio 0  Flagged 0  Active 0

Cycle 109  Time 9.0699413745622  MaxDepth 3  Grids 32  Memory(MB) 132.496  Ratio 1.44341
  Level 0  Grids 12  Memory(MB) 126.824  Coverage 1  Ratio 1.50072  Flagged 0  Active 2097152
  Level 1  Grids 8  Memory(MB) 5.22866  Coverage 0.00507736  Ratio 1.09545  Flagged 0  Active 85184
  Level 2  Grids 9  Memory(MB) 0.404744  Coverage 3.79086e-05  Ratio 1.78704  Flagged 0  Active 5088
  Level 3  Grids 3  Memory(MB) 0.0384976  Coverage 6.70552e-07  Ratio 1.11111  Flagged 0  Active 720
  Level 4  Grids 0  Memory(MB) 0  Coverage 0  Ratio 0  Flagged 0  Active 0

Cycle 110  Time 9.2739926793584  MaxDepth 3  Grids 33  Memory(MB) 132.496  Ratio 1.46027
  Level 0  Grids 12  Memory(MB) 126.817  Coverage 1  Ratio 1.50072  Flagged 0  Active 2097152
  Level 1  Grids 8  Memory(MB) 5.11646  Coverage 0.00507736  Ratio 1.09545  Flagged 0  Active 85184
  Level 2  Grids 9  Memory(MB) 0.498273  Coverage 5.20945e-05  Ratio 1.82407  Flagged 0  Active 6992
  Level 3  Grids 4  Memory(MB) 0.0635729  Coverage 1.00583e-06  Ratio 1.25  Flagged 0  Active 1080
  Level 4  Grids 0  Memory(MB) 0  Coverage 0  Ratio 0  Flagged 0  Active 0

Cycle 111  Time 9.4826337862058  MaxDepth 3  Grids 34  Memory(MB) 132.496  Ratio 1.4933
  Level 0  Grids 12  Memory(MB) 126.809  Coverage 1  Ratio 1.50072  Flagged 0  Active 2097152
  Level 1  Grids 8  Memory(MB) 5.05246  Coverage 0.00507736  Ratio 1.09545  Flagged 0  Active 85184
  Level 2  Grids 10  Memory(MB) 0.557819  Coverage 5.83529e-05  Ratio 1.875  Flagged 0  Active 7832
  Level 3  Grids 4  Memory(MB) 0.0764461  Coverage 1.40071e-06  Ratio 1.3125  Flagged 0  Active 1504
  Level 4  Grids 0  Memory(MB) 0  Coverage 0  Ratio 0  Flagged 0  Active 0

Cycle 112  Time 9.6959678766021  MaxDepth 3  Grids 38  Memory(MB) 132.496  Ratio 1.45453
  Level 0  Grids 12  Memory(MB) 126.801  Coverage 1  Ratio 1.50072  Flagged 0  Active 2097152
  Level 1  Grids 8  Memory(MB) 4.98694  Coverage 0.00507736  Ratio 1.09545  Flagged 0  Active 85184
  Level 2  Grids 11  Memory(MB) 0.582406  Coverage 6.55651e-05  Ratio 1.76515  Flagged 0  Active 8800
  Level 3  Grids 7  Memory(MB) 0.125743  Coverage 2.09361e-06  Ratio 1.29762  Flagged 0  Active 2248
  Level 4  Grids 0  Memory(MB) 0  Coverage 0  Ratio 0  Flagged 0  Active 0

Cycle 113  Time 9.9141004475717  MaxDepth 4  Grids 43  Memory(MB) 132.496  Ratio 1.40168
  Level 0  Grids 12  Memory(MB) 126.791  Coverage 1  Ratio 1.50072  Flagged 0  Active 2097152
  Level 1  Grids 8  Memory(MB) 4.91568  Coverage 0.00507736  Ratio 1.09545  Flagged 0  Active 85184
  Level 2  Grids 15  Memory(MB) 0.662025  Coverage 7.11679e-05  Ratio 1.58889  Flagged 0  Active 9552
  Level 3  Grids 7  Memory(MB) 0.115981  Coverage 1.83284e-06  Ratio 1.2381  Flagged 0  Active 1968
  Level 4  Grids 1  Memory(MB) 0.0111649  Coverage 2.51457e-08  Ratio 1  Flagged 0  Active 216

Cycle 114  Time 10.137139363349  MaxDepth 4  Grids 45  Memory(MB) 132.496  Ratio 1.53383
  Level 0  Grids 12  Memory(MB) 126.781  Coverage 1  Ratio 1.50072  Flagged 0  Active 2097152
  Level 1  Grids 8  Memory(MB) 4.80317  Coverage 0.00507736  Ratio 1.09545  Flagged 0  Active 85184
  Level 2  Grids 15  Memory(MB) 0.742742  Coverage 8.24928e-05  Ratio 1.68333  Flagged 0  Active 11072
  Level 3  Grids 7  Memory(MB) 0.13404  Coverage 2.74926e-06  Ratio 1.95238  Flagged 0  Active 2952
  Level 4  Grids 3  Memory(MB) 0.0344099  Coverage 8.3819e-08  Ratio 1.11111  Flagged 0  Active 720

Cycle 115  Time 10.365194908193  MaxDepth 4  Grids 47  Memory(MB) 132.496  Ratio 1.50757
  Level 0  Grids 12  Memory(MB) 126.771  Coverage 1  Ratio 1.50072  Flagged 0  Active 2097152
  Level 1  Grids 8  Memory(MB) 4.74973  Coverage 0.00507736  Ratio 1.09545  Flagged 0  Active 85184
  Level 2  Grids 16  Memory(MB) 0.782765  Coverage 8.744e-05  Ratio 1.83854  Flagged 0  Active 11736
  Level 3  Grids 8  Memory(MB) 0.156736  Coverage 2.52575e-06  Ratio 1.45833  Flagged 0  Active 2712
  Level 4  Grids 3  Memory(MB) 0.0353861  Coverage 7.54371e-08  Ratio 1  Flagged 0  Active 648

Cycle 116  Time 10.598379840365  MaxDepth 4  Grids 48  Memory(MB) 132.496  Ratio 1.59595
  Level 0  Grids 12  Memory(MB) 126.762  Coverage 1  Ratio 1.50072  Flagged 0  Active 2097152
  Level 1  Grids 8  Memory(MB) 4.64442  Coverage 0.00507736  Ratio 1.09545  Flagged 0  Active 85184
  Level 2  Grids 15  Memory(MB) 0.860492  Coverage 9.7394e-05  Ratio 1.87778  Flagged 0  Active 13072
  Level 3  Grids 7  Memory(MB) 0.150696  Coverage 3.8445e-06  Ratio 2.09524  Flagged 0  Active 4128
  Level 4  Grids 6  Memory(MB) 0.0783375  Coverage 1.7602e-07  Ratio 1.16667  Flagged 0  Active 1512

Cycle 117  Time 10.816433869723  MaxDepth 4  Grids 47  Memory(MB) 132.496  Ratio 1.63026
  Level 0  Grids 12  Memory(MB) 126.753  Coverage 1  Ratio 1.50072  Flagged 0  Active 2097152
  Level 1  Grids 8  Memory(MB) 4.53277  Coverage 0.00507736  Ratio 1.09545  Flagged 0  Active 85184
  Level 2  Grids 13  Memory(MB) 0.965735  Coverage 0.000111699  Ratio 1.93718  Flagged 0  Active 14992
  Level 3  Grids 8  Memory(MB) 0.153685  Coverage 3.71784e-06  Ratio 2.125  Flagged 0  Active 3992
  Level 4  Grids 6  Memory(MB) 0.0905396  Coverage 2.0396e-07  Ratio 1.27778  Flagged 0  Active 1752

Cycle 118  Time 11.059767758611  MaxDepth 4  Grids 50  Memory(MB) 132.496  Ratio 1.50745
  Level 0  Grids 12  Memory(MB) 126.742  Coverage 1  Ratio 1.50072  Flagged 0  Active 2097152
  Level 1  Grids 8  Memory(MB) 4.48403  Coverage 0.00507736  Ratio 1.09545  Flagged 0  Active 85184
  Level 2  Grids 14  Memory(MB) 1.01692  Coverage 0.000112534  Ratio 1.80476  Flagged 0  Active 15104
  Level 3  Grids 9  Memory(MB) 0.142765  Coverage 2.93553e-06  Ratio 1.55556  Flagged 0  Active 3152
  Level 4  Grids 7  Memory(MB) 0.109575  Coverage 2.17929e-07  Ratio 1.33333  Flagged 0  Active 1872

Cycle 119  Time 11.308574412753  MaxDepth 4  Grids 49  Memory(MB) 132.496  Ratio 1.60726
  Level 0  Grids 12  Memory(MB) 126.729  Coverage 1  Ratio 1.50072  Flagged 0  Active 2097152
  Level 1  Grids 8  Memory(MB) 4.3243  Coverage 0.00507736  Ratio 1.09545  Flagged 0  Active 85184
  Level 2  Grids 14  Memory(MB) 1.12326  Coverage 0.000130951  Ratio 2.07262  Flagged 0  Active 17576
  Level 3  Grids 8  Memory(MB) 0.192671  Coverage 4.90993e-06  Ratio 1.6625  Flagged 0  Active 5272
  Level 4  Grids 7  Memory(MB) 0.126658  Coverage 2.6729e-07  Ratio 1.38095  Flagged 0  Active 2296

Cycle 120  Time 11.562976819304  MaxDepth 4  Grids 53  Memory(MB) 132.496  Ratio 1.62149
  Level 0  Grids 12  Memory(MB) 126.719  Coverage 1  Ratio 1.50072  Flagged 0  Active 2097152
  Level 1  Grids 8  Memory(MB) 4.29794  Coverage 0.00507736  Ratio 1.09545  Flagged 0  Active 85184
  Level 2  Grids 16  Memory(MB) 1.07073  Coverage 0.000124514  Ratio 2.00729  Flagged 0  Active 16712
  Level 3  Grids 10  Memory(MB) 0.274181  Coverage 7.1153e-06  Ratio 1.705  Flagged 0  Active 7640
  Level 4  Grids 7  Memory(MB) 0.13343  Coverage 2.64496e-07  Ratio 1.42857  Flagged 0  Active 2272

Cycle 121  Time 11.823100722374  MaxDepth 4  Grids 52  Memory(MB) 132.496  Ratio 1.56838
  Level 0  Grids 12  Memory(MB) 126.709  Coverage 1  Ratio 1.50072  Flagged 0  Active 2097152
  Level 1  Grids 8  Memory(MB) 4.16024  Coverage 0.00507736  Ratio 1.09545  Flagged 0  Active 85184
  Level 2  Grids 14  Memory(MB) 1.19605  Coverage 0.00015831  Ratio 1.93333  Flagged 0  Active 21248
  Level 3  Grids 11  Memory(MB) 0.299012  Coverage 6.54906e-06  Ratio 1.71667  Flagged 0  Active 7032
  Level 4  Grids 7  Memory(MB) 0.131722  Coverage 2.35625e-07  Ratio 1.2619  Flagged 0  Active 2024

Cycle 122  Time 12.08907468435  MaxDepth 4  Grids 57  Memory(MB) 132.496  Ratio 1.51004
  Level 0  Grids 12  Memory(MB) 126.699  Coverage 1  Ratio 1.50072  Flagged 0  Active 2097152
  Level 1  Grids 8  Memory(MB) 4.12724  Coverage 0.00507736  Ratio 1.09545  Flagged 0  Active 85184
  Level 2  Grids 17  Memory(MB) 1.16634  Coverage 0.000149727  Ratio 1.74314  Flagged 0  Active 20096
  Level 3  Grids 12  Memory(MB) 0.358498  Coverage 7.85291e-06  Ratio 1.58333  Flagged 0  Active 8432
  Level 4  Grids 8  Memory(MB) 0.145022  Coverage 2.51457e-07  Ratio 1.33333  Flagged 0  Active 2160

Cycle 123  Time 12.361030148555  MaxDepth 4  Grids 58  Memory(MB) 132.496  Ratio 1.55059
  Level 0  Grids 12  Memory(MB) 126.689  Coverage 1  Ratio 1.50072  Flagged 0  Active 2097152
  Level 1  Grids 8  Memory(MB) 4.00247  Coverage 0.00507736  Ratio 1.09545  Flagged 0  Active 85184
  Level 2  Grids 16  Memory(MB) 1.24047  Coverage 0.000168502  Ratio 1.85387  Flagged 0  Active 22616
  Level 3  Grids 14  Memory(MB) 0.402059  Coverage 8.59052e-06  Ratio 1.60714  Flagged 0  Active 9224
  Level 4  Grids 8  Memory(MB) 0.161495  Coverage 2.78465e-07  Ratio 1.375  Flagged 0  Active 2392

Cycle 124  Time 12.639101503259  MaxDepth 4  Grids 59  Memory(MB) 132.496  Ratio 1.57415
  Level 0  Grids 12  Memory(MB) 126.678  Coverage 1  Ratio 1.50072  Flagged 0  Active 2097152
  Level 1  Grids 8  Memory(MB) 3.94768  Coverage 0.00507736  Ratio 1.09545  Flagged 0  Active 85184
  Level 2  Grids 18  Memory(MB) 1.32106  Coverage 0.00017184  Ratio 1.87606  Flagged 0  Active 23064
  Level 3  Grids 13  Memory(MB) 0.350322  Coverage 7.26432e-06  Ratio 1.5641  Flagged 0  Active 7800
  Level 4  Grids 8  Memory(MB) 0.198345  Coverage 4.63799e-07  Ratio 1.5  Flagged 0  Active 3984

Cycle 125  Time 12.923426149905  MaxDepth 4  Grids 58  Memory(MB) 132.496  Ratio 1.49702
  Level 0  Grids 12  Memory(MB) 126.667  Coverage 1  Ratio 1.50072  Flagged 0  Active 2097152
  Level 1  Grids 8  Memory(MB) 3.84421  Coverage 0.00507736  Ratio 1.09545  Flagged 0  Active 85184
  Level 2  Grids 17  Memory(MB) 1.38793  Coverage 0.000181437  Ratio 1.74342  Flagged 0  Active 24352
  Level 3  Grids 13  Memory(MB) 0.385464  Coverage 8.17329e-06  Ratio 1.46795  Flagged 0  Active 8776
  Level 4  Grids 8  Memory(MB) 0.211218  Coverage 4.79631e-07  Ratio 1.41667  Flagged 0  Active 4120

Cycle 126  Time 13.214144564963  MaxDepth 4  Grids 61  Memory(MB) 132.496  Ratio 1.56758
  Level 0  Grids 12  Memory(MB) 126.657  Coverage 1  Ratio 1.50072  Flagged 0  Active 2097152
  Level 1  Grids 8  Memory(MB) 3.79168  Coverage 0.00507736  Ratio 1.09545  Flagged 0  Active 85184
  Level 2  Grids 19  Memory(MB) 1.40086  Coverage 0.000176132  Ratio 1.88684  Flagged 0  Active 23640
  Level 3  Grids 15  Memory(MB) 0.403645  Coverage 8.37445e-06  Ratio 1.40556  Flagged 0  Active 8992
  Level 4  Grids 7  Memory(MB) 0.242395  Coverage 5.67175e-07  Ratio 1.70238  Flagged 0  Active 4872

Cycle 127  Time 13.511400370132  MaxDepth 4  Grids 67  Memory(MB) 132.496  Ratio 1.624
  Level 0  Grids 12  Memory(MB) 126.645  Coverage 1  Ratio 1.50072  Flagged 0  Active 2097152
  Level 1  Grids 8  Memory(MB) 3.69785  Coverage 0.00507736  Ratio 1.09545  Flagged 0  Active 85184
  Level 2  Grids 21  Memory(MB) 1.46236  Coverage 0.000185013  Ratio 2.03741  Flagged 0  Active 24832
  Level 3  Grids 18  Memory(MB) 0.407733  Coverage 8.03918e-06  Ratio 1.43981  Flagged 0  Active 8632
  Level 4  Grids 8  Memory(MB) 0.282723  Coverage 6.57514e-07  Ratio 1.66667  Flagged 0  Active 5648

Cycle 128  Time 13.815340402286  MaxDepth 4  Grids 66  Memory(MB) 132.496  Ratio 1.57941
  Level 0  Grids 12  Memory(MB) 126.632  Coverage 1  Ratio 1.50072  Flagged 0  Active 2097152
  Level 1  Grids 8  Memory(MB) 3.60035  Coverage 0.00507736  Ratio 1.09545  Flagged 0  Active 85184
  Level 2  Grids 21  Memory(MB) 1.55796  Coverage 0.000199914  Ratio 2.01043  Flagged 0  Active 26832
  Level 3  Grids 17  Memory(MB) 0.444644  Coverage 6.85453e-06  Ratio 1.43137  Flagged 0  Active 7360
  Level 4  Grids 8  Memory(MB) 0.260332  Coverage 4.96395e-07  Ratio 1.36458  Flagged 0  Active 4264

Cycle 129  Time 14.12611478469  MaxDepth 4  Grids 67  Memory(MB) 132.496  Ratio 1.6138
  Level 0  Grids 12  Memory(MB) 126.619  Coverage 1  Ratio 1.50072  Flagged 0  Active 2097152
  Level 1  Grids 8  Memory(MB) 3.58193  Coverage 0.00507736  Ratio 1.09545  Flagged 0  Active 85184
  Level 2  Grids 20  Memory(MB) 1.50867  Coverage 0.000190914  Ratio 2.12512  Flagged 0  Active 25624
  Level 3  Grids 18  Memory(MB) 0.481312  Coverage 8.50856e-06  Ratio 1.44815  Flagged 0  Active 9136
  Level 4  Grids 9  Memory(MB) 0.304564  Coverage 5.48549e-07  Ratio 1.42037  Flagged 0  Active 4712

Cycle 130  Time 14.443876999749  MaxDepth 4  Grids 65  Memory(MB) 132.496  Ratio 1.4943
  Level 0  Grids 12  Memory(MB) 126.606  Coverage 1  Ratio 1.50072  Flagged 0  Active 2097152
  Level 1  Grids 8  Memory(MB) 3.46802  Coverage 0.00507736  Ratio 1.09545  Flagged 0  Active 85184
  Level 2  Grids 15  Memory(MB) 1.57981  Coverage 0.000217915  Ratio 1.9327  Flagged 0  Active 29248
  Level 3  Grids 20  Memory(MB) 0.497846  Coverage 8.70228e-06  Ratio 1.36  Flagged 0  Active 9344
  Level 4  Grids 10  Memory(MB) 0.344038  Coverage 6.00703e-07  Ratio 1.41667  Flagged 0  Active 5160

Cycle 131  Time 14.768783963296  MaxDepth 4  Grids 65  Memory(MB) 132.496  Ratio 1.57005
  Level 0  Grids 12  Memory(MB) 126.593  Coverage 1  Ratio 1.50072  Flagged 0  Active 2097152
  Level 1  Grids 8  Memory(MB) 3.39615  Coverage 0.00507736  Ratio 1.09545  Flagged 0  Active 85184
  Level 2  Grids 15  Memory(MB) 1.54192  Coverage 0.000219882  Ratio 2.04873  Flagged 0  Active 29512
  Level 3  Grids 19  Memory(MB) 0.581491  Coverage 1.12355e-05  Ratio 1.52018  Flagged 0  Active 12064
  Level 4  Grids 11  Memory(MB) 0.383024  Coverage 7.23638e-07  Ratio 1.42424  Flagged 0  Active 6216

Cycle 132  Time 15.100996100475  MaxDepth 4  Grids 71  Memory(MB) 132.496  Ratio 1.56795
  Level 0  Grids 12  Memory(MB) 126.578  Coverage 1  Ratio 1.50072  Flagged 0  Active 2097152
  Level 1  Grids 8  Memory(MB) 3.3036  Coverage 0.00507736  Ratio 1.09545  Flagged 0  Active 85184
  Level 2  Grids 16  Memory(MB) 1.53374  Coverage 0.000230908  Ratio 1.93244  Flagged 0  Active 30992
  Level 3  Grids 23  Memory(MB) 0.68466  Coverage 1.39847e-05  Ratio 1.62319  Flagged 0  Active 15016
  Level 4  Grids 12  Memory(MB) 0.395287  Coverage 5.46686e-07  Ratio 1.35833  Flagged 0  Active 4696

Cycle 133  Time 15.440677423232  MaxDepth 4  Grids 73  Memory(MB) 132.496  Ratio 1.4552
  Level 0  Grids 12  Memory(MB) 126.564  Coverage 1  Ratio 1.50072  Flagged 0  Active 2097152
  Level 1  Grids 8  Memory(MB) 3.27211  Coverage 0.00507736  Ratio 1.09545  Flagged 0  Active 85184
  Level 2  Grids 20  Memory(MB) 1.54039  Coverage 0.000230968  Ratio 1.66119  Flagged 0  Active 31000
  Level 3  Grids 21  Memory(MB) 0.66538  Coverage 1.36271e-05  Ratio 1.47302  Flagged 0  Active 14632
  Level 4  Grids 12  Memory(MB) 0.453674  Coverage 6.87316e-07  Ratio 1.275  Flagged 0  Active 5904

Cycle 134  Time 15.787995609447  MaxDepth 4  Grids 69  Memory(MB) 132.496  Ratio 1.53666
  Level 0  Grids 12  Memory(MB) 126.551  Coverage 1  Ratio 1.50072  Flagged 0  Active 2097152
  Level 1  Grids 8  Memory(MB) 3.16413  Coverage 0.00507736  Ratio 1.09545  Flagged 0  Active 85184
  Level 2  Grids 12  Memory(MB) 1.55882  Coverage 0.000271142  Ratio 1.7881  Flagged 0  Active 36392
  Level 3  Grids 24  Memory(MB) 0.71907  Coverage 1.44318e-05  Ratio 1.73472  Flagged 0  Active 15496
  Level 4  Grids 13  Memory(MB) 0.502665  Coverage 7.96281e-07  Ratio 1.24359  Flagged 0  Active 6840

Cycle 135  Time 16.143122083744  MaxDepth 4  Grids 66  Memory(MB) 132.496  Ratio 1.57867
  Level 0  Grids 12  Memory(MB) 126.539  Coverage 1  Ratio 1.50072  Flagged 0  Active 2097152
  Level 1  Grids 8  Memory(MB) 3.14442  Coverage 0.00507736  Ratio 1.09545  Flagged 0  Active 85184
  Level 2  Grids 15  Memory(MB) 1.54424  Coverage 0.00025171  Ratio 1.8791  Flagged 0  Active 33784
  Level 3  Grids 18  Memory(MB) 0.796553  Coverage 1.54004e-05  Ratio 1.8463  Flagged 0  Active 16536
  Level 4  Grids 13  Memory(MB) 0.471855  Coverage 6.82659e-07  Ratio 1.23077  Flagged 0  Active 5864

Cycle 136  Time 16.506232099993  MaxDepth 4  Grids 78  Memory(MB) 132.496  Ratio 1.53954
  Level 0  Grids 12  Memory(MB) 126.526  Coverage 1  Ratio 1.50072  Flagged 0  Active 2097152
  Level 1  Grids 8  Memory(MB) 3.12008  Coverage 0.00507736  Ratio 1.09545  Flagged 0  Active 85184
  Level 2  Grids 20  Memory(MB) 1.47627  Coverage 0.000234485  Ratio 1.75048  Flagged 0  Active 31472
  Level 3  Grids 21  Memory(MB) 0.839687  Coverage 1.68607e-05  Ratio 1.79048  Flagged 0  Active 18104
  Level 4  Grids 17  Memory(MB) 0.533659  Coverage 9.21078e-07  Ratio 1.21779  Flagged 0  Active 7912

Cycle 137  Time 16.877504825557  MaxDepth 4  Grids 72  Memory(MB) 132.496  Ratio 1.61929
  Level 0  Grids 12  Memory(MB) 126.512  Coverage 1  Ratio 1.50072  Flagged 0  Active 2097152
  Level 1  Grids 8  Memory(MB) 3.00776  Coverage 0.00507736  Ratio 1.09545  Flagged 0  Active 85184
  Level 2  Grids 19  Memory(MB) 1.55809  Coverage 0.000248551  Ratio 2.05175  Flagged 0  Active 33360
  Level 3  Grids 17  Memory(MB) 0.918452  Coverage 1.71885e-05  Ratio 1.63725  Flagged 0  Active 18456
  Level 4  Grids 16  Memory(MB) 0.499066  Coverage 8.27014e-07  Ratio 1.4375  Flagged 0  Active 7104

Cycle 138  Time 17.257123428379  MaxDepth 4  Grids 72  Memory(MB) 132.496  Ratio 1.51962
  Level 0  Grids 12  Memory(MB) 126.498  Coverage 1  Ratio 1.50072  Flagged 0  Active 2097152
  Level 1  Grids 8  Memory(MB) 2.96743  Coverage 0.00507736  Ratio 1.09545  Flagged 0  Active 85184
  Level 2  Grids 14  Memory(MB) 1.57877  Coverage 0.000249326  Ratio 1.8767  Flagged 0  Active 33464
  Level 3  Grids 20  Memory(MB) 0.898318  Coverage 1.56909e-05  Ratio 1.565  Flagged 0  Active 16848
  Level 4  Grids 18  Memory(MB) 0.55367  Coverage 1.04122e-06  Ratio 1.39259  Flagged 0  Active 8944

Cycle 139  Time 17.645275169433  MaxDepth 4  Grids 76  Memory(MB) 132.496  Ratio 1.51502
  Level 0  Grids 12  Memory(MB) 126.482  Coverage 1  Ratio 1.50072  Flagged 0  Active 2097152
  Level 1  Grids 8  Memory(MB) 2.91722  Coverage 0.00507736  Ratio 1.09545  Flagged 0  Active 85184
  Level 2  Grids 16  Memory(MB) 1.55748  Coverage 0.00024122  Ratio 1.76265  Flagged 0  Active 32376
  Level 3  Grids 20  Memory(MB) 0.993007  Coverage 1.70693e-05  Ratio 1.695  Flagged 0  Active 18328
  Level 4  Grids 20  Memory(MB) 0.546227  Coverage 1.03656e-06  Ratio 1.31333  Flagged 0  Active 8904

Cycle 140  Time 18.04215148099  MaxDepth 4  Grids 67  Memory(MB) 132.496  Ratio 1.54081
  Level 0  Grids 12  Memory(MB) 126.467  Coverage 1  Ratio 1.50072  Flagged 0  Active 2097152
  Level 1  Grids 8  Memory(MB) 2.74401  Coverage 0.00507736  Ratio 1.09545  Flagged 0  Active 85184
  Level 2  Grids 12  Memory(MB) 1.71787  Coverage 0.000289261  Ratio 2.18016  Flagged 0  Active 38824
  Level 3  Grids 17  Memory(MB) 0.98538  Coverage 1.70395e-05  Ratio 1.63922  Flagged 0  Active 18296
  Level 4  Grids 18  Memory(MB) 0.581979  Coverage 1.13342e-06  Ratio 1.2463  Flagged 0  Active 9736

Cycle 141  Time 18.447948063844  MaxDepth 4  Grids 76  Memory(MB) 132.496  Ratio 1.53541
  Level 0  Grids 12  Memory(MB) 126.449  Coverage 1  Ratio 1.50072  Flagged 0  Active 2097152
  Level 1  Grids 8  Memory(MB) 2.70765  Coverage 0.00507736  Ratio 1.09545  Flagged 0  Active 85184
  Level 2  Grids 17  Memory(MB) 1.72489  Coverage 0.000277102  Ratio 1.857  Flagged 0  Active 37192
  Level 3  Grids 21  Memory(MB) 1.00771  Coverage 1.53631e-05  Ratio 1.55317  Flagged 0  Active 16496
  Level 4  Grids 18  Memory(MB) 0.606261  Coverage 1.15763e-06  Ratio 1.42963  Flagged 0  Active 9944

Cycle 142  Time 18.862864980683  MaxDepth 4  Grids 73  Memory(MB) 132.496  Ratio 1.59864
  Level 0  Grids 12  Memory(MB) 126.431  Coverage 1  Ratio 1.50072  Flagged 0  Active 2097152
  Level 1  Grids 8  Memory(MB) 2.66323  Coverage 0.00507736  Ratio 1.09545  Flagged 0  Active 85184
  Level 2  Grids 14  Memory(MB) 1.60787  Coverage 0.000280738  Ratio 2.03656  Flagged 0  Active 37680
  Level 3  Grids 19  Memory(MB) 1.2074  Coverage 1.96248e-05  Ratio 1.74825  Flagged 0  Active 21072
  Level 4  Grids 20  Memory(MB) 0.586189  Coverage 1.00303e-06  Ratio 1.41  Flagged 0  Active 8616

Cycle 143  Time 19.287106751382  MaxDepth 4  Grids 74  Memory(MB) 132.496  Ratio 1.61986
  Level 0  Grids 12  Memory(MB) 126.41  Coverage 1  Ratio 1.50072  Flagged 0  Active 2097152
  Level 1  Grids 8  Memory(MB) 2.59105  Coverage 0.00507736  Ratio 1.09545  Flagged 0  Active 85184
  Level 2  Grids 17  Memory(MB) 1.62422  Coverage 0.000292659  Ratio 1.85672  Flagged 0  Active 39280
  Level 3  Grids 22  Memory(MB) 1.2822  Coverage 2.19941e-05  Ratio 1.74091  Flagged 0  Active 23616
  Level 4  Grids 15  Memory(MB) 0.588263  Coverage 1.10641e-06  Ratio 1.54889  Flagged 0  Active 9504

Cycle 144  Time 19.720882450243  MaxDepth 4  Grids 77  Memory(MB) 132.496  Ratio 1.64058
  Level 0  Grids 12  Memory(MB) 126.391  Coverage 1  Ratio 1.50072  Flagged 0  Active 2097152
  Level 1  Grids 8  Memory(MB) 2.578  Coverage 0.00507736  Ratio 1.09545  Flagged 0  Active 85184
  Level 2  Grids 18  Memory(MB) 1.62001  Coverage 0.000286341  Ratio 1.82235  Flagged 0  Active 38432
  Level 3  Grids 20  Memory(MB) 1.26426  Coverage 2.08393e-05  Ratio 1.9275  Flagged 0  Active 22376
  Level 4  Grids 19  Memory(MB) 0.64244  Coverage 1.03842e-06  Ratio 1.48421  Flagged 0  Active 8920

Cycle 145  Time 20.164405805212  MaxDepth 4  Grids 77  Memory(MB) 132.496  Ratio 1.5279
  Level 0  Grids 12  Memory(MB) 126.371  Coverage 1  Ratio 1.50072  Flagged 0  Active 2097152
  Level 1  Grids 8  Memory(MB) 2.51302  Coverage 0.00507736  Ratio 1.09545  Flagged 0  Active 85184
  Level 2  Grids 20  Memory(MB) 1.62324  Coverage 0.000283718  Ratio 1.76988  Flagged 0  Active 38080
  Level 3  Grids 21  Memory(MB) 1.2919  Coverage 2.20388e-05  Ratio 1.45215  Flagged 0  Active 23664
  Level 4  Grids 16  Memory(MB) 0.696435  Coverage 1.14925e-06  Ratio 1.56146  Flagged 0  Active 9872

Cycle 146  Time 20.617895299103  MaxDepth 4  Grids 76  Memory(MB) 132.496  Ratio 1.56141
  Level 0  Grids 12  Memory(MB) 126.352  Coverage 1  Ratio 1.50072  Flagged 0  Active 2097152
  Level 1  Grids 8  Memory(MB) 2.50021  Coverage 0.00507736  Ratio 1.09545  Flagged 0  Active 85184
  Level 2  Grids 19  Memory(MB) 1.57669  Coverage 0.000263512  Ratio 1.94912  Flagged 0  Active 35368
  Level 3  Grids 20  Memory(MB) 1.33467  Coverage 2.34097e-05  Ratio 1.5231  Flagged 0  Active 25136
  Level 4  Grids 17  Memory(MB) 0.732187  Coverage 1.14646e-06  Ratio 1.43529  Flagged 0  Active 9848

Cycle 147  Time 20.816431918178  MaxDepth 4  Grids 75  Memory(MB) 132.496  Ratio 1.57623
  Level 0  Grids 12  Memory(MB) 126.342  Coverage 1  Ratio 1.50072  Flagged 0  Active 2097152
  Level 1  Grids 8  Memory(MB) 2.42608  Coverage 0.00507736  Ratio 1.09545  Flagged 0  Active 85184
  Level 2  Grids 18  Memory(MB) 1.60519  Coverage 0.000308096  Ratio 1.91481  Flagged 0  Active 41352
  Level 3  Grids 19  Memory(MB) 1.29184  Coverage 2.5034e-05  Ratio 1.62694  Flagged 0  Active 26880
  Level 4  Grids 18  Memory(MB) 0.83017  Coverage 1.51899e-06  Ratio 1.44815  Flagged 0  Active 13048

Cycle 148  Time 21.284571617511  MaxDepth 4  Grids 78  Memory(MB) 132.496  Ratio 1.57605
  Level 0  Grids 12  Memory(MB) 126.322  Coverage 1  Ratio 1.50072  Flagged 0  Active 2097152
  Level 1  Grids 8  Memory(MB) 2.49643  Coverage 0.00507736  Ratio 1.09545  Flagged 0  Active 85184
  Level 2  Grids 22  Memory(MB) 1.45858  Coverage 0.000301898  Ratio 1.78258  Flagged 0  Active 40520
  Level 3  Grids 18  Memory(MB) 1.40477  Coverage 2.66731e-05  Ratio 1.60979  Flagged 0  Active 28640
  Level 4  Grids 18  Memory(MB) 0.813819  Coverage 1.34204e-06  Ratio 1.5537  Flagged 0  Active 11528

Cycle 149  Time 21.76322904195  MaxDepth 4  Grids 84  Memory(MB) 132.496  Ratio 1.65306
  Level 0  Grids 12  Memory(MB) 126.302  Coverage 1  Ratio 1.50072  Flagged 0  Active 2097152
  Level 1  Grids 8  Memory(MB) 2.40808  Coverage 0.00507736  Ratio 1.09545  Flagged 0  Active 85184
  Level 2  Grids 26  Memory(MB) 1.61989  Coverage 0.00031352  Ratio 1.79693  Flagged 0  Active 42080
  Level 3  Grids 20  Memory(MB) 1.24901  Coverage 2.26349e-05  Ratio 1.71821  Flagged 0  Active 24304
  Level 4  Grids 18  Memory(MB) 0.916316  Coverage 1.61678e-06  Ratio 1.72222  Flagged 0  Active 13888

Cycle 150  Time 22.252639786721  MaxDepth 4  Grids 85  Memory(MB) 132.496  Ratio 1.7197
  Level 0  Grids 12  Memory(MB) 126.282  Coverage 1  Ratio 1.50072  Flagged 0  Active 2097152
  Level 1  Grids 8  Memory(MB) 2.40204  Coverage 0.00507736  Ratio 1.09545  Flagged 0  Active 85184
  Level 2  Grids 27  Memory(MB) 1.46608  Coverage 0.000295997  Ratio 2.23642  Flagged 0  Active 39728
  Level 3  Grids 19  Memory(MB) 1.46151  Coverage 2.71648e-05  Ratio 1.65802  Flagged 0  Active 29168
  Level 4  Grids 19  Memory(MB) 0.883615  Coverage 1.46683e-06  Ratio 1.44825  Flagged 0  Active 12600

